[2025-04-14 16:25:40] [INFO] [SYSTEM] ログシステムが正常に初期化されました
[2025-04-14 16:25:40] [INFO] [SYSTEM] ログシステムを初期化します
[2025-04-14 16:25:40] [INFO] [SYSTEM] シャットダウンフックを登録しました
[2025-04-14 16:25:40] [INFO] [SYSTEM] リソースマネージャーが正常に初期化されました
[2025-04-14 16:25:40] [INFO] [SYSTEM] リソースマネージャーを初期化しました
[2025-04-14 16:25:40] [INFO] [SYSTEM] メインフレームを初期化しました
[2025-04-14 16:25:40] [INFO] [SYSTEM] エンジニア一覧パネルを初期化しました
[2025-04-14 16:25:40] [INFO] [SYSTEM] 画面遷移コントローラーを初期化しました
[2025-04-14 16:25:40] [INFO] [SYSTEM] メインコントローラーを初期化しました
[2025-04-14 16:25:40] [INFO] [SYSTEM] エンジニアコントローラーを初期化しました
[2025-04-14 16:25:40] [INFO] [SYSTEM] アプリケーションを初期化しました
[2025-04-14 16:25:40] [INFO] [SYSTEM] スレッド 'AsyncTask-LoadData' を管理対象に登録しました
[2025-04-14 16:25:40] [INFO] [SYSTEM] イベントを処理しました: LOAD_DATA
[2025-04-14 16:25:40] [INFO] [SYSTEM] 非同期タスクを開始: LoadData
[2025-04-14 16:25:40] [INFO] [SYSTEM] エンジニアデータの読み込みを開始します
[2025-04-14 16:25:40] [INFO] [SYSTEM] アクセススレッドを開始しました
[2025-04-14 16:25:40] [INFO] [SYSTEM] CSVファイル読み込み開始: src\data\engineers.csv
[2025-04-14 16:25:40] [INFO] [SYSTEM] CSVファイル読み込み完了: src\data\engineers.csv, 5行
[2025-04-14 16:25:40] [INFO] [SYSTEM] Loaded 5 engineers.
[2025-04-14 16:25:40] [INFO] [SYSTEM] 非同期タスクが完了: LoadData
[2025-04-14 16:25:40] [INFO] [SYSTEM] アプリケーションの初期化が完了しました
[2025-04-14 16:25:40] [INFO] [SYSTEM] パネルを切り替えました: ListPanel
[2025-04-14 16:25:40] [INFO] [SYSTEM] 画面を切り替えました: LIST
[2025-04-14 16:25:40] [INFO] [SYSTEM] エンジニアデータを更新しました: 5件
[2025-04-14 16:25:40] [INFO] [SYSTEM] ビューを更新しました
[2025-04-14 16:25:40] [INFO] [SYSTEM] ビューを更新しました
[2025-04-14 16:25:57] [INFO] [UI] 新規追加ボタンが押されました
[2025-04-14 16:25:57] [INFO] [SYSTEM] イベントを処理しました: CHANGE_PANEL
[2025-04-14 16:26:13] [INFO] [SYSTEM] アプリケーション終了処理を開始します
[2025-04-14 16:26:13] [INFO] [SYSTEM] ExecutorServiceを終了しています
[2025-04-14 16:26:13] [INFO] [SYSTEM] 登録済みスレッドを終了しています
[2025-04-14 16:26:13] [INFO] [SYSTEM] アプリケーション終了処理が完了しました
[2025-04-14 16:26:13] [INFO] [SYSTEM] シャットダウンします
[2025-04-14 16:26:13] [INFO] [SYSTEM] 全リソースの解放処理を完了しました
[2025-04-14 16:26:38] [INFO] [SYSTEM] ログシステムが正常に初期化されました
[2025-04-14 16:26:38] [INFO] [SYSTEM] ログシステムを初期化します
[2025-04-14 16:26:38] [INFO] [SYSTEM] シャットダウンフックを登録しました
[2025-04-14 16:26:38] [INFO] [SYSTEM] リソースマネージャーが正常に初期化されました
[2025-04-14 16:26:38] [INFO] [SYSTEM] リソースマネージャーを初期化しました
[2025-04-14 16:26:38] [INFO] [SYSTEM] メインフレームを初期化しました
[2025-04-14 16:26:38] [INFO] [SYSTEM] エンジニア一覧パネルを初期化しました
[2025-04-14 16:26:38] [INFO] [SYSTEM] 画面遷移コントローラーを初期化しました
[2025-04-14 16:26:38] [INFO] [SYSTEM] メインコントローラーを初期化しました
[2025-04-14 16:26:38] [INFO] [SYSTEM] エンジニアコントローラーを初期化しました
[2025-04-14 16:26:38] [INFO] [SYSTEM] アプリケーションを初期化しました
[2025-04-14 16:26:38] [INFO] [SYSTEM] スレッド 'AsyncTask-LoadData' を管理対象に登録しました
[2025-04-14 16:26:38] [INFO] [SYSTEM] イベントを処理しました: LOAD_DATA
[2025-04-14 16:26:38] [INFO] [SYSTEM] 非同期タスクを開始: LoadData
[2025-04-14 16:26:38] [INFO] [SYSTEM] エンジニアデータの読み込みを開始します
[2025-04-14 16:26:38] [INFO] [SYSTEM] アクセススレッドを開始しました
[2025-04-14 16:26:38] [INFO] [SYSTEM] CSVファイル読み込み開始: src\data\engineers.csv
[2025-04-14 16:26:38] [INFO] [SYSTEM] CSVファイル読み込み完了: src\data\engineers.csv, 5行
[2025-04-14 16:26:38] [INFO] [SYSTEM] Loaded 5 engineers.
[2025-04-14 16:26:38] [INFO] [SYSTEM] 非同期タスクが完了: LoadData
[2025-04-14 16:26:38] [INFO] [SYSTEM] アプリケーションの初期化が完了しました
[2025-04-14 16:26:38] [INFO] [SYSTEM] パネルを切り替えました: ListPanel
[2025-04-14 16:26:38] [INFO] [SYSTEM] 画面を切り替えました: LIST
[2025-04-14 16:26:38] [INFO] [SYSTEM] エンジニアデータを更新しました: 5件
[2025-04-14 16:26:38] [INFO] [SYSTEM] ビューを更新しました
[2025-04-14 16:26:38] [INFO] [SYSTEM] ビューを更新しました
[2025-04-14 16:26:39] [INFO] [UI] 新規追加ボタンが押されました
[2025-04-14 16:26:39] [INFO] [SYSTEM] イベントを処理しました: CHANGE_PANEL
[2025-04-14 16:26:39] [INFO] [SYSTEM] AbstractEngineerPanelを初期化しました
[2025-04-14 16:26:39] [INFO] [UI] AddPanelを作成しました
[2025-04-14 16:26:39] [INFO] [UI] AddPanelを初期化しました
[2025-04-14 16:26:39] [INFO] [UI] AddPanelの初期化が完了しました
[2025-04-14 16:26:39] [INFO] [SYSTEM] パネルを切り替えました: AddPanel
[2025-04-14 16:26:39] [INFO] [SYSTEM] 画面を切り替えました: ADD
[2025-04-14 16:26:43] [INFO] [SYSTEM] アプリケーション終了処理を開始します
[2025-04-14 16:26:43] [INFO] [SYSTEM] ExecutorServiceを終了しています
[2025-04-14 16:26:43] [INFO] [SYSTEM] 登録済みスレッドを終了しています
[2025-04-14 16:26:43] [INFO] [SYSTEM] アプリケーション終了処理が完了しました
[2025-04-14 16:26:43] [INFO] [SYSTEM] シャットダウンします
[2025-04-14 16:26:47] [INFO] [SYSTEM] ログシステムが正常に初期化されました
[2025-04-14 16:26:47] [INFO] [SYSTEM] ログシステムを初期化します
[2025-04-14 16:26:47] [INFO] [SYSTEM] シャットダウンフックを登録しました
[2025-04-14 16:26:47] [INFO] [SYSTEM] リソースマネージャーが正常に初期化されました
[2025-04-14 16:26:47] [INFO] [SYSTEM] リソースマネージャーを初期化しました
[2025-04-14 16:26:47] [INFO] [SYSTEM] メインフレームを初期化しました
[2025-04-14 16:26:47] [INFO] [SYSTEM] エンジニア一覧パネルを初期化しました
[2025-04-14 16:26:47] [INFO] [SYSTEM] 画面遷移コントローラーを初期化しました
[2025-04-14 16:26:47] [INFO] [SYSTEM] メインコントローラーを初期化しました
[2025-04-14 16:26:47] [INFO] [SYSTEM] エンジニアコントローラーを初期化しました
[2025-04-14 16:26:47] [INFO] [SYSTEM] アプリケーションを初期化しました
[2025-04-14 16:26:47] [INFO] [SYSTEM] スレッド 'AsyncTask-LoadData' を管理対象に登録しました
[2025-04-14 16:26:47] [INFO] [SYSTEM] イベントを処理しました: LOAD_DATA
[2025-04-14 16:26:47] [INFO] [SYSTEM] 非同期タスクを開始: LoadData
[2025-04-14 16:26:47] [INFO] [SYSTEM] エンジニアデータの読み込みを開始します
[2025-04-14 16:26:47] [INFO] [SYSTEM] アクセススレッドを開始しました
[2025-04-14 16:26:47] [INFO] [SYSTEM] CSVファイル読み込み開始: src\data\engineers.csv
[2025-04-14 16:26:47] [INFO] [SYSTEM] CSVファイル読み込み完了: src\data\engineers.csv, 5行
[2025-04-14 16:26:47] [INFO] [SYSTEM] Loaded 5 engineers.
[2025-04-14 16:26:47] [INFO] [SYSTEM] 非同期タスクが完了: LoadData
[2025-04-14 16:26:47] [INFO] [SYSTEM] アプリケーションの初期化が完了しました
[2025-04-14 16:26:47] [INFO] [SYSTEM] パネルを切り替えました: ListPanel
[2025-04-14 16:26:47] [INFO] [SYSTEM] 画面を切り替えました: LIST
[2025-04-14 16:26:47] [INFO] [SYSTEM] エンジニアデータを更新しました: 5件
[2025-04-14 16:26:47] [INFO] [SYSTEM] ビューを更新しました
[2025-04-14 16:26:47] [INFO] [SYSTEM] ビューを更新しました
[2025-04-14 16:26:48] [INFO] [UI] 新規追加ボタンが押されました
[2025-04-14 16:26:48] [INFO] [SYSTEM] イベントを処理しました: CHANGE_PANEL
[2025-04-14 16:26:48] [INFO] [SYSTEM] AbstractEngineerPanelを初期化しました
[2025-04-14 16:26:48] [INFO] [UI] AddPanelを作成しました
[2025-04-14 16:26:48] [INFO] [UI] AddPanelを初期化しました
[2025-04-14 16:26:48] [INFO] [UI] AddPanelの初期化が完了しました
[2025-04-14 16:26:48] [INFO] [SYSTEM] パネルを切り替えました: AddPanel
[2025-04-14 16:26:48] [INFO] [SYSTEM] 画面を切り替えました: ADD
[2025-04-14 16:26:50] [WARNING] [UI] フィールドエラーを表示: nameField - *は必須項目になります。または20文字以内で入力してください
[2025-04-14 16:26:50] [WARNING] [UI] フィールドエラーを表示: idField - *は必須項目になります。すでに登録されているIDまたはID番号5桁の数字を入力してください
[2025-04-14 16:26:50] [WARNING] [UI] フィールドエラーを表示: nameKanaField - *は必須項目になります。またはフリガナを20文字以内で入力してください
[2025-04-14 16:26:50] [WARNING] [UI] フィールドエラーを表示: birthDate - *は必須項目になります。項目を選択してください
[2025-04-14 16:26:50] [WARNING] [UI] フィールドエラーを表示: joinDate - *は必須項目になります。項目を選択してください
[2025-04-14 16:26:50] [WARNING] [UI] フィールドエラーを表示: careerComboBox - *は必須項目になります。項目を選択してください
[2025-04-14 16:26:50] [WARNING] [UI] フィールドエラーを表示: languages - *は必須項目になります。1つ以上項目を選択してください
[2025-04-14 16:27:23] [INFO] [SYSTEM] アプリケーション終了処理を開始します
[2025-04-14 16:27:23] [INFO] [SYSTEM] ExecutorServiceを終了しています
[2025-04-14 16:27:23] [INFO] [SYSTEM] 登録済みスレッドを終了しています
[2025-04-14 16:27:23] [INFO] [SYSTEM] アプリケーション終了処理が完了しました
[2025-04-14 16:27:23] [INFO] [SYSTEM] シャットダウンします
[2025-04-14 16:55:18] [INFO] [SYSTEM] ログシステムが正常に初期化されました
[2025-04-14 16:55:18] [INFO] [SYSTEM] ログシステムを初期化します
[2025-04-14 16:55:18] [INFO] [SYSTEM] シャットダウンフックを登録しました
[2025-04-14 16:55:18] [INFO] [SYSTEM] リソースマネージャーが正常に初期化されました
[2025-04-14 16:55:18] [INFO] [SYSTEM] リソースマネージャーを初期化しました
[2025-04-14 16:55:19] [INFO] [SYSTEM] メインフレームを初期化しました
[2025-04-14 16:55:19] [INFO] [SYSTEM] エンジニア一覧パネルを初期化しました
[2025-04-14 16:55:19] [INFO] [SYSTEM] 画面遷移コントローラーを初期化しました
[2025-04-14 16:55:19] [INFO] [SYSTEM] メインコントローラーを初期化しました
[2025-04-14 16:55:19] [INFO] [SYSTEM] エンジニアコントローラーを初期化しました
[2025-04-14 16:55:19] [INFO] [SYSTEM] アプリケーションを初期化しました
[2025-04-14 16:55:19] [INFO] [SYSTEM] スレッド 'AsyncTask-LoadData' を管理対象に登録しました
[2025-04-14 16:55:19] [INFO] [SYSTEM] イベントを処理しました: LOAD_DATA
[2025-04-14 16:55:19] [INFO] [SYSTEM] 非同期タスクを開始: LoadData
[2025-04-14 16:55:19] [INFO] [SYSTEM] エンジニアデータの読み込みを開始します
[2025-04-14 16:55:19] [INFO] [SYSTEM] アクセススレッドを開始しました
[2025-04-14 16:55:19] [INFO] [SYSTEM] CSVファイル読み込み開始: src\data\engineers.csv
[2025-04-14 16:55:19] [INFO] [SYSTEM] CSVファイル読み込み完了: src\data\engineers.csv, 5行
[2025-04-14 16:55:19] [INFO] [SYSTEM] Loaded 5 engineers.
[2025-04-14 16:55:19] [INFO] [SYSTEM] 非同期タスクが完了: LoadData
[2025-04-14 16:55:19] [INFO] [SYSTEM] アプリケーションの初期化が完了しました
[2025-04-14 16:55:19] [INFO] [SYSTEM] パネルを切り替えました: ListPanel
[2025-04-14 16:55:19] [INFO] [SYSTEM] 画面を切り替えました: LIST
[2025-04-14 16:55:19] [INFO] [SYSTEM] エンジニアデータを更新しました: 5件
[2025-04-14 16:55:19] [INFO] [SYSTEM] ビューを更新しました
[2025-04-14 16:55:19] [INFO] [SYSTEM] ビューを更新しました
[2025-04-14 16:55:20] [INFO] [UI] 新規追加ボタンが押されました
[2025-04-14 16:55:20] [INFO] [SYSTEM] イベントを処理しました: CHANGE_PANEL
[2025-04-14 16:55:20] [INFO] [SYSTEM] AbstractEngineerPanelを初期化しました
[2025-04-14 16:55:20] [INFO] [UI] AddPanelを作成しました
[2025-04-14 16:55:20] [INFO] [UI] AddPanelを初期化しました
[2025-04-14 16:55:20] [INFO] [UI] AddPanelの初期化が完了しました
[2025-04-14 16:55:20] [INFO] [SYSTEM] パネルを切り替えました: AddPanel
[2025-04-14 16:55:20] [INFO] [SYSTEM] 画面を切り替えました: ADD
[2025-04-14 16:55:26] [WARNING] [UI] フィールドエラーを表示: nameField - *は必須項目になります。または20文字以内で入力してください
[2025-04-14 16:55:26] [WARNING] [UI] フィールドエラーを表示: idField - *は必須項目になります。すでに登録されているIDまたはID番号5桁の数字を入力してください
[2025-04-14 16:55:26] [WARNING] [UI] フィールドエラーを表示: nameKanaField - *は必須項目になります。またはフリガナを20文字以内で入力してください
[2025-04-14 16:55:26] [WARNING] [UI] フィールドエラーを表示: birthDate - *は必須項目になります。項目を選択してください
[2025-04-14 16:55:26] [WARNING] [UI] フィールドエラーを表示: joinDate - *は必須項目になります。項目を選択してください
[2025-04-14 16:55:26] [WARNING] [UI] フィールドエラーを表示: careerComboBox - *は必須項目になります。項目を選択してください
[2025-04-14 16:55:26] [WARNING] [UI] フィールドエラーを表示: languages - *は必須項目になります。1つ以上項目を選択してください
[2025-04-14 16:55:30] [INFO] [SYSTEM] イベントを処理しました: CHANGE_PANEL
[2025-04-14 16:55:30] [INFO] [UI] 一覧画面に戻ります
[2025-04-14 16:55:31] [INFO] [SYSTEM] パネルを切り替えました: ListPanel
[2025-04-14 16:55:31] [INFO] [SYSTEM] 画面を切り替えました: LIST
[2025-04-14 16:55:32] [INFO] [UI] 新規追加ボタンが押されました
[2025-04-14 16:55:32] [INFO] [SYSTEM] イベントを処理しました: CHANGE_PANEL
[2025-04-14 16:55:32] [INFO] [SYSTEM] パネルを切り替えました: AddPanel
[2025-04-14 16:55:32] [INFO] [SYSTEM] 画面を切り替えました: ADD
[2025-04-14 16:55:36] [WARNING] [UI] フィールドエラーを表示: nameField - *は必須項目になります。または20文字以内で入力してください
[2025-04-14 16:55:36] [WARNING] [UI] フィールドエラーを表示: idField - *は必須項目になります。すでに登録されているIDまたはID番号5桁の数字を入力してください
[2025-04-14 16:55:36] [WARNING] [UI] フィールドエラーを表示: nameKanaField - *は必須項目になります。またはフリガナを20文字以内で入力してください
[2025-04-14 16:55:36] [WARNING] [UI] フィールドエラーを表示: birthDate - *は必須項目になります。項目を選択してください
[2025-04-14 16:55:36] [WARNING] [UI] フィールドエラーを表示: joinDate - *は必須項目になります。項目を選択してください
[2025-04-14 16:55:36] [WARNING] [UI] フィールドエラーを表示: careerComboBox - *は必須項目になります。項目を選択してください
[2025-04-14 16:55:36] [WARNING] [UI] フィールドエラーを表示: languages - *は必須項目になります。1つ以上項目を選択してください
[2025-04-14 16:55:44] [INFO] [SYSTEM] イベントを処理しました: CHANGE_PANEL
[2025-04-14 16:55:44] [INFO] [UI] 一覧画面に戻ります
[2025-04-14 16:55:44] [INFO] [SYSTEM] パネルを切り替えました: ListPanel
[2025-04-14 16:55:44] [INFO] [SYSTEM] 画面を切り替えました: LIST
[2025-04-14 16:55:47] [INFO] [UI] 新規追加ボタンが押されました
[2025-04-14 16:55:47] [INFO] [SYSTEM] イベントを処理しました: CHANGE_PANEL
[2025-04-14 16:55:47] [INFO] [SYSTEM] パネルを切り替えました: AddPanel
[2025-04-14 16:55:47] [INFO] [SYSTEM] 画面を切り替えました: ADD
[2025-04-14 16:55:49] [WARNING] [UI] フィールドエラーを表示: nameField - *は必須項目になります。または20文字以内で入力してください
[2025-04-14 16:55:49] [WARNING] [UI] フィールドエラーを表示: idField - *は必須項目になります。すでに登録されているIDまたはID番号5桁の数字を入力してください
[2025-04-14 16:55:49] [WARNING] [UI] フィールドエラーを表示: nameKanaField - *は必須項目になります。またはフリガナを20文字以内で入力してください
[2025-04-14 16:55:49] [WARNING] [UI] フィールドエラーを表示: birthDate - *は必須項目になります。項目を選択してください
[2025-04-14 16:55:49] [WARNING] [UI] フィールドエラーを表示: joinDate - *は必須項目になります。項目を選択してください
[2025-04-14 16:55:49] [WARNING] [UI] フィールドエラーを表示: careerComboBox - *は必須項目になります。項目を選択してください
[2025-04-14 16:55:49] [WARNING] [UI] フィールドエラーを表示: languages - *は必須項目になります。1つ以上項目を選択してください
[2025-04-14 16:55:59] [INFO] [SYSTEM] アプリケーション終了処理を開始します
[2025-04-14 16:55:59] [INFO] [SYSTEM] ExecutorServiceを終了しています
[2025-04-14 16:55:59] [INFO] [SYSTEM] 登録済みスレッドを終了しています
[2025-04-14 16:56:00] [INFO] [SYSTEM] アプリケーション終了処理が完了しました
[2025-04-14 17:01:55] [INFO] [SYSTEM] ログシステムが正常に初期化されました
[2025-04-14 17:01:55] [INFO] [SYSTEM] ログシステムを初期化します
[2025-04-14 17:01:55] [INFO] [SYSTEM] シャットダウンフックを登録しました
[2025-04-14 17:01:55] [INFO] [SYSTEM] リソースマネージャーが正常に初期化されました
[2025-04-14 17:01:55] [INFO] [SYSTEM] リソースマネージャーを初期化しました
[2025-04-14 17:01:56] [INFO] [SYSTEM] メインフレームを初期化しました
[2025-04-14 17:01:56] [INFO] [SYSTEM] エンジニア一覧パネルを初期化しました
[2025-04-14 17:01:56] [INFO] [SYSTEM] 画面遷移コントローラーを初期化しました
[2025-04-14 17:01:56] [INFO] [SYSTEM] メインコントローラーを初期化しました
[2025-04-14 17:01:56] [INFO] [SYSTEM] エンジニアコントローラーを初期化しました
[2025-04-14 17:01:56] [INFO] [SYSTEM] アプリケーションを初期化しました
[2025-04-14 17:01:56] [INFO] [SYSTEM] スレッド 'AsyncTask-LoadData' を管理対象に登録しました
[2025-04-14 17:01:56] [INFO] [SYSTEM] イベントを処理しました: LOAD_DATA
[2025-04-14 17:01:56] [INFO] [SYSTEM] 非同期タスクを開始: LoadData
[2025-04-14 17:01:56] [INFO] [SYSTEM] エンジニアデータの読み込みを開始します
[2025-04-14 17:01:56] [INFO] [SYSTEM] アクセススレッドを開始しました
[2025-04-14 17:01:56] [INFO] [SYSTEM] CSVファイル読み込み開始: src\data\engineers.csv
[2025-04-14 17:01:56] [INFO] [SYSTEM] CSVファイル読み込み完了: src\data\engineers.csv, 5行
[2025-04-14 17:01:56] [INFO] [SYSTEM] Loaded 5 engineers.
[2025-04-14 17:01:56] [INFO] [SYSTEM] 非同期タスクが完了: LoadData
[2025-04-14 17:01:56] [INFO] [SYSTEM] アプリケーションの初期化が完了しました
[2025-04-14 17:01:56] [INFO] [SYSTEM] パネルを切り替えました: ListPanel
[2025-04-14 17:01:56] [INFO] [SYSTEM] 画面を切り替えました: LIST
[2025-04-14 17:01:56] [INFO] [SYSTEM] エンジニアデータを更新しました: 5件
[2025-04-14 17:01:56] [INFO] [SYSTEM] ビューを更新しました
[2025-04-14 17:01:56] [INFO] [SYSTEM] ビューを更新しました
[2025-04-14 17:01:57] [INFO] [UI] 新規追加ボタンが押されました
[2025-04-14 17:01:57] [INFO] [SYSTEM] イベントを処理しました: CHANGE_PANEL
[2025-04-14 17:01:57] [INFO] [SYSTEM] AbstractEngineerPanelを初期化しました
[2025-04-14 17:01:57] [INFO] [UI] AddPanelを作成しました
[2025-04-14 17:01:57] [INFO] [UI] AddPanelを初期化しました
[2025-04-14 17:01:57] [INFO] [UI] AddPanelの初期化が完了しました
[2025-04-14 17:01:57] [INFO] [SYSTEM] パネルを切り替えました: AddPanel
[2025-04-14 17:01:57] [INFO] [SYSTEM] 画面を切り替えました: ADD
[2025-04-14 17:01:59] [WARNING] [UI] フィールドエラーを表示: nameField - *は必須項目になります。または20文字以内で入力してください
[2025-04-14 17:01:59] [WARNING] [UI] フィールドエラーを表示: idField - *は必須項目になります。すでに登録されているIDまたはID番号5桁の数字を入力してください
[2025-04-14 17:01:59] [WARNING] [UI] フィールドエラーを表示: nameKanaField - *は必須項目になります。またはフリガナを20文字以内で入力してください
[2025-04-14 17:01:59] [WARNING] [UI] フィールドエラーを表示: birthDate - *は必須項目になります。項目を選択してください
[2025-04-14 17:01:59] [WARNING] [UI] フィールドエラーを表示: joinDate - *は必須項目になります。項目を選択してください
[2025-04-14 17:01:59] [WARNING] [UI] フィールドエラーを表示: careerComboBox - *は必須項目になります。項目を選択してください
[2025-04-14 17:01:59] [WARNING] [UI] フィールドエラーを表示: languages - *は必須項目になります。1つ以上項目を選択してください
[2025-04-14 17:02:09] [INFO] [SYSTEM] アプリケーション終了処理を開始します
[2025-04-14 17:02:09] [INFO] [SYSTEM] ExecutorServiceを終了しています
[2025-04-14 17:02:09] [INFO] [SYSTEM] 登録済みスレッドを終了しています
[2025-04-14 17:02:09] [INFO] [SYSTEM] アプリケーション終了処理が完了しました
[2025-04-14 17:02:09] [INFO] [SYSTEM] シャットダウンします
[2025-04-14 17:03:24] [INFO] [SYSTEM] ログシステムが正常に初期化されました
[2025-04-14 17:03:24] [INFO] [SYSTEM] ログシステムを初期化します
[2025-04-14 17:03:24] [INFO] [SYSTEM] シャットダウンフックを登録しました
[2025-04-14 17:03:24] [INFO] [SYSTEM] リソースマネージャーが正常に初期化されました
[2025-04-14 17:03:24] [INFO] [SYSTEM] リソースマネージャーを初期化しました
[2025-04-14 17:03:24] [INFO] [SYSTEM] メインフレームを初期化しました
[2025-04-14 17:03:24] [INFO] [SYSTEM] エンジニア一覧パネルを初期化しました
[2025-04-14 17:03:24] [INFO] [SYSTEM] 画面遷移コントローラーを初期化しました
[2025-04-14 17:03:24] [INFO] [SYSTEM] メインコントローラーを初期化しました
[2025-04-14 17:03:24] [INFO] [SYSTEM] エンジニアコントローラーを初期化しました
[2025-04-14 17:03:24] [INFO] [SYSTEM] アプリケーションを初期化しました
[2025-04-14 17:03:24] [INFO] [SYSTEM] スレッド 'AsyncTask-LoadData' を管理対象に登録しました
[2025-04-14 17:03:24] [INFO] [SYSTEM] イベントを処理しました: LOAD_DATA
[2025-04-14 17:03:24] [INFO] [SYSTEM] 非同期タスクを開始: LoadData
[2025-04-14 17:03:24] [INFO] [SYSTEM] エンジニアデータの読み込みを開始します
[2025-04-14 17:03:24] [INFO] [SYSTEM] アクセススレッドを開始しました
[2025-04-14 17:03:24] [INFO] [SYSTEM] CSVファイル読み込み開始: src\data\engineers.csv
[2025-04-14 17:03:24] [INFO] [SYSTEM] CSVファイル読み込み完了: src\data\engineers.csv, 5行
[2025-04-14 17:03:24] [INFO] [SYSTEM] Loaded 5 engineers.
[2025-04-14 17:03:24] [INFO] [SYSTEM] 非同期タスクが完了: LoadData
[2025-04-14 17:03:25] [INFO] [SYSTEM] アプリケーションの初期化が完了しました
[2025-04-14 17:03:25] [INFO] [SYSTEM] パネルを切り替えました: ListPanel
[2025-04-14 17:03:25] [INFO] [SYSTEM] 画面を切り替えました: LIST
[2025-04-14 17:03:25] [INFO] [SYSTEM] エンジニアデータを更新しました: 5件
[2025-04-14 17:03:25] [INFO] [SYSTEM] ビューを更新しました
[2025-04-14 17:03:25] [INFO] [SYSTEM] ビューを更新しました
[2025-04-14 17:03:27] [INFO] [UI] 新規追加ボタンが押されました
[2025-04-14 17:03:27] [INFO] [SYSTEM] イベントを処理しました: CHANGE_PANEL
[2025-04-14 17:03:27] [INFO] [SYSTEM] AbstractEngineerPanelを初期化しました
[2025-04-14 17:03:27] [INFO] [UI] AddPanelを作成しました
[2025-04-14 17:03:27] [INFO] [UI] AddPanelを初期化しました
[2025-04-14 17:03:27] [INFO] [UI] AddPanelの初期化が完了しました
[2025-04-14 17:03:27] [INFO] [SYSTEM] パネルを切り替えました: AddPanel
[2025-04-14 17:03:27] [INFO] [SYSTEM] 画面を切り替えました: ADD
[2025-04-14 17:03:31] [INFO] [SYSTEM] アプリケーション終了処理を開始します
[2025-04-14 17:03:31] [INFO] [SYSTEM] ExecutorServiceを終了しています
[2025-04-14 17:03:31] [INFO] [SYSTEM] 登録済みスレッドを終了しています
[2025-04-14 17:03:31] [INFO] [SYSTEM] アプリケーション終了処理が完了しました
[2025-04-14 17:03:31] [INFO] [SYSTEM] シャットダウンします
[2025-04-14 17:03:44] [INFO] [SYSTEM] ログシステムが正常に初期化されました
[2025-04-14 17:03:44] [INFO] [SYSTEM] ログシステムを初期化します
[2025-04-14 17:03:44] [INFO] [SYSTEM] シャットダウンフックを登録しました
[2025-04-14 17:03:44] [INFO] [SYSTEM] リソースマネージャーが正常に初期化されました
[2025-04-14 17:03:44] [INFO] [SYSTEM] リソースマネージャーを初期化しました
[2025-04-14 17:03:44] [INFO] [SYSTEM] メインフレームを初期化しました
[2025-04-14 17:03:44] [INFO] [SYSTEM] エンジニア一覧パネルを初期化しました
[2025-04-14 17:03:44] [INFO] [SYSTEM] 画面遷移コントローラーを初期化しました
[2025-04-14 17:03:44] [INFO] [SYSTEM] メインコントローラーを初期化しました
[2025-04-14 17:03:44] [INFO] [SYSTEM] エンジニアコントローラーを初期化しました
[2025-04-14 17:03:44] [INFO] [SYSTEM] アプリケーションを初期化しました
[2025-04-14 17:03:44] [INFO] [SYSTEM] スレッド 'AsyncTask-LoadData' を管理対象に登録しました
[2025-04-14 17:03:44] [INFO] [SYSTEM] イベントを処理しました: LOAD_DATA
[2025-04-14 17:03:44] [INFO] [SYSTEM] 非同期タスクを開始: LoadData
[2025-04-14 17:03:44] [INFO] [SYSTEM] エンジニアデータの読み込みを開始します
[2025-04-14 17:03:44] [INFO] [SYSTEM] アクセススレッドを開始しました
[2025-04-14 17:03:44] [INFO] [SYSTEM] CSVファイル読み込み開始: src\data\engineers.csv
[2025-04-14 17:03:44] [INFO] [SYSTEM] CSVファイル読み込み完了: src\data\engineers.csv, 5行
[2025-04-14 17:03:44] [INFO] [SYSTEM] Loaded 5 engineers.
[2025-04-14 17:03:44] [INFO] [SYSTEM] 非同期タスクが完了: LoadData
[2025-04-14 17:03:44] [INFO] [SYSTEM] アプリケーションの初期化が完了しました
[2025-04-14 17:03:44] [INFO] [SYSTEM] パネルを切り替えました: ListPanel
[2025-04-14 17:03:44] [INFO] [SYSTEM] 画面を切り替えました: LIST
[2025-04-14 17:03:44] [INFO] [SYSTEM] エンジニアデータを更新しました: 5件
[2025-04-14 17:03:44] [INFO] [SYSTEM] ビューを更新しました
[2025-04-14 17:03:44] [INFO] [SYSTEM] ビューを更新しました
[2025-04-14 17:03:46] [INFO] [UI] 新規追加ボタンが押されました
[2025-04-14 17:03:46] [INFO] [SYSTEM] イベントを処理しました: CHANGE_PANEL
[2025-04-14 17:03:46] [INFO] [SYSTEM] AbstractEngineerPanelを初期化しました
[2025-04-14 17:03:46] [INFO] [UI] AddPanelを作成しました
[2025-04-14 17:03:46] [INFO] [UI] AddPanelを初期化しました
[2025-04-14 17:03:46] [INFO] [UI] AddPanelの初期化が完了しました
[2025-04-14 17:03:46] [INFO] [SYSTEM] パネルを切り替えました: AddPanel
[2025-04-14 17:03:46] [INFO] [SYSTEM] 画面を切り替えました: ADD
[2025-04-14 17:03:49] [WARNING] [UI] フィールドエラーを表示: nameField - *は必須項目になります。または20文字以内で入力してください
[2025-04-14 17:03:49] [WARNING] [UI] フィールドエラーを表示: idField - *は必須項目になります。すでに登録されているIDまたはID番号5桁の数字を入力してください
[2025-04-14 17:03:49] [WARNING] [UI] フィールドエラーを表示: nameKanaField - *は必須項目になります。またはフリガナを20文字以内で入力してください
[2025-04-14 17:03:49] [WARNING] [UI] フィールドエラーを表示: birthDate - *は必須項目になります。項目を選択してください
[2025-04-14 17:03:49] [WARNING] [UI] フィールドエラーを表示: joinDate - *は必須項目になります。項目を選択してください
[2025-04-14 17:03:49] [WARNING] [UI] フィールドエラーを表示: careerComboBox - *は必須項目になります。項目を選択してください
[2025-04-14 17:03:49] [WARNING] [UI] フィールドエラーを表示: languages - *は必須項目になります。1つ以上項目を選択してください
[2025-04-14 17:04:16] [INFO] [SYSTEM] アプリケーション終了処理を開始します
[2025-04-14 17:04:16] [INFO] [SYSTEM] ExecutorServiceを終了しています
[2025-04-14 17:04:16] [INFO] [SYSTEM] 登録済みスレッドを終了しています
[2025-04-14 17:04:16] [INFO] [SYSTEM] アプリケーション終了処理が完了しました
[2025-04-14 17:04:16] [INFO] [SYSTEM] シャットダウンします
[2025-04-14 17:12:58] [INFO] [SYSTEM] ログシステムが正常に初期化されました
[2025-04-14 17:12:58] [INFO] [SYSTEM] ログシステムを初期化します
[2025-04-14 17:12:58] [INFO] [SYSTEM] シャットダウンフックを登録しました
[2025-04-14 17:12:58] [INFO] [SYSTEM] リソースマネージャーが正常に初期化されました
[2025-04-14 17:12:58] [INFO] [SYSTEM] リソースマネージャーを初期化しました
[2025-04-14 17:12:58] [INFO] [SYSTEM] メインフレームを初期化しました
[2025-04-14 17:12:59] [INFO] [SYSTEM] エンジニア一覧パネルを初期化しました
[2025-04-14 17:12:59] [INFO] [SYSTEM] 画面遷移コントローラーを初期化しました
[2025-04-14 17:12:59] [INFO] [SYSTEM] メインコントローラーを初期化しました
[2025-04-14 17:12:59] [INFO] [SYSTEM] エンジニアコントローラーを初期化しました
[2025-04-14 17:12:59] [INFO] [SYSTEM] アプリケーションを初期化しました
[2025-04-14 17:12:59] [INFO] [SYSTEM] スレッド 'AsyncTask-LoadData' を管理対象に登録しました
[2025-04-14 17:12:59] [INFO] [SYSTEM] イベントを処理しました: LOAD_DATA
[2025-04-14 17:12:59] [INFO] [SYSTEM] 非同期タスクを開始: LoadData
[2025-04-14 17:12:59] [INFO] [SYSTEM] エンジニアデータの読み込みを開始します
[2025-04-14 17:12:59] [INFO] [SYSTEM] アクセススレッドを開始しました
[2025-04-14 17:12:59] [INFO] [SYSTEM] CSVファイル読み込み開始: src\data\engineers.csv
[2025-04-14 17:12:59] [INFO] [SYSTEM] CSVファイル読み込み完了: src\data\engineers.csv, 5行
[2025-04-14 17:12:59] [INFO] [SYSTEM] Loaded 5 engineers.
[2025-04-14 17:12:59] [INFO] [SYSTEM] 非同期タスクが完了: LoadData
[2025-04-14 17:12:59] [INFO] [SYSTEM] アプリケーションの初期化が完了しました
[2025-04-14 17:12:59] [INFO] [SYSTEM] パネルを切り替えました: ListPanel
[2025-04-14 17:12:59] [INFO] [SYSTEM] 画面を切り替えました: LIST
[2025-04-14 17:12:59] [INFO] [SYSTEM] エンジニアデータを更新しました: 5件
[2025-04-14 17:12:59] [INFO] [SYSTEM] ビューを更新しました
[2025-04-14 17:12:59] [INFO] [SYSTEM] ビューを更新しました
[2025-04-14 17:13:00] [INFO] [UI] 新規追加ボタンが押されました
[2025-04-14 17:13:00] [INFO] [SYSTEM] イベントを処理しました: CHANGE_PANEL
[2025-04-14 17:13:00] [INFO] [SYSTEM] AbstractEngineerPanelを初期化しました
[2025-04-14 17:13:00] [INFO] [UI] AddPanelを作成しました
[2025-04-14 17:13:00] [INFO] [UI] AddPanelを初期化しました
[2025-04-14 17:13:00] [INFO] [UI] AddPanelの初期化が完了しました
[2025-04-14 17:13:00] [INFO] [SYSTEM] パネルを切り替えました: AddPanel
[2025-04-14 17:13:00] [INFO] [SYSTEM] 画面を切り替えました: ADD
[2025-04-14 17:13:02] [WARNING] [UI] フィールドエラーを表示: nameField - *は必須項目になります。または20文字以内で入力してください
[2025-04-14 17:13:02] [WARNING] [UI] フィールドエラーを表示: idField - *は必須項目になります。すでに登録されているIDまたはID番号5桁の数字を入力してください
[2025-04-14 17:13:02] [WARNING] [UI] フィールドエラーを表示: nameKanaField - *は必須項目になります。またはフリガナを20文字以内で入力してください
[2025-04-14 17:13:02] [WARNING] [UI] フィールドエラーを表示: birthDate - *は必須項目になります。項目を選択してください
[2025-04-14 17:13:02] [WARNING] [UI] フィールドエラーを表示: joinDate - *は必須項目になります。項目を選択してください
[2025-04-14 17:13:02] [WARNING] [UI] フィールドエラーを表示: careerComboBox - *は必須項目になります。項目を選択してください
[2025-04-14 17:13:02] [WARNING] [UI] フィールドエラーを表示: languages - *は必須項目になります。1つ以上項目を選択してください
[2025-04-14 17:13:12] [INFO] [SYSTEM] イベントを処理しました: CHANGE_PANEL
[2025-04-14 17:13:12] [INFO] [UI] 一覧画面に戻ります
[2025-04-14 17:13:12] [INFO] [SYSTEM] パネルを切り替えました: ListPanel
[2025-04-14 17:13:12] [INFO] [SYSTEM] 画面を切り替えました: LIST
[2025-04-14 17:13:15] [INFO] [SYSTEM] アプリケーション終了処理を開始します
[2025-04-14 17:13:15] [INFO] [SYSTEM] ExecutorServiceを終了しています
[2025-04-14 17:13:15] [INFO] [SYSTEM] 登録済みスレッドを終了しています
[2025-04-14 17:13:15] [INFO] [SYSTEM] アプリケーション終了処理が完了しました
[2025-04-14 17:13:15] [INFO] [SYSTEM] シャットダウンします
[2025-04-14 17:41:04] [INFO] [SYSTEM] ログシステムが正常に初期化されました
[2025-04-14 17:41:05] [INFO] [SYSTEM] ログシステムを初期化します
[2025-04-14 17:41:05] [INFO] [SYSTEM] シャットダウンフックを登録しました
[2025-04-14 17:41:05] [INFO] [SYSTEM] リソースマネージャーが正常に初期化されました
[2025-04-14 17:41:05] [INFO] [SYSTEM] リソースマネージャーを初期化しました
[2025-04-14 17:41:05] [INFO] [SYSTEM] メインフレームを初期化しました
[2025-04-14 17:41:05] [INFO] [SYSTEM] エンジニア一覧パネルを初期化しました
[2025-04-14 17:41:05] [INFO] [SYSTEM] 画面遷移コントローラーを初期化しました
[2025-04-14 17:41:05] [INFO] [SYSTEM] メインコントローラーを初期化しました
[2025-04-14 17:41:05] [INFO] [SYSTEM] エンジニアコントローラーを初期化しました
[2025-04-14 17:41:05] [INFO] [SYSTEM] アプリケーションを初期化しました
[2025-04-14 17:41:05] [INFO] [SYSTEM] スレッド 'AsyncTask-LoadData' を管理対象に登録しました
[2025-04-14 17:41:05] [INFO] [SYSTEM] イベントを処理しました: LOAD_DATA
[2025-04-14 17:41:05] [INFO] [SYSTEM] 非同期タスクを開始: LoadData
[2025-04-14 17:41:05] [INFO] [SYSTEM] エンジニアデータの読み込みを開始します
[2025-04-14 17:41:05] [INFO] [SYSTEM] アクセススレッドを開始しました
[2025-04-14 17:41:05] [INFO] [SYSTEM] CSVファイル読み込み開始: src\data\engineers.csv
[2025-04-14 17:41:05] [INFO] [SYSTEM] CSVファイル読み込み完了: src\data\engineers.csv, 5行
[2025-04-14 17:41:05] [INFO] [SYSTEM] Loaded 5 engineers.
[2025-04-14 17:41:05] [INFO] [SYSTEM] 非同期タスクが完了: LoadData
[2025-04-14 17:41:05] [INFO] [SYSTEM] アプリケーションの初期化が完了しました
[2025-04-14 17:41:05] [INFO] [SYSTEM] パネルを切り替えました: ListPanel
[2025-04-14 17:41:05] [INFO] [SYSTEM] 画面を切り替えました: LIST
[2025-04-14 17:41:05] [INFO] [SYSTEM] エンジニアデータを更新しました: 5件
[2025-04-14 17:41:05] [INFO] [SYSTEM] ビューを更新しました
[2025-04-14 17:41:05] [INFO] [SYSTEM] ビューを更新しました
[2025-04-14 17:41:06] [INFO] [UI] 新規追加ボタンが押されました
[2025-04-14 17:41:06] [INFO] [SYSTEM] イベントを処理しました: CHANGE_PANEL
[2025-04-14 17:41:06] [INFO] [SYSTEM] AbstractEngineerPanelを初期化しました
[2025-04-14 17:41:06] [INFO] [UI] AddPanelを作成しました
[2025-04-14 17:41:06] [INFO] [UI] AddPanelを初期化しました
[2025-04-14 17:41:06] [INFO] [UI] AddPanelの初期化が完了しました
[2025-04-14 17:41:06] [INFO] [SYSTEM] パネルを切り替えました: AddPanel
[2025-04-14 17:41:06] [INFO] [SYSTEM] 画面を切り替えました: ADD
[2025-04-14 17:41:09] [WARNING] [UI] フィールドエラーを表示: nameField - *は必須項目になります。または20文字以内で入力してください
[2025-04-14 17:41:09] [WARNING] [UI] フィールドエラーを表示: idField - *は必須項目になります。すでに登録されているIDまたはID番号5桁の数字を入力してください
[2025-04-14 17:41:09] [WARNING] [UI] フィールドエラーを表示: nameKanaField - *は必須項目になります。またはフリガナを20文字以内で入力してください
[2025-04-14 17:41:09] [WARNING] [UI] フィールドエラーを表示: birthDate - *は必須項目になります。項目を選択してください
[2025-04-14 17:41:09] [WARNING] [UI] フィールドエラーを表示: joinDate - *は必須項目になります。項目を選択してください
[2025-04-14 17:41:09] [WARNING] [UI] フィールドエラーを表示: careerComboBox - *は必須項目になります。項目を選択してください
[2025-04-14 17:41:09] [WARNING] [UI] フィールドエラーを表示: languages - *は必須項目になります。1つ以上項目を選択してください
[2025-04-14 17:41:18] [INFO] [SYSTEM] アプリケーション終了処理を開始します
[2025-04-14 17:41:18] [INFO] [SYSTEM] ExecutorServiceを終了しています
[2025-04-14 17:41:18] [INFO] [SYSTEM] 登録済みスレッドを終了しています
[2025-04-14 17:41:18] [INFO] [SYSTEM] アプリケーション終了処理が完了しました
[2025-04-14 17:41:18] [INFO] [SYSTEM] シャットダウンします
[2025-04-14 17:46:41] [INFO] [SYSTEM] ログシステムが正常に初期化されました
[2025-04-14 17:46:41] [INFO] [SYSTEM] ログシステムを初期化します
[2025-04-14 17:46:41] [INFO] [SYSTEM] シャットダウンフックを登録しました
[2025-04-14 17:46:41] [INFO] [SYSTEM] リソースマネージャーが正常に初期化されました
[2025-04-14 17:46:41] [INFO] [SYSTEM] リソースマネージャーを初期化しました
[2025-04-14 17:46:41] [INFO] [SYSTEM] メインフレームを初期化しました
[2025-04-14 17:46:41] [INFO] [SYSTEM] エンジニア一覧パネルを初期化しました
[2025-04-14 17:46:41] [INFO] [SYSTEM] 画面遷移コントローラーを初期化しました
[2025-04-14 17:46:41] [INFO] [SYSTEM] メインコントローラーを初期化しました
[2025-04-14 17:46:41] [INFO] [SYSTEM] エンジニアコントローラーを初期化しました
[2025-04-14 17:46:41] [INFO] [SYSTEM] アプリケーションを初期化しました
[2025-04-14 17:46:41] [INFO] [SYSTEM] スレッド 'AsyncTask-LoadData' を管理対象に登録しました
[2025-04-14 17:46:41] [INFO] [SYSTEM] イベントを処理しました: LOAD_DATA
[2025-04-14 17:46:41] [INFO] [SYSTEM] 非同期タスクを開始: LoadData
[2025-04-14 17:46:41] [INFO] [SYSTEM] エンジニアデータの読み込みを開始します
[2025-04-14 17:46:41] [INFO] [SYSTEM] アクセススレッドを開始しました
[2025-04-14 17:46:41] [INFO] [SYSTEM] CSVファイル読み込み開始: src\data\engineers.csv
[2025-04-14 17:46:41] [INFO] [SYSTEM] CSVファイル読み込み完了: src\data\engineers.csv, 5行
[2025-04-14 17:46:41] [INFO] [SYSTEM] Loaded 5 engineers.
[2025-04-14 17:46:41] [INFO] [SYSTEM] 非同期タスクが完了: LoadData
[2025-04-14 17:46:41] [INFO] [SYSTEM] アプリケーションの初期化が完了しました
[2025-04-14 17:46:41] [INFO] [SYSTEM] パネルを切り替えました: ListPanel
[2025-04-14 17:46:41] [INFO] [SYSTEM] 画面を切り替えました: LIST
[2025-04-14 17:46:41] [INFO] [SYSTEM] エンジニアデータを更新しました: 5件
[2025-04-14 17:46:41] [INFO] [SYSTEM] ビューを更新しました
[2025-04-14 17:46:41] [INFO] [SYSTEM] ビューを更新しました
[2025-04-14 17:46:42] [INFO] [UI] 新規追加ボタンが押されました
[2025-04-14 17:46:42] [INFO] [SYSTEM] イベントを処理しました: CHANGE_PANEL
[2025-04-14 17:46:42] [INFO] [SYSTEM] AbstractEngineerPanelを初期化しました
[2025-04-14 17:46:42] [INFO] [UI] AddPanelを作成しました
[2025-04-14 17:46:42] [INFO] [UI] AddPanelを初期化しました
[2025-04-14 17:46:42] [INFO] [UI] AddPanelの初期化が完了しました
[2025-04-14 17:46:42] [INFO] [SYSTEM] パネルを切り替えました: AddPanel
[2025-04-14 17:46:42] [INFO] [SYSTEM] 画面を切り替えました: ADD
[2025-04-14 17:46:44] [WARNING] [UI] フィールドエラーを表示: nameField - *は必須項目になります。または20文字以内で入力してください
[2025-04-14 17:46:44] [WARNING] [UI] フィールドエラーを表示: idField - *は必須項目になります。すでに登録されているIDまたはID番号5桁の数字を入力してください
[2025-04-14 17:46:44] [WARNING] [UI] フィールドエラーを表示: nameKanaField - *は必須項目になります。またはフリガナを20文字以内で入力してください
[2025-04-14 17:46:44] [WARNING] [UI] フィールドエラーを表示: birthDate - *は必須項目になります。項目を選択してください
[2025-04-14 17:46:44] [WARNING] [UI] フィールドエラーを表示: joinDate - *は必須項目になります。項目を選択してください
[2025-04-14 17:46:44] [WARNING] [UI] フィールドエラーを表示: careerComboBox - *は必須項目になります。項目を選択してください
[2025-04-14 17:46:44] [WARNING] [UI] フィールドエラーを表示: languages - *は必須項目になります。1つ以上項目を選択してください
[2025-04-14 17:46:56] [INFO] [SYSTEM] アプリケーション終了処理を開始します
[2025-04-14 17:46:56] [INFO] [SYSTEM] ExecutorServiceを終了しています
[2025-04-14 17:46:56] [INFO] [SYSTEM] 登録済みスレッドを終了しています
[2025-04-14 17:46:56] [INFO] [SYSTEM] アプリケーション終了処理が完了しました
[2025-04-14 17:46:56] [INFO] [SYSTEM] シャットダウンします
[2025-04-14 17:49:35] [INFO] [SYSTEM] ログシステムが正常に初期化されました
[2025-04-14 17:49:35] [INFO] [SYSTEM] ログシステムを初期化します
[2025-04-14 17:49:35] [INFO] [SYSTEM] シャットダウンフックを登録しました
[2025-04-14 17:49:35] [INFO] [SYSTEM] リソースマネージャーが正常に初期化されました
[2025-04-14 17:49:35] [INFO] [SYSTEM] リソースマネージャーを初期化しました
[2025-04-14 17:49:35] [INFO] [SYSTEM] メインフレームを初期化しました
[2025-04-14 17:49:35] [INFO] [SYSTEM] エンジニア一覧パネルを初期化しました
[2025-04-14 17:49:35] [INFO] [SYSTEM] 画面遷移コントローラーを初期化しました
[2025-04-14 17:49:35] [INFO] [SYSTEM] メインコントローラーを初期化しました
[2025-04-14 17:49:35] [INFO] [SYSTEM] エンジニアコントローラーを初期化しました
[2025-04-14 17:49:35] [INFO] [SYSTEM] アプリケーションを初期化しました
[2025-04-14 17:49:35] [INFO] [SYSTEM] スレッド 'AsyncTask-LoadData' を管理対象に登録しました
[2025-04-14 17:49:35] [INFO] [SYSTEM] イベントを処理しました: LOAD_DATA
[2025-04-14 17:49:35] [INFO] [SYSTEM] 非同期タスクを開始: LoadData
[2025-04-14 17:49:35] [INFO] [SYSTEM] エンジニアデータの読み込みを開始します
[2025-04-14 17:49:35] [INFO] [SYSTEM] アクセススレッドを開始しました
[2025-04-14 17:49:35] [INFO] [SYSTEM] CSVファイル読み込み開始: src\data\engineers.csv
[2025-04-14 17:49:35] [INFO] [SYSTEM] CSVファイル読み込み完了: src\data\engineers.csv, 5行
[2025-04-14 17:49:35] [INFO] [SYSTEM] Loaded 5 engineers.
[2025-04-14 17:49:35] [INFO] [SYSTEM] 非同期タスクが完了: LoadData
[2025-04-14 17:49:35] [INFO] [SYSTEM] アプリケーションの初期化が完了しました
[2025-04-14 17:49:35] [INFO] [SYSTEM] パネルを切り替えました: ListPanel
[2025-04-14 17:49:35] [INFO] [SYSTEM] 画面を切り替えました: LIST
[2025-04-14 17:49:36] [INFO] [SYSTEM] エンジニアデータを更新しました: 5件
[2025-04-14 17:49:36] [INFO] [SYSTEM] ビューを更新しました
[2025-04-14 17:49:36] [INFO] [SYSTEM] ビューを更新しました
[2025-04-14 17:49:40] [INFO] [UI] 新規追加ボタンが押されました
[2025-04-14 17:49:40] [INFO] [SYSTEM] イベントを処理しました: CHANGE_PANEL
[2025-04-14 17:49:40] [INFO] [SYSTEM] AbstractEngineerPanelを初期化しました
[2025-04-14 17:49:40] [INFO] [UI] AddPanelを作成しました
[2025-04-14 17:49:40] [INFO] [UI] AddPanelを初期化しました
[2025-04-14 17:49:40] [INFO] [UI] AddPanelの初期化が完了しました
[2025-04-14 17:49:40] [INFO] [SYSTEM] パネルを切り替えました: AddPanel
[2025-04-14 17:49:40] [INFO] [SYSTEM] 画面を切り替えました: ADD
[2025-04-14 17:49:42] [WARNING] [UI] フィールドエラーを表示: nameField - *は必須項目になります。または20文字以内で入力してください
[2025-04-14 17:49:42] [WARNING] [UI] フィールドエラーを表示: idField - *は必須項目になります。すでに登録されているIDまたはID番号5桁の数字を入力してください
[2025-04-14 17:49:42] [WARNING] [UI] フィールドエラーを表示: nameKanaField - *は必須項目になります。またはフリガナを20文字以内で入力してください
[2025-04-14 17:49:42] [WARNING] [UI] フィールドエラーを表示: birthDate - *は必須項目になります。項目を選択してください
[2025-04-14 17:49:42] [WARNING] [UI] フィールドエラーを表示: joinDate - *は必須項目になります。項目を選択してください
[2025-04-14 17:49:42] [WARNING] [UI] フィールドエラーを表示: careerComboBox - *は必須項目になります。項目を選択してください
[2025-04-14 17:49:42] [WARNING] [UI] フィールドエラーを表示: languages - *は必須項目になります。1つ以上項目を選択してください
[2025-04-14 17:54:52] [INFO] [SYSTEM] アプリケーション終了処理を開始します
[2025-04-14 17:54:52] [INFO] [SYSTEM] ExecutorServiceを終了しています
[2025-04-14 17:54:52] [INFO] [SYSTEM] 登録済みスレッドを終了しています
[2025-04-14 17:54:52] [INFO] [SYSTEM] アプリケーション終了処理が完了しました
[2025-04-14 17:54:55] [INFO] [SYSTEM] ログシステムが正常に初期化されました
[2025-04-14 17:54:55] [INFO] [SYSTEM] ログシステムを初期化します
[2025-04-14 17:54:55] [INFO] [SYSTEM] シャットダウンフックを登録しました
[2025-04-14 17:54:55] [INFO] [SYSTEM] リソースマネージャーが正常に初期化されました
[2025-04-14 17:54:55] [INFO] [SYSTEM] リソースマネージャーを初期化しました
[2025-04-14 17:54:55] [INFO] [SYSTEM] メインフレームを初期化しました
[2025-04-14 17:54:55] [INFO] [SYSTEM] エンジニア一覧パネルを初期化しました
[2025-04-14 17:54:55] [INFO] [SYSTEM] 画面遷移コントローラーを初期化しました
[2025-04-14 17:54:55] [INFO] [SYSTEM] メインコントローラーを初期化しました
[2025-04-14 17:54:55] [INFO] [SYSTEM] エンジニアコントローラーを初期化しました
[2025-04-14 17:54:55] [INFO] [SYSTEM] アプリケーションを初期化しました
[2025-04-14 17:54:55] [INFO] [SYSTEM] スレッド 'AsyncTask-LoadData' を管理対象に登録しました
[2025-04-14 17:54:55] [INFO] [SYSTEM] イベントを処理しました: LOAD_DATA
[2025-04-14 17:54:55] [INFO] [SYSTEM] 非同期タスクを開始: LoadData
[2025-04-14 17:54:55] [INFO] [SYSTEM] エンジニアデータの読み込みを開始します
[2025-04-14 17:54:55] [INFO] [SYSTEM] アクセススレッドを開始しました
[2025-04-14 17:54:55] [INFO] [SYSTEM] CSVファイル読み込み開始: src\data\engineers.csv
[2025-04-14 17:54:55] [INFO] [SYSTEM] CSVファイル読み込み完了: src\data\engineers.csv, 5行
[2025-04-14 17:54:55] [INFO] [SYSTEM] Loaded 5 engineers.
[2025-04-14 17:54:55] [INFO] [SYSTEM] 非同期タスクが完了: LoadData
[2025-04-14 17:54:55] [INFO] [SYSTEM] アプリケーションの初期化が完了しました
[2025-04-14 17:54:55] [INFO] [SYSTEM] パネルを切り替えました: ListPanel
[2025-04-14 17:54:55] [INFO] [SYSTEM] 画面を切り替えました: LIST
[2025-04-14 17:54:55] [INFO] [SYSTEM] エンジニアデータを更新しました: 5件
[2025-04-14 17:54:55] [INFO] [SYSTEM] ビューを更新しました
[2025-04-14 17:54:55] [INFO] [SYSTEM] ビューを更新しました
[2025-04-14 17:54:56] [INFO] [UI] 新規追加ボタンが押されました
[2025-04-14 17:54:56] [INFO] [SYSTEM] イベントを処理しました: CHANGE_PANEL
[2025-04-14 17:54:56] [INFO] [SYSTEM] AbstractEngineerPanelを初期化しました
[2025-04-14 17:54:56] [INFO] [UI] AddPanelを作成しました
[2025-04-14 17:54:56] [INFO] [UI] AddPanelを初期化しました
[2025-04-14 17:54:56] [INFO] [UI] AddPanelの初期化が完了しました
[2025-04-14 17:54:56] [INFO] [SYSTEM] パネルを切り替えました: AddPanel
[2025-04-14 17:54:56] [INFO] [SYSTEM] 画面を切り替えました: ADD
[2025-04-14 17:54:58] [WARNING] [UI] フィールドエラーを表示: nameField - *は必須項目になります。または20文字以内で入力してください
[2025-04-14 17:54:58] [WARNING] [UI] フィールドエラーを表示: idField - *は必須項目になります。または既に登録されているID以外を入力してください
[2025-04-14 17:54:58] [WARNING] [UI] フィールドエラーを表示: nameKanaField - *は必須項目になります。またはフリガナを20文字以内で入力してください
[2025-04-14 17:54:58] [WARNING] [UI] フィールドエラーを表示: birthDate - *は必須項目になります。項目を選択してください
[2025-04-14 17:54:58] [WARNING] [UI] フィールドエラーを表示: joinDate - *は必須項目になります。項目を選択してください
[2025-04-14 17:54:58] [WARNING] [UI] フィールドエラーを表示: careerComboBox - *は必須項目になります。項目を選択してください
[2025-04-14 17:54:58] [WARNING] [UI] フィールドエラーを表示: languages - *は必須項目になります。1つ以上項目を選択してください
[2025-04-14 17:55:07] [INFO] [SYSTEM] アプリケーション終了処理を開始します
[2025-04-14 17:55:07] [INFO] [SYSTEM] ExecutorServiceを終了しています
[2025-04-14 17:55:07] [INFO] [SYSTEM] 登録済みスレッドを終了しています
[2025-04-14 17:55:07] [INFO] [SYSTEM] アプリケーション終了処理が完了しました
[2025-04-14 17:55:07] [INFO] [SYSTEM] シャットダウンします
[2025-04-14 17:55:07] [INFO] [SYSTEM] 全リソースの解放処理を完了しました
[2025-04-14 18:26:07] [INFO] [SYSTEM] ログシステムが正常に初期化されました
[2025-04-14 18:26:07] [INFO] [SYSTEM] ログシステムを初期化します
[2025-04-14 18:26:07] [INFO] [SYSTEM] シャットダウンフックを登録しました
[2025-04-14 18:26:07] [INFO] [SYSTEM] リソースマネージャーが正常に初期化されました
[2025-04-14 18:26:07] [INFO] [SYSTEM] リソースマネージャーを初期化しました
[2025-04-14 18:26:07] [INFO] [SYSTEM] メインフレームを初期化しました
[2025-04-14 18:26:07] [INFO] [SYSTEM] エンジニア一覧パネルを初期化しました
[2025-04-14 18:26:07] [INFO] [SYSTEM] 画面遷移コントローラーを初期化しました
[2025-04-14 18:26:07] [INFO] [SYSTEM] メインコントローラーを初期化しました
[2025-04-14 18:26:07] [INFO] [SYSTEM] エンジニアコントローラーを初期化しました
[2025-04-14 18:26:07] [INFO] [SYSTEM] アプリケーションを初期化しました
[2025-04-14 18:26:07] [INFO] [SYSTEM] スレッド 'AsyncTask-LoadData' を管理対象に登録しました
[2025-04-14 18:26:07] [INFO] [SYSTEM] イベントを処理しました: LOAD_DATA
[2025-04-14 18:26:07] [INFO] [SYSTEM] 非同期タスクを開始: LoadData
[2025-04-14 18:26:07] [INFO] [SYSTEM] エンジニアデータの読み込みを開始します
[2025-04-14 18:26:07] [INFO] [SYSTEM] アクセススレッドを開始しました
[2025-04-14 18:26:07] [INFO] [SYSTEM] CSVファイル読み込み開始: src\data\engineers.csv
[2025-04-14 18:26:07] [INFO] [SYSTEM] CSVファイル読み込み完了: src\data\engineers.csv, 5行
[2025-04-14 18:26:07] [INFO] [SYSTEM] Loaded 5 engineers.
[2025-04-14 18:26:07] [INFO] [SYSTEM] 非同期タスクが完了: LoadData
[2025-04-14 18:26:07] [INFO] [SYSTEM] アプリケーションの初期化が完了しました
[2025-04-14 18:26:07] [INFO] [SYSTEM] パネルを切り替えました: ListPanel
[2025-04-14 18:26:07] [INFO] [SYSTEM] 画面を切り替えました: LIST
[2025-04-14 18:26:07] [INFO] [SYSTEM] エンジニアデータを更新しました: 5件
[2025-04-14 18:26:07] [INFO] [SYSTEM] ビューを更新しました
[2025-04-14 18:26:07] [INFO] [SYSTEM] ビューを更新しました
[2025-04-14 18:26:09] [INFO] [UI] 新規追加ボタンが押されました
[2025-04-14 18:26:09] [INFO] [SYSTEM] イベントを処理しました: CHANGE_PANEL
[2025-04-14 18:26:09] [INFO] [SYSTEM] AbstractEngineerPanelを初期化しました
[2025-04-14 18:26:09] [INFO] [UI] AddPanelを作成しました
[2025-04-14 18:26:09] [INFO] [UI] AddPanelを初期化しました
[2025-04-14 18:26:09] [INFO] [UI] AddPanelの初期化が完了しました
[2025-04-14 18:26:09] [INFO] [SYSTEM] パネルを切り替えました: AddPanel
[2025-04-14 18:26:09] [INFO] [SYSTEM] 画面を切り替えました: ADD
[2025-04-14 18:26:15] [INFO] [SYSTEM] アプリケーション終了処理を開始します
[2025-04-14 18:26:15] [INFO] [SYSTEM] ExecutorServiceを終了しています
[2025-04-14 18:26:15] [INFO] [SYSTEM] 登録済みスレッドを終了しています
[2025-04-14 18:26:15] [INFO] [SYSTEM] アプリケーション終了処理が完了しました
[2025-04-14 18:27:24] [INFO] [SYSTEM] ログシステムが正常に初期化されました
[2025-04-14 18:27:24] [INFO] [SYSTEM] ログシステムを初期化します
[2025-04-14 18:27:24] [INFO] [SYSTEM] シャットダウンフックを登録しました
[2025-04-14 18:27:24] [INFO] [SYSTEM] リソースマネージャーが正常に初期化されました
[2025-04-14 18:27:24] [INFO] [SYSTEM] リソースマネージャーを初期化しました
[2025-04-14 18:27:24] [INFO] [SYSTEM] メインフレームを初期化しました
[2025-04-14 18:27:24] [INFO] [SYSTEM] エンジニア一覧パネルを初期化しました
[2025-04-14 18:27:24] [INFO] [SYSTEM] 画面遷移コントローラーを初期化しました
[2025-04-14 18:27:24] [INFO] [SYSTEM] メインコントローラーを初期化しました
[2025-04-14 18:27:24] [INFO] [SYSTEM] エンジニアコントローラーを初期化しました
[2025-04-14 18:27:24] [INFO] [SYSTEM] アプリケーションを初期化しました
[2025-04-14 18:27:24] [INFO] [SYSTEM] スレッド 'AsyncTask-LoadData' を管理対象に登録しました
[2025-04-14 18:27:24] [INFO] [SYSTEM] イベントを処理しました: LOAD_DATA
[2025-04-14 18:27:24] [INFO] [SYSTEM] 非同期タスクを開始: LoadData
[2025-04-14 18:27:24] [INFO] [SYSTEM] エンジニアデータの読み込みを開始します
[2025-04-14 18:27:24] [INFO] [SYSTEM] アクセススレッドを開始しました
[2025-04-14 18:27:24] [INFO] [SYSTEM] CSVファイル読み込み開始: src\data\engineers.csv
[2025-04-14 18:27:24] [INFO] [SYSTEM] CSVファイル読み込み完了: src\data\engineers.csv, 5行
[2025-04-14 18:27:24] [INFO] [SYSTEM] Loaded 5 engineers.
[2025-04-14 18:27:24] [INFO] [SYSTEM] 非同期タスクが完了: LoadData
[2025-04-14 18:27:24] [INFO] [SYSTEM] アプリケーションの初期化が完了しました
[2025-04-14 18:27:24] [INFO] [SYSTEM] パネルを切り替えました: ListPanel
[2025-04-14 18:27:24] [INFO] [SYSTEM] 画面を切り替えました: LIST
[2025-04-14 18:27:24] [INFO] [SYSTEM] エンジニアデータを更新しました: 5件
[2025-04-14 18:27:24] [INFO] [SYSTEM] ビューを更新しました
[2025-04-14 18:27:24] [INFO] [SYSTEM] ビューを更新しました
[2025-04-14 18:27:26] [INFO] [UI] 新規追加ボタンが押されました
[2025-04-14 18:27:26] [INFO] [SYSTEM] イベントを処理しました: CHANGE_PANEL
[2025-04-14 18:27:26] [INFO] [SYSTEM] AbstractEngineerPanelを初期化しました
[2025-04-14 18:27:26] [INFO] [UI] AddPanelを作成しました
[2025-04-14 18:27:26] [INFO] [UI] AddPanelを初期化しました
[2025-04-14 18:27:26] [INFO] [UI] AddPanelの初期化が完了しました
[2025-04-14 18:27:26] [INFO] [SYSTEM] パネルを切り替えました: AddPanel
[2025-04-14 18:27:26] [INFO] [SYSTEM] 画面を切り替えました: ADD
[2025-04-14 18:27:28] [WARNING] [UI] フィールドエラーを表示: nameField - *は必須項目になります。または20文字以内で入力してください
[2025-04-14 18:27:28] [WARNING] [UI] フィールドエラーを表示: idField - *は必須項目になります。または既に登録されているID以外を入力してください
[2025-04-14 18:27:28] [WARNING] [UI] フィールドエラーを表示: nameKanaField - *は必須項目になります。またはフリガナを20文字以内で入力してください
[2025-04-14 18:27:28] [WARNING] [UI] フィールドエラーを表示: birthDate - *は必須項目になります。項目を選択してください
[2025-04-14 18:27:28] [WARNING] [UI] フィールドエラーを表示: joinDate - *は必須項目になります。項目を選択してください
[2025-04-14 18:27:28] [WARNING] [UI] フィールドエラーを表示: careerComboBox - *は必須項目になります。項目を選択してください
[2025-04-14 18:27:28] [WARNING] [UI] フィールドエラーを表示: languages - *は必須項目になります。1つ以上項目を選択してください
[2025-04-14 18:27:34] [WARNING] [UI] フィールドエラーを表示: nameField - *は必須項目になります。または20文字以内で入力してください
[2025-04-14 18:27:34] [WARNING] [UI] フィールドエラーを表示: idField - *は必須項目になります。または既に登録されているID以外を入力してください
[2025-04-14 18:27:34] [WARNING] [UI] フィールドエラーを表示: nameKanaField - *は必須項目になります。またはフリガナを20文字以内で入力してください
[2025-04-14 18:27:34] [WARNING] [UI] フィールドエラーを表示: birthDate - *は必須項目になります。項目を選択してください
[2025-04-14 18:27:34] [WARNING] [UI] フィールドエラーを表示: joinDate - *は必須項目になります。項目を選択してください
[2025-04-14 18:27:34] [WARNING] [UI] フィールドエラーを表示: careerComboBox - *は必須項目になります。項目を選択してください
[2025-04-14 18:27:37] [INFO] [SYSTEM] アプリケーション終了処理を開始します
[2025-04-14 18:27:37] [INFO] [SYSTEM] ExecutorServiceを終了しています
[2025-04-14 18:27:37] [INFO] [SYSTEM] 登録済みスレッドを終了しています
[2025-04-14 18:27:37] [INFO] [SYSTEM] アプリケーション終了処理が完了しました
[2025-04-14 18:27:37] [INFO] [SYSTEM] シャットダウンします
