[2025-04-07 10:19:57] [INFO] [SYSTEM] ログシステムが正常に初期化されました
[2025-04-07 10:19:57] [INFO] [SYSTEM] ログシステムを初期化します
[2025-04-07 10:19:57] [INFO] [SYSTEM] シャットダウンフックを登録しました
[2025-04-07 10:19:57] [INFO] [SYSTEM] リソースマネージャーが正常に初期化されました
[2025-04-07 10:19:57] [INFO] [SYSTEM] リソースマネージャーを初期化しました
[2025-04-07 10:19:57] [INFO] [SYSTEM] メインフレームを初期化しました
[2025-04-07 10:19:58] [INFO] [SYSTEM] エンジニア一覧パネルを初期化しました
[2025-04-07 10:19:58] [INFO] [SYSTEM] 画面遷移コントローラーを初期化しました
[2025-04-07 10:19:58] [INFO] [SYSTEM] メインコントローラーを初期化しました
[2025-04-07 10:19:58] [INFO] [SYSTEM] エンジニアコントローラーを初期化しました
[2025-04-07 10:19:58] [INFO] [SYSTEM] アプリケーションを初期化しました
[2025-04-07 10:19:58] [INFO] [SYSTEM] スレッド 'AsyncTask-LoadData' を管理対象に登録しました
[2025-04-07 10:19:58] [INFO] [SYSTEM] イベントを処理しました: LOAD_DATA
[2025-04-07 10:19:58] [INFO] [SYSTEM] 非同期タスクを開始: LoadData
[2025-04-07 10:19:58] [INFO] [SYSTEM] エンジニアデータの読み込みを開始します
[2025-04-07 10:19:58] [INFO] [SYSTEM] Loaded 3 engineers.
[2025-04-07 10:19:58] [INFO] [SYSTEM] 非同期タスクが完了: LoadData
[2025-04-07 10:19:58] [INFO] [SYSTEM] アプリケーションの初期化が完了しました
[2025-04-07 10:19:58] [INFO] [SYSTEM] パネルを切り替えました: ListPanel
[2025-04-07 10:19:58] [INFO] [SYSTEM] 画面を切り替えました: LIST
[2025-04-07 10:19:59] [INFO] [SYSTEM] エンジニアデータを更新しました: 3件
[2025-04-07 10:19:59] [INFO] [SYSTEM] ビューを更新しました
[2025-04-07 10:19:59] [INFO] [SYSTEM] ビューを更新しました
[2025-04-07 10:20:01] [INFO] [UI] 新規追加ボタンが押されました
[2025-04-07 10:20:01] [INFO] [SYSTEM] イベントを処理しました: CHANGE_PANEL
[2025-04-07 10:20:01] [INFO] [SYSTEM] AbstractEngineerPanelを初期化しました
[2025-04-07 10:20:01] [INFO] [UI] AddPanelを作成しました
[2025-04-07 10:20:01] [INFO] [UI] AddPanelを初期化しました
[2025-04-07 10:20:05] [INFO] [UI] 新規追加ボタンが押されました
[2025-04-07 10:20:05] [INFO] [SYSTEM] イベントを処理しました: CHANGE_PANEL
[2025-04-07 10:20:05] [INFO] [SYSTEM] パネルを切り替えました: AddPanel
[2025-04-07 10:20:05] [INFO] [SYSTEM] 画面を切り替えました: ADD
[2025-04-07 10:20:22] [INFO] [SYSTEM] アプリケーション終了処理を開始します
[2025-04-07 10:20:22] [INFO] [SYSTEM] ExecutorServiceを終了しています
[2025-04-07 10:20:22] [INFO] [SYSTEM] 登録済みスレッドを終了しています
[2025-04-07 10:20:22] [INFO] [SYSTEM] アプリケーション終了処理が完了しました
[2025-04-07 10:27:40] [INFO] [SYSTEM] ログシステムが正常に初期化されました
[2025-04-07 10:27:40] [INFO] [SYSTEM] ログシステムを初期化します
[2025-04-07 10:27:40] [INFO] [SYSTEM] シャットダウンフックを登録しました
[2025-04-07 10:27:40] [INFO] [SYSTEM] リソースマネージャーが正常に初期化されました
[2025-04-07 10:27:40] [INFO] [SYSTEM] リソースマネージャーを初期化しました
[2025-04-07 10:27:41] [INFO] [SYSTEM] メインフレームを初期化しました
[2025-04-07 10:27:41] [INFO] [SYSTEM] エンジニア一覧パネルを初期化しました
[2025-04-07 10:27:41] [INFO] [SYSTEM] 画面遷移コントローラーを初期化しました
[2025-04-07 10:27:41] [INFO] [SYSTEM] メインコントローラーを初期化しました
[2025-04-07 10:27:41] [INFO] [SYSTEM] エンジニアコントローラーを初期化しました
[2025-04-07 10:27:41] [INFO] [SYSTEM] アプリケーションを初期化しました
[2025-04-07 10:27:41] [INFO] [SYSTEM] スレッド 'AsyncTask-LoadData' を管理対象に登録しました
[2025-04-07 10:27:41] [INFO] [SYSTEM] イベントを処理しました: LOAD_DATA
[2025-04-07 10:27:41] [INFO] [SYSTEM] 非同期タスクを開始: LoadData
[2025-04-07 10:27:41] [INFO] [SYSTEM] エンジニアデータの読み込みを開始します
[2025-04-07 10:27:41] [INFO] [SYSTEM] Loaded 3 engineers.
[2025-04-07 10:27:41] [INFO] [SYSTEM] 非同期タスクが完了: LoadData
[2025-04-07 10:27:41] [INFO] [SYSTEM] アプリケーションの初期化が完了しました
[2025-04-07 10:27:41] [INFO] [SYSTEM] パネルを切り替えました: ListPanel
[2025-04-07 10:27:41] [INFO] [SYSTEM] 画面を切り替えました: LIST
[2025-04-07 10:27:41] [INFO] [SYSTEM] エンジニアデータを更新しました: 3件
[2025-04-07 10:27:41] [INFO] [SYSTEM] ビューを更新しました
[2025-04-07 10:27:41] [INFO] [SYSTEM] ビューを更新しました
[2025-04-07 10:27:44] [INFO] [UI] 新規追加ボタンが押されました
[2025-04-07 10:27:44] [INFO] [SYSTEM] イベントを処理しました: CHANGE_PANEL
[2025-04-07 10:27:44] [INFO] [SYSTEM] AbstractEngineerPanelを初期化しました
[2025-04-07 10:27:44] [INFO] [UI] AddPanelを作成しました
[2025-04-07 10:27:44] [INFO] [UI] AddPanelを初期化しました
[2025-04-07 10:27:44] [INFO] [UI] AddPanelの初期化が完了しました
[2025-04-07 10:27:44] [INFO] [SYSTEM] パネルを切り替えました: AddPanel
[2025-04-07 10:27:44] [INFO] [SYSTEM] 画面を切り替えました: ADD
[2025-04-07 10:27:46] [INFO] [SYSTEM] アプリケーション終了処理を開始します
[2025-04-07 10:27:46] [INFO] [SYSTEM] ExecutorServiceを終了しています
[2025-04-07 10:27:46] [INFO] [SYSTEM] 登録済みスレッドを終了しています
[2025-04-07 10:27:46] [INFO] [SYSTEM] アプリケーション終了処理が完了しました
[2025-04-07 10:27:46] [INFO] [SYSTEM] シャットダウンします
