[2025-04-09 16:25:43] [INFO] [SYSTEM] ログシステムが正常に初期化されました
[2025-04-09 16:25:43] [INFO] [SYSTEM] ログシステムを初期化します
[2025-04-09 16:25:43] [INFO] [SYSTEM] シャットダウンフックを登録しました
[2025-04-09 16:25:43] [INFO] [SYSTEM] リソースマネージャーが正常に初期化されました
[2025-04-09 16:25:43] [INFO] [SYSTEM] リソースマネージャーを初期化しました
[2025-04-09 16:25:44] [INFO] [SYSTEM] メインフレームを初期化しました
[2025-04-09 16:25:44] [INFO] [SYSTEM] エンジニア一覧パネルを初期化しました
[2025-04-09 16:25:44] [INFO] [SYSTEM] 画面遷移コントローラーを初期化しました
[2025-04-09 16:25:45] [INFO] [SYSTEM] メインコントローラーを初期化しました
[2025-04-09 16:25:45] [INFO] [SYSTEM] エンジニアコントローラーを初期化しました
[2025-04-09 16:25:45] [INFO] [SYSTEM] アプリケーションを初期化しました
[2025-04-09 16:25:45] [INFO] [SYSTEM] スレッド 'AsyncTask-LoadData' を管理対象に登録しました
[2025-04-09 16:25:45] [INFO] [SYSTEM] イベントを処理しました: LOAD_DATA
[2025-04-09 16:25:45] [INFO] [SYSTEM] 非同期タスクを開始: LoadData
[2025-04-09 16:25:45] [INFO] [SYSTEM] エンジニアデータの読み込みを開始します
[2025-04-09 16:25:45] [INFO] [SYSTEM] アクセススレッドを開始しました
[2025-04-09 16:25:45] [INFO] [SYSTEM] CSVファイル読み込み開始: src\data\engineers.csv
[2025-04-09 16:25:45] [INFO] [SYSTEM] CSVファイル読み込み完了: src\data\engineers.csv, 3行
[2025-04-09 16:25:45] [INFO] [SYSTEM] Loaded 3 engineers.
[2025-04-09 16:25:45] [INFO] [SYSTEM] 非同期タスクが完了: LoadData
[2025-04-09 16:25:45] [INFO] [SYSTEM] アプリケーションの初期化が完了しました
[2025-04-09 16:25:45] [INFO] [SYSTEM] パネルを切り替えました: ListPanel
[2025-04-09 16:25:45] [INFO] [SYSTEM] 画面を切り替えました: LIST
[2025-04-09 16:25:46] [INFO] [SYSTEM] エンジニアデータを更新しました: 3件
[2025-04-09 16:25:46] [INFO] [SYSTEM] ビューを更新しました
[2025-04-09 16:25:46] [INFO] [SYSTEM] ビューを更新しました
[2025-04-09 16:26:27] [INFO] [UI] 新規追加ボタンが押されました
[2025-04-09 16:26:27] [INFO] [SYSTEM] イベントを処理しました: CHANGE_PANEL
[2025-04-09 16:26:27] [INFO] [SYSTEM] AbstractEngineerPanelを初期化しました
[2025-04-09 16:26:27] [INFO] [UI] AddPanelを作成しました
[2025-04-09 16:26:27] [INFO] [UI] AddPanelを初期化しました
[2025-04-09 16:26:27] [INFO] [UI] AddPanelの初期化が完了しました
[2025-04-09 16:26:27] [INFO] [SYSTEM] パネルを切り替えました: AddPanel
[2025-04-09 16:26:27] [INFO] [SYSTEM] 画面を切り替えました: ADD
[2025-04-09 16:28:25] [INFO] [SYSTEM] エンジニア情報の保存を開始します: ID=ID00004
[2025-04-09 16:28:25] [INFO] [SYSTEM] 保存処理の元パネルを記録: AddPanel
[2025-04-09 16:28:25] [INFO] [SYSTEM] スレッド 'AsyncTask-SaveEngineer' を管理対象に登録しました
[2025-04-09 16:28:25] [INFO] [SYSTEM] イベントを処理しました: SAVE_DATA
[2025-04-09 16:28:25] [INFO] [SYSTEM] 非同期タスクを開始: SaveEngineer
[2025-04-09 16:28:25] [INFO] [SYSTEM] アクセススレッドを開始しました
[2025-04-09 16:28:25] [INFO] [SYSTEM] CSVファイル読み込み開始: src\data\engineers.csv
[2025-04-09 16:28:25] [INFO] [SYSTEM] CSVファイル読み込み完了: src\data\engineers.csv, 3行
[2025-04-09 16:28:25] [INFO] [SYSTEM] アクセススレッドを開始しました
[2025-04-09 16:28:25] [INFO] [SYSTEM] CSVファイル書き込み開始: src\data\engineers.csv
[2025-04-09 16:28:25] [INFO] [SYSTEM] CSVファイル書き込み完了: src\data\engineers.csv, 5行
[2025-04-09 16:28:25] [INFO] [SYSTEM] エンジニア情報を保存しました: ID=ID00004, 名前=田中次郎
[2025-04-09 16:28:25] [INFO] [SYSTEM] Added engineer with ID ID00004 and name 田中次郎
[2025-04-09 16:28:25] [INFO] [SYSTEM] エンジニア情報の保存に成功しました: ID=ID00004
[2025-04-09 16:28:25] [INFO] [SYSTEM] AddPanelの完了処理を呼び出します（直接参照）: ID00004
[2025-04-09 16:28:25] [INFO] [SYSTEM] AddPanel.handleSaveComplete開始: ID=ID00004
[2025-04-09 16:28:25] [INFO] [SYSTEM] 非同期タスクが完了: SaveEngineer
[2025-04-09 16:28:25] [INFO] [SYSTEM] 処理中状態を解除しました
[2025-04-09 16:28:25] [INFO] [SYSTEM] 登録完了ダイアログを表示します: ID=ID00004
[2025-04-09 16:28:25] [INFO] [SYSTEM] 登録完了ダイアログ表示処理を開始: ID=ID00004
[2025-04-09 16:28:25] [INFO] [SYSTEM] ダイアログの結果を待機中: ID=ID00004
