[2025-04-10 18:30:50] [INFO] [SYSTEM] ログシステムが正常に初期化されました
[2025-04-10 18:30:50] [INFO] [SYSTEM] ログシステムを初期化します
[2025-04-10 18:30:50] [INFO] [SYSTEM] シャットダウンフックを登録しました
[2025-04-10 18:30:50] [INFO] [SYSTEM] リソースマネージャーが正常に初期化されました
[2025-04-10 18:30:50] [INFO] [SYSTEM] リソースマネージャーを初期化しました
[2025-04-10 18:30:50] [INFO] [SYSTEM] メインフレームを初期化しました
[2025-04-10 18:30:50] [INFO] [SYSTEM] エンジニア一覧パネルを初期化しました
[2025-04-10 18:30:50] [INFO] [SYSTEM] 画面遷移コントローラーを初期化しました
[2025-04-10 18:30:50] [INFO] [SYSTEM] メインコントローラーを初期化しました
[2025-04-10 18:30:50] [INFO] [SYSTEM] エンジニアコントローラーを初期化しました
[2025-04-10 18:30:50] [INFO] [SYSTEM] アプリケーションを初期化しました
[2025-04-10 18:30:50] [INFO] [SYSTEM] スレッド 'AsyncTask-LoadData' を管理対象に登録しました
[2025-04-10 18:30:50] [INFO] [SYSTEM] イベントを処理しました: LOAD_DATA
[2025-04-10 18:30:50] [INFO] [SYSTEM] 非同期タスクを開始: LoadData
[2025-04-10 18:30:50] [INFO] [SYSTEM] エンジニアデータの読み込みを開始します
[2025-04-10 18:30:50] [INFO] [SYSTEM] アクセススレッドを開始しました
[2025-04-10 18:30:50] [INFO] [SYSTEM] CSVファイル読み込み開始: src\data\engineers.csv
[2025-04-10 18:30:50] [INFO] [SYSTEM] CSVファイル読み込み完了: src\data\engineers.csv, 4行
[2025-04-10 18:30:50] [INFO] [SYSTEM] Loaded 4 engineers.
[2025-04-10 18:30:50] [INFO] [SYSTEM] 非同期タスクが完了: LoadData
[2025-04-10 18:30:50] [INFO] [SYSTEM] アプリケーションの初期化が完了しました
[2025-04-10 18:30:50] [INFO] [SYSTEM] パネルを切り替えました: ListPanel
[2025-04-10 18:30:50] [INFO] [SYSTEM] 画面を切り替えました: LIST
[2025-04-10 18:30:51] [INFO] [SYSTEM] エンジニアデータを更新しました: 4件
[2025-04-10 18:30:51] [INFO] [SYSTEM] ビューを更新しました
[2025-04-10 18:30:51] [INFO] [SYSTEM] ビューを更新しました
[2025-04-10 18:30:52] [INFO] [UI] 新規追加ボタンが押されました
[2025-04-10 18:30:52] [INFO] [SYSTEM] イベントを処理しました: CHANGE_PANEL
[2025-04-10 18:30:52] [INFO] [SYSTEM] AbstractEngineerPanelを初期化しました
[2025-04-10 18:30:52] [INFO] [UI] AddPanelを作成しました
[2025-04-10 18:30:52] [INFO] [UI] AddPanelを初期化しました
[2025-04-10 18:30:52] [INFO] [UI] AddPanelの初期化が完了しました
[2025-04-10 18:30:52] [INFO] [SYSTEM] パネルを切り替えました: AddPanel
[2025-04-10 18:30:52] [INFO] [SYSTEM] 画面を切り替えました: ADD
[2025-04-10 18:30:54] [INFO] [SYSTEM] イベントを処理しました: CHANGE_PANEL
[2025-04-10 18:30:54] [INFO] [UI] 一覧画面に戻ります
[2025-04-10 18:30:54] [INFO] [SYSTEM] パネルを切り替えました: ListPanel
[2025-04-10 18:30:54] [INFO] [SYSTEM] 画面を切り替えました: LIST
[2025-04-10 18:30:55] [INFO] [UI] 新規追加ボタンが押されました
[2025-04-10 18:30:55] [INFO] [SYSTEM] イベントを処理しました: CHANGE_PANEL
[2025-04-10 18:30:55] [INFO] [SYSTEM] パネルを切り替えました: AddPanel
[2025-04-10 18:30:55] [INFO] [SYSTEM] 画面を切り替えました: ADD
[2025-04-10 18:31:18] [INFO] [SYSTEM] アプリケーション終了処理を開始します
[2025-04-10 18:31:18] [INFO] [SYSTEM] ExecutorServiceを終了しています
[2025-04-10 18:31:18] [INFO] [SYSTEM] 登録済みスレッドを終了しています
[2025-04-10 18:31:18] [INFO] [SYSTEM] アプリケーション終了処理が完了しました
[2025-04-10 18:31:18] [INFO] [SYSTEM] シャットダウンします
[2025-04-10 18:33:17] [INFO] [SYSTEM] ログシステムが正常に初期化されました
[2025-04-10 18:33:17] [INFO] [SYSTEM] ログシステムを初期化します
[2025-04-10 18:33:17] [INFO] [SYSTEM] シャットダウンフックを登録しました
[2025-04-10 18:33:17] [INFO] [SYSTEM] リソースマネージャーが正常に初期化されました
[2025-04-10 18:33:17] [INFO] [SYSTEM] リソースマネージャーを初期化しました
[2025-04-10 18:33:17] [INFO] [SYSTEM] メインフレームを初期化しました
[2025-04-10 18:33:17] [INFO] [SYSTEM] エンジニア一覧パネルを初期化しました
[2025-04-10 18:33:17] [INFO] [SYSTEM] 画面遷移コントローラーを初期化しました
[2025-04-10 18:33:17] [INFO] [SYSTEM] メインコントローラーを初期化しました
[2025-04-10 18:33:17] [INFO] [SYSTEM] エンジニアコントローラーを初期化しました
[2025-04-10 18:33:17] [INFO] [SYSTEM] アプリケーションを初期化しました
[2025-04-10 18:33:17] [INFO] [SYSTEM] スレッド 'AsyncTask-LoadData' を管理対象に登録しました
[2025-04-10 18:33:17] [INFO] [SYSTEM] イベントを処理しました: LOAD_DATA
[2025-04-10 18:33:17] [INFO] [SYSTEM] 非同期タスクを開始: LoadData
[2025-04-10 18:33:17] [INFO] [SYSTEM] エンジニアデータの読み込みを開始します
[2025-04-10 18:33:17] [INFO] [SYSTEM] アクセススレッドを開始しました
[2025-04-10 18:33:17] [INFO] [SYSTEM] CSVファイル読み込み開始: src\data\engineers.csv
[2025-04-10 18:33:17] [INFO] [SYSTEM] CSVファイル読み込み完了: src\data\engineers.csv, 4行
[2025-04-10 18:33:17] [INFO] [SYSTEM] Loaded 4 engineers.
[2025-04-10 18:33:17] [INFO] [SYSTEM] 非同期タスクが完了: LoadData
[2025-04-10 18:33:18] [INFO] [SYSTEM] アプリケーションの初期化が完了しました
[2025-04-10 18:33:18] [INFO] [SYSTEM] パネルを切り替えました: ListPanel
[2025-04-10 18:33:18] [INFO] [SYSTEM] 画面を切り替えました: LIST
[2025-04-10 18:33:18] [INFO] [SYSTEM] エンジニアデータを更新しました: 4件
[2025-04-10 18:33:18] [INFO] [SYSTEM] ビューを更新しました
[2025-04-10 18:33:18] [INFO] [SYSTEM] ビューを更新しました
[2025-04-10 18:33:34] [INFO] [UI] 新規追加ボタンが押されました
[2025-04-10 18:33:34] [INFO] [SYSTEM] イベントを処理しました: CHANGE_PANEL
[2025-04-10 18:33:34] [INFO] [SYSTEM] AbstractEngineerPanelを初期化しました
[2025-04-10 18:33:34] [INFO] [UI] AddPanelを作成しました
[2025-04-10 18:33:34] [INFO] [UI] AddPanelを初期化しました
[2025-04-10 18:33:34] [INFO] [UI] AddPanelの初期化が完了しました
[2025-04-10 18:33:34] [INFO] [SYSTEM] パネルを切り替えました: AddPanel
[2025-04-10 18:33:34] [INFO] [SYSTEM] 画面を切り替えました: ADD
[2025-04-10 18:33:36] [WARNING] [UI] フィールドエラーを表示: nameField - *は必須項目になります。または20文字以内で入力してください
[2025-04-10 18:33:36] [WARNING] [UI] フィールドエラーを表示: idField - *は必須項目になります。すでに登録されているIDまたはID番号5桁の数字を入力してください
[2025-04-10 18:33:36] [WARNING] [UI] フィールドエラーを表示: nameKanaField - *は必須項目になります。またはフリガナを20文字以内で入力してください
[2025-04-10 18:33:36] [WARNING] [UI] フィールドエラーを表示: birthDate - *は必須項目になります。項目を選択してください
[2025-04-10 18:33:36] [WARNING] [UI] フィールドエラーを表示: careerComboBox - *は必須項目になります。項目を選択してください
[2025-04-10 18:33:36] [WARNING] [UI] フィールドエラーを表示: languages - *は必須項目になります。1つ以上項目を選択してください
[2025-04-10 18:48:44] [WARNING] [UI] フィールドエラーを表示: nameField - *は必須項目になります。または20文字以内で入力してください
[2025-04-10 18:48:44] [WARNING] [UI] フィールドエラーを表示: idField - *は必須項目になります。すでに登録されているIDまたはID番号5桁の数字を入力してください
[2025-04-10 18:48:44] [WARNING] [UI] フィールドエラーを表示: nameKanaField - *は必須項目になります。またはフリガナを20文字以内で入力してください
[2025-04-10 18:48:44] [WARNING] [UI] フィールドエラーを表示: birthDate - *は必須項目になります。項目を選択してください
[2025-04-10 18:48:44] [WARNING] [UI] フィールドエラーを表示: careerComboBox - *は必須項目になります。項目を選択してください
[2025-04-10 18:48:44] [WARNING] [UI] フィールドエラーを表示: languages - *は必須項目になります。1つ以上項目を選択してください
[2025-04-10 18:48:44] [WARNING] [UI] フィールドエラーを表示: careerHistoryArea - 経歴は200文字以内で入力してください
[2025-04-10 18:51:06] [WARNING] [UI] フィールドエラーを表示: nameField - *は必須項目になります。または20文字以内で入力してください
[2025-04-10 18:51:06] [WARNING] [UI] フィールドエラーを表示: idField - *は必須項目になります。すでに登録されているIDまたはID番号5桁の数字を入力してください
[2025-04-10 18:51:06] [WARNING] [UI] フィールドエラーを表示: nameKanaField - *は必須項目になります。またはフリガナを20文字以内で入力してください
[2025-04-10 18:51:06] [WARNING] [UI] フィールドエラーを表示: birthDate - *は必須項目になります。項目を選択してください
[2025-04-10 18:51:06] [WARNING] [UI] フィールドエラーを表示: careerComboBox - *は必須項目になります。項目を選択してください
[2025-04-10 18:51:06] [WARNING] [UI] フィールドエラーを表示: languages - *は必須項目になります。1つ以上項目を選択してください
[2025-04-10 18:51:25] [WARNING] [UI] フィールドエラーを表示: nameField - *は必須項目になります。または20文字以内で入力してください
[2025-04-10 18:51:25] [WARNING] [UI] フィールドエラーを表示: idField - *は必須項目になります。すでに登録されているIDまたはID番号5桁の数字を入力してください
[2025-04-10 18:51:25] [WARNING] [UI] フィールドエラーを表示: nameKanaField - *は必須項目になります。またはフリガナを20文字以内で入力してください
[2025-04-10 18:51:25] [WARNING] [UI] フィールドエラーを表示: birthDate - *は必須項目になります。項目を選択してください
[2025-04-10 18:51:25] [WARNING] [UI] フィールドエラーを表示: careerComboBox - *は必須項目になります。項目を選択してください
[2025-04-10 18:51:25] [WARNING] [UI] フィールドエラーを表示: languages - *は必須項目になります。1つ以上項目を選択してください
[2025-04-10 18:51:25] [WARNING] [UI] フィールドエラーを表示: careerHistoryArea - 経歴は200文字以内で入力してください
[2025-04-10 18:51:48] [WARNING] [UI] フィールドエラーを表示: nameField - *は必須項目になります。または20文字以内で入力してください
[2025-04-10 18:51:48] [WARNING] [UI] フィールドエラーを表示: idField - *は必須項目になります。すでに登録されているIDまたはID番号5桁の数字を入力してください
[2025-04-10 18:51:48] [WARNING] [UI] フィールドエラーを表示: nameKanaField - *は必須項目になります。またはフリガナを20文字以内で入力してください
[2025-04-10 18:51:48] [WARNING] [UI] フィールドエラーを表示: birthDate - *は必須項目になります。項目を選択してください
[2025-04-10 18:51:48] [WARNING] [UI] フィールドエラーを表示: careerComboBox - *は必須項目になります。項目を選択してください
[2025-04-10 18:51:48] [WARNING] [UI] フィールドエラーを表示: careerHistoryArea - 経歴は200文字以内で入力してください
[2025-04-10 18:51:52] [WARNING] [UI] フィールドエラーを表示: nameField - *は必須項目になります。または20文字以内で入力してください
[2025-04-10 18:51:52] [WARNING] [UI] フィールドエラーを表示: idField - *は必須項目になります。すでに登録されているIDまたはID番号5桁の数字を入力してください
[2025-04-10 18:51:52] [WARNING] [UI] フィールドエラーを表示: nameKanaField - *は必須項目になります。またはフリガナを20文字以内で入力してください
[2025-04-10 18:51:52] [WARNING] [UI] フィールドエラーを表示: birthDate - *は必須項目になります。項目を選択してください
[2025-04-10 18:51:52] [WARNING] [UI] フィールドエラーを表示: careerComboBox - *は必須項目になります。項目を選択してください
[2025-04-10 18:51:52] [WARNING] [UI] フィールドエラーを表示: languages - *は必須項目になります。1つ以上項目を選択してください
[2025-04-10 18:51:52] [WARNING] [UI] フィールドエラーを表示: careerHistoryArea - 経歴は200文字以内で入力してください
[2025-04-10 18:52:00] [WARNING] [UI] フィールドエラーを表示: nameField - *は必須項目になります。または20文字以内で入力してください
[2025-04-10 18:52:00] [WARNING] [UI] フィールドエラーを表示: idField - *は必須項目になります。すでに登録されているIDまたはID番号5桁の数字を入力してください
[2025-04-10 18:52:00] [WARNING] [UI] フィールドエラーを表示: nameKanaField - *は必須項目になります。またはフリガナを20文字以内で入力してください
[2025-04-10 18:52:00] [WARNING] [UI] フィールドエラーを表示: birthDate - *は必須項目になります。項目を選択してください
[2025-04-10 18:52:00] [WARNING] [UI] フィールドエラーを表示: languages - *は必須項目になります。1つ以上項目を選択してください
[2025-04-10 18:52:00] [WARNING] [UI] フィールドエラーを表示: careerHistoryArea - 経歴は200文字以内で入力してください
[2025-04-10 18:52:05] [WARNING] [UI] フィールドエラーを表示: nameField - *は必須項目になります。または20文字以内で入力してください
[2025-04-10 18:52:05] [WARNING] [UI] フィールドエラーを表示: idField - *は必須項目になります。すでに登録されているIDまたはID番号5桁の数字を入力してください
[2025-04-10 18:52:05] [WARNING] [UI] フィールドエラーを表示: nameKanaField - *は必須項目になります。またはフリガナを20文字以内で入力してください
[2025-04-10 18:52:05] [WARNING] [UI] フィールドエラーを表示: birthDate - *は必須項目になります。項目を選択してください
[2025-04-10 18:52:05] [WARNING] [UI] フィールドエラーを表示: careerComboBox - *は必須項目になります。項目を選択してください
[2025-04-10 18:52:05] [WARNING] [UI] フィールドエラーを表示: languages - *は必須項目になります。1つ以上項目を選択してください
[2025-04-10 18:52:05] [WARNING] [UI] フィールドエラーを表示: careerHistoryArea - 経歴は200文字以内で入力してください
[2025-04-10 18:52:33] [INFO] [SYSTEM] アプリケーション終了処理を開始します
[2025-04-10 18:52:33] [INFO] [SYSTEM] ExecutorServiceを終了しています
[2025-04-10 18:52:33] [INFO] [SYSTEM] 登録済みスレッドを終了しています
[2025-04-10 18:52:33] [INFO] [SYSTEM] アプリケーション終了処理が完了しました
[2025-04-10 18:52:33] [INFO] [SYSTEM] シャットダウンします
[2025-04-10 18:52:33] [INFO] [SYSTEM] 全リソースの解放処理を完了しました
