[2025-04-08 18:32:53] [INFO] [SYSTEM] ログシステムが正常に初期化されました
[2025-04-08 18:32:53] [INFO] [SYSTEM] ログシステムを初期化します
[2025-04-08 18:32:53] [INFO] [SYSTEM] シャットダウンフックを登録しました
[2025-04-08 18:32:53] [INFO] [SYSTEM] リソースマネージャーが正常に初期化されました
[2025-04-08 18:32:53] [INFO] [SYSTEM] リソースマネージャーを初期化しました
[2025-04-08 18:32:53] [INFO] [SYSTEM] メインフレームを初期化しました
[2025-04-08 18:32:54] [INFO] [SYSTEM] エンジニア一覧パネルを初期化しました
[2025-04-08 18:32:54] [INFO] [SYSTEM] 画面遷移コントローラーを初期化しました
[2025-04-08 18:32:54] [INFO] [SYSTEM] メインコントローラーを初期化しました
[2025-04-08 18:32:54] [INFO] [SYSTEM] エンジニアコントローラーを初期化しました
[2025-04-08 18:32:54] [INFO] [SYSTEM] アプリケーションを初期化しました
[2025-04-08 18:32:54] [INFO] [SYSTEM] スレッド 'AsyncTask-LoadData' を管理対象に登録しました
[2025-04-08 18:32:54] [INFO] [SYSTEM] イベントを処理しました: LOAD_DATA
[2025-04-08 18:32:54] [INFO] [SYSTEM] 非同期タスクを開始: LoadData
[2025-04-08 18:32:54] [INFO] [SYSTEM] エンジニアデータの読み込みを開始します
[2025-04-08 18:32:54] [INFO] [SYSTEM] アクセススレッドを開始しました
[2025-04-08 18:32:54] [WARNING] [SYSTEM] CSV読み込み結果が不正な形式です: null
[2025-04-08 18:32:54] [INFO] [SYSTEM] CSVファイル読み込み開始: src\data\engineers.csv
[2025-04-08 18:32:54] [WARNING] [SYSTEM] エンジニアデータの読み込みに失敗しました: CSV読み込み結果が不正な形式です
[2025-04-08 18:32:54] [INFO] [SYSTEM] Loaded 0 engineers.
[2025-04-08 18:32:54] [INFO] [SYSTEM] 非同期タスクが完了: LoadData
[2025-04-08 18:32:54] [INFO] [SYSTEM] CSVファイル読み込み完了: src\data\engineers.csv, 3行
[2025-04-08 18:32:54] [INFO] [SYSTEM] アプリケーションの初期化が完了しました
[2025-04-08 18:32:54] [INFO] [SYSTEM] パネルを切り替えました: ListPanel
[2025-04-08 18:32:54] [INFO] [SYSTEM] 画面を切り替えました: LIST
[2025-04-08 18:32:54] [INFO] [SYSTEM] エンジニアデータを更新しました: 0件
[2025-04-08 18:32:54] [INFO] [SYSTEM] ビューを更新しました
[2025-04-08 18:32:54] [INFO] [SYSTEM] ビューを更新しました
[2025-04-08 18:32:55] [INFO] [SYSTEM] アプリケーション終了処理を開始します
[2025-04-08 18:32:55] [INFO] [SYSTEM] ExecutorServiceを終了しています
[2025-04-08 18:32:55] [INFO] [SYSTEM] 登録済みスレッドを終了しています
[2025-04-08 18:32:55] [INFO] [SYSTEM] アプリケーション終了処理が完了しました
[2025-04-08 18:32:55] [INFO] [SYSTEM] シャットダウンします
