[2025-04-22 15:53:43] [INFO] [SYSTEM] ログシステムが正常に初期化されました
[2025-04-22 15:53:43] [INFO] [SYSTEM] ログシステムを初期化します
[2025-04-22 15:53:43] [INFO] [SYSTEM] シャットダウンフックを登録しました
[2025-04-22 15:53:43] [INFO] [SYSTEM] リソースマネージャーが正常に初期化されました
[2025-04-22 15:53:43] [INFO] [SYSTEM] リソースマネージャーを初期化しました
[2025-04-22 15:53:43] [INFO] [SYSTEM] メインフレームを初期化しました
[2025-04-22 15:53:43] [INFO] [SYSTEM] エンジニア一覧画面を初期化しました
[2025-04-22 15:53:43] [INFO] [SYSTEM] 画面遷移コントローラーを初期化しました
[2025-04-22 15:53:43] [INFO] [SYSTEM] メインコントローラーを初期化しました
[2025-04-22 15:53:43] [INFO] [SYSTEM] エンジニアコントローラーを初期化しました
[2025-04-22 15:53:43] [INFO] [SYSTEM] アプリケーションを初期化しました
[2025-04-22 15:53:43] [INFO] [SYSTEM] スレッド 'AsyncTask-LoadData' を管理対象に登録しました
[2025-04-22 15:53:43] [INFO] [SYSTEM] イベントを処理しました: LOAD_DATA
[2025-04-22 15:53:43] [INFO] [SYSTEM] 非同期タスクを開始: LoadData
[2025-04-22 15:53:43] [INFO] [SYSTEM] エンジニアデータの読み込みを開始します
[2025-04-22 15:53:43] [INFO] [SYSTEM] アクセススレッドを開始しました
[2025-04-22 15:53:43] [INFO] [SYSTEM] CSVファイル読み込み開始: src\data\engineers.csv
[2025-04-22 15:53:43] [INFO] [SYSTEM] CSVファイル読み込み完了: src\data\engineers.csv, 5行
[2025-04-22 15:53:43] [INFO] [SYSTEM] Loaded 5 engineers.
[2025-04-22 15:53:43] [INFO] [SYSTEM] 非同期タスクが完了: LoadData
[2025-04-22 15:53:43] [INFO] [SYSTEM] アプリケーションの初期化が完了しました
[2025-04-22 15:53:43] [INFO] [SYSTEM] パネルを切り替えました: ListPanel
[2025-04-22 15:53:43] [INFO] [SYSTEM] 画面を切り替えました: LIST
[2025-04-22 15:53:43] [INFO] [SYSTEM] エンジニアデータを更新しました: 5件
[2025-04-22 15:53:43] [INFO] [SYSTEM] ビューを更新しました
[2025-04-22 15:53:43] [INFO] [SYSTEM] ビューを更新しました
[2025-04-22 15:53:46] [INFO] [UI] 新規追加ボタンが押されました
[2025-04-22 15:53:46] [INFO] [SYSTEM] イベントを処理しました: CHANGE_PANEL
[2025-04-22 15:53:46] [INFO] [SYSTEM] AbstractEngineerPanelを初期化しました
[2025-04-22 15:53:46] [INFO] [UI] AddPanelを作成しました
[2025-04-22 15:53:46] [INFO] [UI] AddPanelを初期化しました
[2025-04-22 15:53:46] [INFO] [UI] AddPanelの初期化が完了しました
[2025-04-22 15:53:46] [INFO] [SYSTEM] パネルを切り替えました: AddPanel
[2025-04-22 15:53:46] [INFO] [SYSTEM] 画面を切り替えました: ADD
[2025-04-22 15:54:58] [INFO] [SYSTEM] エンジニア情報の保存を開始します: ID=00010
[2025-04-22 15:54:58] [INFO] [SYSTEM] 保存処理の元パネルを記録: AddPanel
[2025-04-22 15:54:58] [INFO] [SYSTEM] スレッド 'AsyncTask-SaveEngineer' を管理対象に登録しました
[2025-04-22 15:54:58] [INFO] [SYSTEM] イベントを処理しました: SAVE_DATA
[2025-04-22 15:54:58] [INFO] [SYSTEM] 非同期タスクを開始: SaveEngineer
[2025-04-22 15:54:58] [INFO] [SYSTEM] アクセススレッドを開始しました
[2025-04-22 15:54:58] [INFO] [SYSTEM] CSVファイル読み込み開始: src\data\engineers.csv
[2025-04-22 15:54:58] [INFO] [SYSTEM] CSVファイル読み込み完了: src\data\engineers.csv, 5行
[2025-04-22 15:54:58] [INFO] [SYSTEM] アクセススレッドを開始しました
[2025-04-22 15:54:58] [INFO] [SYSTEM] CSVファイル書き込み開始: src\data\engineers.csv
[2025-04-22 15:54:58] [INFO] [SYSTEM] CSVファイル書き込み完了: src\data\engineers.csv, 7行
[2025-04-22 15:54:58] [INFO] [SYSTEM] エンジニア情報を保存しました: ID=00010, 名前=佐藤二朗
[2025-04-22 15:54:58] [INFO] [SYSTEM] Added engineer with ID 00010 and name 佐藤二朗
[2025-04-22 15:54:58] [INFO] [SYSTEM] エンジニア情報の保存に成功しました: ID=00010
[2025-04-22 15:54:58] [INFO] [SYSTEM] AddPanelの完了処理を呼び出します（直接参照）: 00010
[2025-04-22 15:54:58] [INFO] [SYSTEM] 非同期タスクが完了: SaveEngineer
[2025-04-22 15:54:58] [INFO] [SYSTEM] AddPanel.handleSaveComplete開始: ID=00010
[2025-04-22 15:54:58] [INFO] [SYSTEM] 処理中状態を解除しました
[2025-04-22 15:54:58] [INFO] [SYSTEM] 登録完了ダイアログを表示します: ID=00010
[2025-04-22 15:54:58] [INFO] [SYSTEM] 登録完了ダイアログ表示処理を開始: ID=00010
[2025-04-22 15:54:58] [INFO] [SYSTEM] EDT上での直接ダイアログ表示を実行: ID=00010
[2025-04-22 15:54:58] [INFO] [SYSTEM] 直接ダイアログ表示を開始: ID=00010
[2025-04-22 15:54:58] [INFO] [SYSTEM] ダイアログを表示します: ID=00010
[2025-04-22 15:54:58] [INFO] [SYSTEM] AddPanelの処理状態をリセットしました
[2025-04-22 15:55:00] [INFO] [SYSTEM] ダイアログの選択結果: 1, ID=00010
[2025-04-22 15:55:00] [INFO] [SYSTEM] 直接ダイアログ処理完了 - 選択アクション: LIST, ID=00010
[2025-04-22 15:55:00] [INFO] [SYSTEM] 選択されたアクション: LIST
[2025-04-22 15:55:00] [INFO] [SYSTEM] 「一覧に戻る」が選択されました - 一覧画面に遷移します
[2025-04-22 15:55:00] [INFO] [SYSTEM] スレッド 'AsyncTask-LoadData' を管理対象に登録しました
[2025-04-22 15:55:00] [INFO] [SYSTEM] イベントを処理しました: LOAD_DATA
[2025-04-22 15:55:00] [INFO] [SYSTEM] 非同期タスクを開始: LoadData
[2025-04-22 15:55:00] [INFO] [SYSTEM] エンジニアデータの読み込みを開始します
[2025-04-22 15:55:00] [INFO] [SYSTEM] イベントを処理しました: CHANGE_PANEL
[2025-04-22 15:55:00] [INFO] [SYSTEM] CSVファイル読み込み開始: src\data\engineers.csv
[2025-04-22 15:55:00] [INFO] [SYSTEM] アクセススレッドを開始しました
[2025-04-22 15:55:00] [INFO] [SYSTEM] AddPanel.handleSaveComplete完了: ID=00010
[2025-04-22 15:55:00] [INFO] [SYSTEM] ビューを更新しました
[2025-04-22 15:55:00] [INFO] [SYSTEM] ビューを更新しました
[2025-04-22 15:55:00] [INFO] [SYSTEM] CSVファイル読み込み完了: src\data\engineers.csv, 6行
[2025-04-22 15:55:00] [INFO] [SYSTEM] Loaded 6 engineers.
[2025-04-22 15:55:00] [INFO] [SYSTEM] 非同期タスクが完了: LoadData
[2025-04-22 15:55:00] [INFO] [SYSTEM] パネルを切り替えました: ListPanel
[2025-04-22 15:55:00] [INFO] [SYSTEM] 画面を切り替えました: LIST
[2025-04-22 15:55:00] [INFO] [SYSTEM] エンジニアデータを更新しました: 6件
[2025-04-22 15:55:00] [INFO] [SYSTEM] ビューを更新しました
[2025-04-22 15:55:00] [INFO] [SYSTEM] ビューを更新しました
[2025-04-22 15:55:21] [INFO] [SYSTEM] アプリケーション終了処理を開始します
[2025-04-22 15:55:21] [INFO] [SYSTEM] ExecutorServiceを終了しています
[2025-04-22 15:55:21] [INFO] [SYSTEM] 登録済みスレッドを終了しています
[2025-04-22 15:55:21] [INFO] [SYSTEM] アプリケーション終了処理が完了しました
[2025-04-22 15:55:21] [INFO] [SYSTEM] シャットダウンします
[2025-04-22 15:55:21] [INFO] [SYSTEM] 全リソースの解放処理を完了しました
[2025-04-22 15:55:21] [INFO] [SYSTEM] システムをシャットダウンしています
