[2025-05-08 11:08:13] [INFO] [SYSTEM] ログシステムが正常に初期化されました
[2025-05-08 11:08:14] [INFO] [SYSTEM] ログシステムを初期化します
[2025-05-08 11:08:14] [INFO] [SYSTEM] シャットダウンフックを登録しました
[2025-05-08 11:08:14] [INFO] [SYSTEM] リソースマネージャーが正常に初期化されました
[2025-05-08 11:08:14] [INFO] [SYSTEM] リソースマネージャーを初期化しました
[2025-05-08 11:08:14] [INFO] [SYSTEM] メインフレームを初期化しました
[2025-05-08 11:08:14] [INFO] [UI] テーブルのダブルクリックイベントを設定しました
[2025-05-08 11:08:14] [INFO] [SYSTEM] エンジニア一覧画面を初期化しました
[2025-05-08 11:08:14] [INFO] [SYSTEM] 画面遷移コントローラーを初期化しました
[2025-05-08 11:08:14] [INFO] [SYSTEM] メインコントローラーを初期化しました
[2025-05-08 11:08:14] [INFO] [SYSTEM] エンジニアコントローラーを初期化しました
[2025-05-08 11:08:14] [INFO] [SYSTEM] アプリケーションを初期化しました
[2025-05-08 11:08:14] [INFO] [SYSTEM] スレッド 'AsyncTask-LoadData' を管理対象に登録しました
[2025-05-08 11:08:14] [INFO] [SYSTEM] イベントを処理しました: LOAD_DATA
[2025-05-08 11:08:14] [INFO] [SYSTEM] 非同期タスクを開始: LoadData
[2025-05-08 11:08:14] [INFO] [SYSTEM] エンジニアデータの読み込みを開始します
[2025-05-08 11:08:14] [INFO] [SYSTEM] アクセススレッドを開始しました
[2025-05-08 11:08:14] [INFO] [SYSTEM] CSVファイル読み込み開始: src\data\engineers.csv
[2025-05-08 11:08:14] [INFO] [SYSTEM] CSVファイル読み込み完了: src\data\engineers.csv, 1973行
[2025-05-08 11:08:14] [INFO] [SYSTEM] アプリケーションの初期化が完了しました
[2025-05-08 11:08:15] [INFO] [SYSTEM] パネルを切り替えました: ListPanel
[2025-05-08 11:08:15] [INFO] [SYSTEM] 画面を切り替えました: LIST
[2025-05-08 11:08:34] [INFO] [SYSTEM] 重複IDの上書きが確認されました: 984件
[2025-05-08 11:08:34] [INFO] [SYSTEM] Loaded 1973 engineers.
[2025-05-08 11:08:34] [INFO] [SYSTEM] 非同期タスクが完了: LoadData
[2025-05-08 11:08:34] [INFO] [SYSTEM] エンジニアデータを更新しました: 1973件
[2025-05-08 11:08:34] [INFO] [SYSTEM] ビューを更新しました
[2025-05-08 11:08:34] [INFO] [SYSTEM] ビューを更新しました
[2025-05-08 11:08:38] [INFO] [UI] ページを切り替えました: 2 / 20
[2025-05-08 11:08:38] [INFO] [UI] ページを切り替えました: 3 / 20
[2025-05-08 11:08:39] [INFO] [UI] ページを切り替えました: 4 / 20
[2025-05-08 11:08:39] [INFO] [UI] ページを切り替えました: 5 / 20
[2025-05-08 11:08:39] [INFO] [UI] ページを切り替えました: 6 / 20
[2025-05-08 11:08:39] [INFO] [UI] ページを切り替えました: 7 / 20
[2025-05-08 11:08:40] [INFO] [UI] ページを切り替えました: 8 / 20
[2025-05-08 11:08:40] [INFO] [UI] ページを切り替えました: 9 / 20
[2025-05-08 11:08:40] [INFO] [UI] ページを切り替えました: 10 / 20
[2025-05-08 11:08:40] [INFO] [UI] ページを切り替えました: 11 / 20
[2025-05-08 11:08:41] [INFO] [UI] ページを切り替えました: 12 / 20
[2025-05-08 11:08:41] [INFO] [UI] ページを切り替えました: 13 / 20
[2025-05-08 11:08:41] [INFO] [UI] ページを切り替えました: 14 / 20
[2025-05-08 11:08:41] [INFO] [UI] ページを切り替えました: 15 / 20
[2025-05-08 11:08:42] [INFO] [UI] ページを切り替えました: 16 / 20
[2025-05-08 11:08:42] [INFO] [UI] ページを切り替えました: 17 / 20
[2025-05-08 11:08:42] [INFO] [UI] ページを切り替えました: 18 / 20
[2025-05-08 11:08:42] [INFO] [UI] ページを切り替えました: 19 / 20
[2025-05-08 11:08:43] [INFO] [UI] ページを切り替えました: 20 / 20
[2025-05-08 11:08:45] [INFO] [SYSTEM] アプリケーション終了処理を開始します
[2025-05-08 11:08:45] [INFO] [SYSTEM] ExecutorServiceを終了しています
[2025-05-08 11:08:45] [INFO] [SYSTEM] 登録済みスレッドを終了しています
[2025-05-08 11:08:45] [INFO] [SYSTEM] アプリケーション終了処理が完了しました
[2025-05-08 11:08:45] [INFO] [SYSTEM] シャットダウンします
[2025-05-08 11:08:55] [INFO] [SYSTEM] ログシステムが正常に初期化されました
[2025-05-08 11:08:55] [INFO] [SYSTEM] ログシステムを初期化します
[2025-05-08 11:08:55] [INFO] [SYSTEM] シャットダウンフックを登録しました
[2025-05-08 11:08:55] [INFO] [SYSTEM] リソースマネージャーが正常に初期化されました
[2025-05-08 11:08:55] [INFO] [SYSTEM] リソースマネージャーを初期化しました
[2025-05-08 11:08:55] [INFO] [SYSTEM] メインフレームを初期化しました
[2025-05-08 11:08:55] [INFO] [UI] テーブルのダブルクリックイベントを設定しました
[2025-05-08 11:08:55] [INFO] [SYSTEM] エンジニア一覧画面を初期化しました
[2025-05-08 11:08:55] [INFO] [SYSTEM] 画面遷移コントローラーを初期化しました
[2025-05-08 11:08:55] [INFO] [SYSTEM] メインコントローラーを初期化しました
[2025-05-08 11:08:55] [INFO] [SYSTEM] エンジニアコントローラーを初期化しました
[2025-05-08 11:08:55] [INFO] [SYSTEM] アプリケーションを初期化しました
[2025-05-08 11:08:55] [INFO] [SYSTEM] スレッド 'AsyncTask-LoadData' を管理対象に登録しました
[2025-05-08 11:08:55] [INFO] [SYSTEM] イベントを処理しました: LOAD_DATA
[2025-05-08 11:08:55] [INFO] [SYSTEM] 非同期タスクを開始: LoadData
[2025-05-08 11:08:55] [INFO] [SYSTEM] エンジニアデータの読み込みを開始します
[2025-05-08 11:08:55] [INFO] [SYSTEM] アクセススレッドを開始しました
[2025-05-08 11:08:55] [INFO] [SYSTEM] CSVファイル読み込み開始: src\data\engineers.csv
[2025-05-08 11:08:55] [INFO] [SYSTEM] CSVファイル読み込み完了: src\data\engineers.csv, 1973行
[2025-05-08 11:08:55] [INFO] [SYSTEM] アプリケーションの初期化が完了しました
[2025-05-08 11:08:55] [INFO] [SYSTEM] パネルを切り替えました: ListPanel
[2025-05-08 11:08:55] [INFO] [SYSTEM] 画面を切り替えました: LIST
[2025-05-08 11:09:07] [INFO] [SYSTEM] 重複IDの上書きが確認されました: 984件
[2025-05-08 11:09:07] [INFO] [SYSTEM] Loaded 1973 engineers.
[2025-05-08 11:09:07] [INFO] [SYSTEM] 非同期タスクが完了: LoadData
[2025-05-08 11:09:07] [INFO] [SYSTEM] エンジニアデータを更新しました: 1973件
[2025-05-08 11:09:07] [INFO] [SYSTEM] ビューを更新しました
[2025-05-08 11:09:07] [INFO] [SYSTEM] ビューを更新しました
[2025-05-08 11:09:10] [INFO] [SYSTEM] アプリケーション終了処理を開始します
[2025-05-08 11:09:10] [INFO] [SYSTEM] ExecutorServiceを終了しています
[2025-05-08 11:09:10] [INFO] [SYSTEM] 登録済みスレッドを終了しています
[2025-05-08 11:09:10] [INFO] [SYSTEM] アプリケーション終了処理が完了しました
[2025-05-08 11:09:10] [INFO] [SYSTEM] シャットダウンします
[2025-05-08 11:09:13] [INFO] [SYSTEM] ログシステムが正常に初期化されました
[2025-05-08 11:09:13] [INFO] [SYSTEM] ログシステムを初期化します
[2025-05-08 11:09:13] [INFO] [SYSTEM] シャットダウンフックを登録しました
[2025-05-08 11:09:13] [INFO] [SYSTEM] リソースマネージャーが正常に初期化されました
[2025-05-08 11:09:13] [INFO] [SYSTEM] リソースマネージャーを初期化しました
[2025-05-08 11:09:13] [INFO] [SYSTEM] メインフレームを初期化しました
[2025-05-08 11:09:13] [INFO] [UI] テーブルのダブルクリックイベントを設定しました
[2025-05-08 11:09:13] [INFO] [SYSTEM] エンジニア一覧画面を初期化しました
[2025-05-08 11:09:13] [INFO] [SYSTEM] 画面遷移コントローラーを初期化しました
[2025-05-08 11:09:13] [INFO] [SYSTEM] メインコントローラーを初期化しました
[2025-05-08 11:09:13] [INFO] [SYSTEM] エンジニアコントローラーを初期化しました
[2025-05-08 11:09:13] [INFO] [SYSTEM] アプリケーションを初期化しました
[2025-05-08 11:09:13] [INFO] [SYSTEM] スレッド 'AsyncTask-LoadData' を管理対象に登録しました
[2025-05-08 11:09:13] [INFO] [SYSTEM] イベントを処理しました: LOAD_DATA
[2025-05-08 11:09:13] [INFO] [SYSTEM] 非同期タスクを開始: LoadData
[2025-05-08 11:09:13] [INFO] [SYSTEM] エンジニアデータの読み込みを開始します
[2025-05-08 11:09:13] [INFO] [SYSTEM] アクセススレッドを開始しました
[2025-05-08 11:09:13] [INFO] [SYSTEM] CSVファイル読み込み開始: src\data\engineers.csv
[2025-05-08 11:09:13] [INFO] [SYSTEM] CSVファイル読み込み完了: src\data\engineers.csv, 1973行
[2025-05-08 11:09:13] [INFO] [SYSTEM] アプリケーションの初期化が完了しました
[2025-05-08 11:09:13] [INFO] [SYSTEM] パネルを切り替えました: ListPanel
[2025-05-08 11:09:13] [INFO] [SYSTEM] 画面を切り替えました: LIST
[2025-05-08 11:09:20] [INFO] [SYSTEM] 重複IDの上書きが確認されました: 984件
[2025-05-08 11:09:20] [INFO] [SYSTEM] Loaded 1973 engineers.
[2025-05-08 11:09:20] [INFO] [SYSTEM] 非同期タスクが完了: LoadData
[2025-05-08 11:09:20] [INFO] [SYSTEM] エンジニアデータを更新しました: 1973件
[2025-05-08 11:09:20] [INFO] [SYSTEM] ビューを更新しました
[2025-05-08 11:09:20] [INFO] [SYSTEM] ビューを更新しました
[2025-05-08 11:31:01] [INFO] [SYSTEM] アプリケーション終了処理を開始します
[2025-05-08 11:31:01] [INFO] [SYSTEM] ExecutorServiceを終了しています
[2025-05-08 11:31:01] [INFO] [SYSTEM] 登録済みスレッドを終了しています
[2025-05-08 11:31:01] [INFO] [SYSTEM] アプリケーション終了処理が完了しました
[2025-05-08 11:31:01] [INFO] [SYSTEM] シャットダウンします
[2025-05-08 12:15:27] [INFO] [SYSTEM] ログシステムが正常に初期化されました
[2025-05-08 12:15:27] [INFO] [SYSTEM] ログシステムを初期化します
[2025-05-08 12:15:27] [INFO] [SYSTEM] シャットダウンフックを登録しました
[2025-05-08 12:15:27] [INFO] [SYSTEM] リソースマネージャーが正常に初期化されました
[2025-05-08 12:15:27] [INFO] [SYSTEM] リソースマネージャーを初期化しました
[2025-05-08 12:15:28] [INFO] [SYSTEM] メインフレームを初期化しました
[2025-05-08 12:15:28] [INFO] [UI] テーブルのダブルクリックイベントを設定しました
[2025-05-08 12:15:28] [INFO] [SYSTEM] エンジニア一覧画面を初期化しました
[2025-05-08 12:15:28] [INFO] [SYSTEM] 画面遷移コントローラーを初期化しました
[2025-05-08 12:15:28] [INFO] [SYSTEM] メインコントローラーを初期化しました
[2025-05-08 12:15:28] [INFO] [SYSTEM] エンジニアコントローラーを初期化しました
[2025-05-08 12:15:28] [INFO] [SYSTEM] アプリケーションを初期化しました
[2025-05-08 12:15:28] [INFO] [SYSTEM] スレッド 'AsyncTask-LoadData' を管理対象に登録しました
[2025-05-08 12:15:28] [INFO] [SYSTEM] イベントを処理しました: LOAD_DATA
[2025-05-08 12:15:28] [INFO] [SYSTEM] 非同期タスクを開始: LoadData
[2025-05-08 12:15:28] [INFO] [SYSTEM] エンジニアデータの読み込みを開始します
[2025-05-08 12:15:28] [INFO] [SYSTEM] アクセススレッドを開始しました
[2025-05-08 12:15:28] [INFO] [SYSTEM] CSVファイル読み込み開始: src\data\engineers.csv
[2025-05-08 12:15:28] [INFO] [SYSTEM] CSVファイル読み込み完了: src\data\engineers.csv, 1973行
[2025-05-08 12:15:29] [INFO] [SYSTEM] アプリケーションの初期化が完了しました
[2025-05-08 12:15:29] [INFO] [SYSTEM] パネルを切り替えました: ListPanel
[2025-05-08 12:15:29] [INFO] [SYSTEM] 画面を切り替えました: LIST
[2025-05-08 12:15:36] [INFO] [SYSTEM] 重複IDの上書きが確認されました: 984件
[2025-05-08 12:15:36] [SEVERE] [SYSTEM] 登録されているエンジニアデータが上限(1000件)を超えています: 1973件
[2025-05-08 12:15:36] [INFO] [SYSTEM] シャットダウンします
[2025-05-08 12:21:33] [INFO] [SYSTEM] ログシステムが正常に初期化されました
[2025-05-08 12:21:33] [INFO] [SYSTEM] ログシステムを初期化します
[2025-05-08 12:21:33] [INFO] [SYSTEM] シャットダウンフックを登録しました
[2025-05-08 12:21:33] [INFO] [SYSTEM] リソースマネージャーが正常に初期化されました
[2025-05-08 12:21:33] [INFO] [SYSTEM] リソースマネージャーを初期化しました
[2025-05-08 12:21:33] [INFO] [SYSTEM] メインフレームを初期化しました
[2025-05-08 12:21:34] [INFO] [UI] テーブルのダブルクリックイベントを設定しました
[2025-05-08 12:21:34] [INFO] [SYSTEM] エンジニア一覧画面を初期化しました
[2025-05-08 12:21:34] [INFO] [SYSTEM] 画面遷移コントローラーを初期化しました
[2025-05-08 12:21:34] [INFO] [SYSTEM] メインコントローラーを初期化しました
[2025-05-08 12:21:34] [INFO] [SYSTEM] エンジニアコントローラーを初期化しました
[2025-05-08 12:21:34] [INFO] [SYSTEM] アプリケーションを初期化しました
[2025-05-08 12:21:34] [INFO] [SYSTEM] スレッド 'AsyncTask-LoadData' を管理対象に登録しました
[2025-05-08 12:21:34] [INFO] [SYSTEM] イベントを処理しました: LOAD_DATA
[2025-05-08 12:21:34] [INFO] [SYSTEM] 非同期タスクを開始: LoadData
[2025-05-08 12:21:34] [INFO] [SYSTEM] エンジニアデータの読み込みを開始します
[2025-05-08 12:21:34] [INFO] [SYSTEM] アクセススレッドを開始しました
[2025-05-08 12:21:34] [INFO] [SYSTEM] CSVファイル読み込み開始: src\data\engineers.csv
[2025-05-08 12:21:34] [INFO] [SYSTEM] CSVファイル読み込み完了: src\data\engineers.csv, 5行
[2025-05-08 12:21:34] [INFO] [SYSTEM] Loaded 5 engineers.
[2025-05-08 12:21:34] [INFO] [SYSTEM] 非同期タスクが完了: LoadData
[2025-05-08 12:21:34] [INFO] [SYSTEM] アプリケーションの初期化が完了しました
[2025-05-08 12:21:34] [INFO] [SYSTEM] パネルを切り替えました: ListPanel
[2025-05-08 12:21:34] [INFO] [SYSTEM] 画面を切り替えました: LIST
[2025-05-08 12:21:34] [INFO] [SYSTEM] エンジニアデータを更新しました: 5件
[2025-05-08 12:21:34] [INFO] [SYSTEM] ビューを更新しました
[2025-05-08 12:21:34] [INFO] [SYSTEM] ビューを更新しました
[2025-05-08 12:21:36] [INFO] [UI] 新規追加ボタンが押されました
[2025-05-08 12:21:36] [INFO] [SYSTEM] イベントを処理しました: CHANGE_PANEL
[2025-05-08 12:21:36] [INFO] [SYSTEM] AbstractEngineerPanelを初期化しました
[2025-05-08 12:21:36] [INFO] [UI] AddPanelを作成しました
[2025-05-08 12:21:36] [INFO] [UI] AddPanelを初期化しました
[2025-05-08 12:21:37] [INFO] [UI] AddPanelの初期化が完了しました
[2025-05-08 12:21:37] [INFO] [SYSTEM] パネルを切り替えました: AddPanel
[2025-05-08 12:21:37] [INFO] [SYSTEM] 画面を切り替えました: ADD
[2025-05-08 12:21:38] [WARNING] [UI] フィールドエラーを表示: nameField - *は必須項目になります。または20文字以内で入力してください
[2025-05-08 12:21:38] [WARNING] [UI] フィールドエラーを表示: nameKanaField - *は必須項目になります。またはフリガナを20文字以内で入力してください
[2025-05-08 12:21:38] [WARNING] [UI] フィールドエラーを表示: idField - *は必須項目になります。または既に登録されているID以外を入力してください
[2025-05-08 12:21:38] [WARNING] [UI] フィールドエラーを表示: birthDate - *は必須項目になります。項目を選択してください
[2025-05-08 12:21:38] [WARNING] [UI] フィールドエラーを表示: joinDate - *は必須項目になります。項目を選択してください
[2025-05-08 12:21:38] [WARNING] [UI] フィールドエラーを表示: careerComboBox - *は必須項目になります。項目を選択してください
[2025-05-08 12:21:38] [WARNING] [UI] フィールドエラーを表示: languages - *は必須項目になります。1つ以上項目を選択してください
[2025-05-08 12:21:39] [INFO] [SYSTEM] イベントを処理しました: CHANGE_PANEL
[2025-05-08 12:21:39] [INFO] [UI] 一覧画面に戻ります
[2025-05-08 12:21:39] [INFO] [SYSTEM] パネルを切り替えました: ListPanel
[2025-05-08 12:21:39] [INFO] [SYSTEM] 画面を切り替えました: LIST
[2025-05-08 12:21:41] [INFO] [UI] 新規追加ボタンが押されました
[2025-05-08 12:21:41] [INFO] [SYSTEM] イベントを処理しました: CHANGE_PANEL
[2025-05-08 12:21:41] [INFO] [SYSTEM] パネルを切り替えました: AddPanel
[2025-05-08 12:21:41] [INFO] [SYSTEM] 画面を切り替えました: ADD
[2025-05-08 12:21:45] [INFO] [SYSTEM] イベントを処理しました: CHANGE_PANEL
[2025-05-08 12:21:45] [INFO] [UI] 一覧画面に戻ります
[2025-05-08 12:21:45] [INFO] [SYSTEM] パネルを切り替えました: ListPanel
[2025-05-08 12:21:45] [INFO] [SYSTEM] 画面を切り替えました: LIST
[2025-05-08 12:21:47] [INFO] [SYSTEM] アクセススレッドを開始しました
[2025-05-08 12:21:47] [INFO] [SYSTEM] CSVファイル読み込み開始: src\data\engineers.csv
[2025-05-08 12:21:47] [INFO] [SYSTEM] CSVファイル読み込み完了: src\data\engineers.csv, 5行
[2025-05-08 12:21:47] [INFO] [SYSTEM] イベントを処理しました: VIEW_DETAIL
[2025-05-08 12:21:47] [INFO] [UI] エンジニア詳細表示: ID=ID00004, 氏名=田中次郎
[2025-05-08 12:21:47] [INFO] [SYSTEM] AbstractEngineerPanelを初期化しました
[2025-05-08 12:21:47] [INFO] [UI] DetailPanelを作成しました
[2025-05-08 12:21:47] [INFO] [UI] DetailPanelを初期化しました
[2025-05-08 12:21:47] [INFO] [UI] DetailPanelの初期化が完了しました
[2025-05-08 12:21:47] [INFO] [SYSTEM] DetailPanelを作成しました
[2025-05-08 12:21:47] [INFO] [SYSTEM] パネルを切り替えました: DetailPanel
[2025-05-08 12:21:47] [INFO] [UI] エンジニア情報を表示: ID=ID00004, 名前=田中次郎
[2025-05-08 12:21:47] [INFO] [SYSTEM] エンジニア詳細を表示: ID=ID00004
[2025-05-08 12:21:47] [INFO] [SYSTEM] 画面を切り替えました: DETAIL
[2025-05-08 12:21:51] [INFO] [SYSTEM] イベントを処理しました: CHANGE_PANEL
[2025-05-08 12:21:51] [INFO] [UI] 一覧画面に戻ります
[2025-05-08 12:21:51] [INFO] [SYSTEM] パネルを切り替えました: ListPanel
[2025-05-08 12:21:51] [INFO] [SYSTEM] 画面を切り替えました: LIST
[2025-05-08 12:22:03] [INFO] [SYSTEM] スレッド 'AsyncTask-delete_engineers' を管理対象に登録しました
[2025-05-08 12:22:03] [INFO] [SYSTEM] イベントを処理しました: DELETE_ENGINEER
[2025-05-08 12:22:03] [INFO] [SYSTEM] 非同期タスクを開始: delete_engineers
[2025-05-08 12:22:03] [INFO] [UI] 1件の行が削除対象に選択されました
[2025-05-08 12:22:03] [INFO] [SYSTEM] エンジニアコントローラーを初期化しました
[2025-05-08 12:22:06] [INFO] [SYSTEM] アクセススレッドを開始しました
[2025-05-08 12:22:06] [INFO] [SYSTEM] CSVファイル読み込み開始: src\data\engineers.csv
[2025-05-08 12:22:06] [INFO] [SYSTEM] CSVファイル読み込み完了: src\data\engineers.csv, 5行
[2025-05-08 12:22:06] [INFO] [SYSTEM] アクセススレッドを開始しました
[2025-05-08 12:22:06] [INFO] [SYSTEM] CSVファイル書き込み開始: src\data\engineers.csv
[2025-05-08 12:22:06] [INFO] [SYSTEM] CSVファイル書き込み完了: src\data\engineers.csv, 5行
[2025-05-08 12:22:06] [INFO] [SYSTEM] CSV削除後、1件のエンジニアをメモリ上からも削除しました
[2025-05-08 12:22:06] [INFO] [SYSTEM] 1件のエンジニア情報を削除しました。
[2025-05-08 12:22:06] [INFO] [SYSTEM] 非同期タスクが完了: delete_engineers
[2025-05-08 12:22:10] [INFO] [SYSTEM] エンジニアデータの読み込みを開始します
[2025-05-08 12:22:10] [INFO] [SYSTEM] アクセススレッドを開始しました
[2025-05-08 12:22:10] [INFO] [SYSTEM] CSVファイル読み込み開始: src\data\engineers.csv
[2025-05-08 12:22:10] [INFO] [SYSTEM] CSVファイル読み込み完了: src\data\engineers.csv, 4行
[2025-05-08 12:22:10] [INFO] [SYSTEM] Loaded 4 engineers.
[2025-05-08 12:22:10] [INFO] [SYSTEM] エンジニアデータを更新しました: 4件
[2025-05-08 12:22:10] [INFO] [SYSTEM] 削除後のデータを再読み込みしました
[2025-05-08 12:22:40] [INFO] [SYSTEM] アプリケーション終了処理を開始します
[2025-05-08 12:22:40] [INFO] [SYSTEM] ExecutorServiceを終了しています
[2025-05-08 12:22:40] [INFO] [SYSTEM] 登録済みスレッドを終了しています
[2025-05-08 12:22:40] [INFO] [SYSTEM] アプリケーション終了処理が完了しました
[2025-05-08 12:32:38] [INFO] [SYSTEM] ログシステムが正常に初期化されました
[2025-05-08 12:32:38] [INFO] [SYSTEM] ログシステムを初期化します
[2025-05-08 12:32:38] [INFO] [SYSTEM] シャットダウンフックを登録しました
[2025-05-08 12:32:38] [INFO] [SYSTEM] リソースマネージャーが正常に初期化されました
[2025-05-08 12:32:38] [INFO] [SYSTEM] リソースマネージャーを初期化しました
[2025-05-08 12:32:39] [INFO] [SYSTEM] メインフレームを初期化しました
[2025-05-08 12:32:39] [INFO] [UI] テーブルのダブルクリックイベントを設定しました
[2025-05-08 12:32:39] [INFO] [SYSTEM] エンジニア一覧画面を初期化しました
[2025-05-08 12:32:39] [INFO] [SYSTEM] 画面遷移コントローラーを初期化しました
[2025-05-08 12:32:39] [INFO] [SYSTEM] メインコントローラーを初期化しました
[2025-05-08 12:32:39] [INFO] [SYSTEM] エンジニアコントローラーを初期化しました
[2025-05-08 12:32:39] [INFO] [SYSTEM] アプリケーションを初期化しました
[2025-05-08 12:32:39] [INFO] [SYSTEM] スレッド 'AsyncTask-LoadData' を管理対象に登録しました
[2025-05-08 12:32:39] [INFO] [SYSTEM] イベントを処理しました: LOAD_DATA
[2025-05-08 12:32:39] [INFO] [SYSTEM] 非同期タスクを開始: LoadData
[2025-05-08 12:32:39] [INFO] [SYSTEM] エンジニアデータの読み込みを開始します
[2025-05-08 12:32:39] [INFO] [SYSTEM] アクセススレッドを開始しました
[2025-05-08 12:32:39] [INFO] [SYSTEM] CSVファイル読み込み開始: src\data\engineers.csv
[2025-05-08 12:32:39] [INFO] [SYSTEM] CSVファイル読み込み完了: src\data\engineers.csv, 1000行
[2025-05-08 12:32:39] [INFO] [SYSTEM] アプリケーションの初期化が完了しました
[2025-05-08 12:32:39] [INFO] [SYSTEM] パネルを切り替えました: ListPanel
[2025-05-08 12:32:39] [INFO] [SYSTEM] 画面を切り替えました: LIST
[2025-05-08 12:32:46] [INFO] [SYSTEM] 重複IDの上書きが確認されました: 3件
[2025-05-08 12:32:46] [INFO] [SYSTEM] Loaded 1000 engineers.
[2025-05-08 12:32:46] [INFO] [SYSTEM] 非同期タスクが完了: LoadData
[2025-05-08 12:32:46] [INFO] [SYSTEM] エンジニアデータを更新しました: 1000件
[2025-05-08 12:32:46] [INFO] [SYSTEM] ビューを更新しました
[2025-05-08 12:32:46] [INFO] [SYSTEM] ビューを更新しました
[2025-05-08 12:33:05] [INFO] [UI] ページを切り替えました: 2 / 10
[2025-05-08 12:33:05] [INFO] [UI] ページを切り替えました: 3 / 10
[2025-05-08 12:33:05] [INFO] [UI] ページを切り替えました: 4 / 10
[2025-05-08 12:33:06] [INFO] [UI] ページを切り替えました: 5 / 10
[2025-05-08 12:33:06] [INFO] [UI] ページを切り替えました: 6 / 10
[2025-05-08 12:33:06] [INFO] [UI] ページを切り替えました: 7 / 10
[2025-05-08 12:33:06] [INFO] [UI] ページを切り替えました: 8 / 10
[2025-05-08 12:33:07] [INFO] [UI] ページを切り替えました: 9 / 10
[2025-05-08 12:33:07] [INFO] [UI] ページを切り替えました: 10 / 10
[2025-05-08 12:33:15] [INFO] [SYSTEM] アプリケーション終了処理を開始します
[2025-05-08 12:33:15] [INFO] [SYSTEM] ExecutorServiceを終了しています
[2025-05-08 12:33:15] [INFO] [SYSTEM] 登録済みスレッドを終了しています
[2025-05-08 12:33:15] [INFO] [SYSTEM] アプリケーション終了処理が完了しました
[2025-05-08 12:33:18] [INFO] [SYSTEM] ログシステムが正常に初期化されました
[2025-05-08 12:33:18] [INFO] [SYSTEM] ログシステムを初期化します
[2025-05-08 12:33:18] [INFO] [SYSTEM] シャットダウンフックを登録しました
[2025-05-08 12:33:18] [INFO] [SYSTEM] リソースマネージャーが正常に初期化されました
[2025-05-08 12:33:18] [INFO] [SYSTEM] リソースマネージャーを初期化しました
[2025-05-08 12:33:18] [INFO] [SYSTEM] メインフレームを初期化しました
[2025-05-08 12:33:18] [INFO] [UI] テーブルのダブルクリックイベントを設定しました
[2025-05-08 12:33:18] [INFO] [SYSTEM] エンジニア一覧画面を初期化しました
[2025-05-08 12:33:18] [INFO] [SYSTEM] 画面遷移コントローラーを初期化しました
[2025-05-08 12:33:18] [INFO] [SYSTEM] メインコントローラーを初期化しました
[2025-05-08 12:33:18] [INFO] [SYSTEM] エンジニアコントローラーを初期化しました
[2025-05-08 12:33:18] [INFO] [SYSTEM] アプリケーションを初期化しました
[2025-05-08 12:33:18] [INFO] [SYSTEM] スレッド 'AsyncTask-LoadData' を管理対象に登録しました
[2025-05-08 12:33:18] [INFO] [SYSTEM] イベントを処理しました: LOAD_DATA
[2025-05-08 12:33:18] [INFO] [SYSTEM] 非同期タスクを開始: LoadData
[2025-05-08 12:33:18] [INFO] [SYSTEM] エンジニアデータの読み込みを開始します
[2025-05-08 12:33:18] [INFO] [SYSTEM] アクセススレッドを開始しました
[2025-05-08 12:33:18] [INFO] [SYSTEM] CSVファイル読み込み開始: src\data\engineers.csv
[2025-05-08 12:33:18] [INFO] [SYSTEM] CSVファイル読み込み完了: src\data\engineers.csv, 1000行
[2025-05-08 12:33:19] [INFO] [SYSTEM] アプリケーションの初期化が完了しました
[2025-05-08 12:33:19] [INFO] [SYSTEM] パネルを切り替えました: ListPanel
[2025-05-08 12:33:19] [INFO] [SYSTEM] 画面を切り替えました: LIST
[2025-05-08 12:33:25] [INFO] [SYSTEM] 重複IDの保持が確認されました: 3件
[2025-05-08 12:33:25] [INFO] [SYSTEM] Loaded 994 engineers.
[2025-05-08 12:33:25] [INFO] [SYSTEM] 非同期タスクが完了: LoadData
[2025-05-08 12:33:25] [INFO] [SYSTEM] エンジニアデータを更新しました: 994件
[2025-05-08 12:33:25] [INFO] [SYSTEM] ビューを更新しました
[2025-05-08 12:33:25] [INFO] [SYSTEM] ビューを更新しました
[2025-05-08 12:33:26] [INFO] [SYSTEM] アプリケーション終了処理を開始します
[2025-05-08 12:33:26] [INFO] [SYSTEM] ExecutorServiceを終了しています
[2025-05-08 12:33:26] [INFO] [SYSTEM] 登録済みスレッドを終了しています
[2025-05-08 12:33:26] [INFO] [SYSTEM] アプリケーション終了処理が完了しました
[2025-05-08 12:33:26] [INFO] [SYSTEM] シャットダウンします
[2025-05-08 12:33:53] [INFO] [SYSTEM] ログシステムが正常に初期化されました
[2025-05-08 12:33:53] [INFO] [SYSTEM] ログシステムを初期化します
[2025-05-08 12:33:53] [INFO] [SYSTEM] シャットダウンフックを登録しました
[2025-05-08 12:33:53] [INFO] [SYSTEM] リソースマネージャーが正常に初期化されました
[2025-05-08 12:33:53] [INFO] [SYSTEM] リソースマネージャーを初期化しました
[2025-05-08 12:33:53] [INFO] [SYSTEM] メインフレームを初期化しました
[2025-05-08 12:33:53] [INFO] [UI] テーブルのダブルクリックイベントを設定しました
[2025-05-08 12:33:53] [INFO] [SYSTEM] エンジニア一覧画面を初期化しました
[2025-05-08 12:33:53] [INFO] [SYSTEM] 画面遷移コントローラーを初期化しました
[2025-05-08 12:33:53] [INFO] [SYSTEM] メインコントローラーを初期化しました
[2025-05-08 12:33:53] [INFO] [SYSTEM] エンジニアコントローラーを初期化しました
[2025-05-08 12:33:53] [INFO] [SYSTEM] アプリケーションを初期化しました
[2025-05-08 12:33:53] [INFO] [SYSTEM] スレッド 'AsyncTask-LoadData' を管理対象に登録しました
[2025-05-08 12:33:53] [INFO] [SYSTEM] イベントを処理しました: LOAD_DATA
[2025-05-08 12:33:53] [INFO] [SYSTEM] 非同期タスクを開始: LoadData
[2025-05-08 12:33:53] [INFO] [SYSTEM] エンジニアデータの読み込みを開始します
[2025-05-08 12:33:53] [INFO] [SYSTEM] アクセススレッドを開始しました
[2025-05-08 12:33:53] [INFO] [SYSTEM] CSVファイル読み込み開始: src\data\engineers.csv
[2025-05-08 12:33:54] [INFO] [SYSTEM] CSVファイル読み込み完了: src\data\engineers.csv, 999行
[2025-05-08 12:33:54] [INFO] [SYSTEM] アプリケーションの初期化が完了しました
[2025-05-08 12:33:54] [INFO] [SYSTEM] パネルを切り替えました: ListPanel
[2025-05-08 12:33:54] [INFO] [SYSTEM] 画面を切り替えました: LIST
[2025-05-08 12:34:02] [INFO] [SYSTEM] 重複IDの保持が確認されました: 2件
[2025-05-08 12:34:02] [INFO] [SYSTEM] Loaded 995 engineers.
[2025-05-08 12:34:02] [INFO] [SYSTEM] 非同期タスクが完了: LoadData
[2025-05-08 12:34:02] [INFO] [SYSTEM] エンジニアデータを更新しました: 995件
[2025-05-08 12:34:02] [INFO] [SYSTEM] ビューを更新しました
[2025-05-08 12:34:02] [INFO] [SYSTEM] ビューを更新しました
[2025-05-08 12:34:03] [INFO] [SYSTEM] アプリケーション終了処理を開始します
[2025-05-08 12:34:03] [INFO] [SYSTEM] ExecutorServiceを終了しています
[2025-05-08 12:34:03] [INFO] [SYSTEM] 登録済みスレッドを終了しています
[2025-05-08 12:34:03] [INFO] [SYSTEM] アプリケーション終了処理が完了しました
[2025-05-08 12:34:03] [INFO] [SYSTEM] シャットダウンします
[2025-05-08 12:34:21] [INFO] [SYSTEM] ログシステムが正常に初期化されました
[2025-05-08 12:34:21] [INFO] [SYSTEM] ログシステムを初期化します
[2025-05-08 12:34:21] [INFO] [SYSTEM] シャットダウンフックを登録しました
[2025-05-08 12:34:21] [INFO] [SYSTEM] リソースマネージャーが正常に初期化されました
[2025-05-08 12:34:21] [INFO] [SYSTEM] リソースマネージャーを初期化しました
[2025-05-08 12:34:21] [INFO] [SYSTEM] メインフレームを初期化しました
[2025-05-08 12:34:21] [INFO] [UI] テーブルのダブルクリックイベントを設定しました
[2025-05-08 12:34:21] [INFO] [SYSTEM] エンジニア一覧画面を初期化しました
[2025-05-08 12:34:21] [INFO] [SYSTEM] 画面遷移コントローラーを初期化しました
[2025-05-08 12:34:21] [INFO] [SYSTEM] メインコントローラーを初期化しました
[2025-05-08 12:34:21] [INFO] [SYSTEM] エンジニアコントローラーを初期化しました
[2025-05-08 12:34:21] [INFO] [SYSTEM] アプリケーションを初期化しました
[2025-05-08 12:34:21] [INFO] [SYSTEM] スレッド 'AsyncTask-LoadData' を管理対象に登録しました
[2025-05-08 12:34:21] [INFO] [SYSTEM] イベントを処理しました: LOAD_DATA
[2025-05-08 12:34:21] [INFO] [SYSTEM] 非同期タスクを開始: LoadData
[2025-05-08 12:34:21] [INFO] [SYSTEM] エンジニアデータの読み込みを開始します
[2025-05-08 12:34:21] [INFO] [SYSTEM] アクセススレッドを開始しました
[2025-05-08 12:34:21] [INFO] [SYSTEM] CSVファイル読み込み開始: src\data\engineers.csv
[2025-05-08 12:34:21] [INFO] [SYSTEM] CSVファイル読み込み完了: src\data\engineers.csv, 998行
[2025-05-08 12:34:22] [INFO] [SYSTEM] アプリケーションの初期化が完了しました
[2025-05-08 12:34:22] [INFO] [SYSTEM] パネルを切り替えました: ListPanel
[2025-05-08 12:34:22] [INFO] [SYSTEM] 画面を切り替えました: LIST
[2025-05-08 12:34:26] [INFO] [SYSTEM] 重複IDの保持が確認されました: 1件
[2025-05-08 12:34:26] [INFO] [SYSTEM] Loaded 996 engineers.
[2025-05-08 12:34:26] [INFO] [SYSTEM] 非同期タスクが完了: LoadData
[2025-05-08 12:34:26] [INFO] [SYSTEM] エンジニアデータを更新しました: 996件
[2025-05-08 12:34:26] [INFO] [SYSTEM] ビューを更新しました
[2025-05-08 12:34:26] [INFO] [SYSTEM] ビューを更新しました
[2025-05-08 12:34:27] [INFO] [SYSTEM] アプリケーション終了処理を開始します
[2025-05-08 12:34:27] [INFO] [SYSTEM] ExecutorServiceを終了しています
[2025-05-08 12:34:27] [INFO] [SYSTEM] 登録済みスレッドを終了しています
[2025-05-08 12:34:27] [INFO] [SYSTEM] アプリケーション終了処理が完了しました
[2025-05-08 12:34:27] [INFO] [SYSTEM] シャットダウンします
[2025-05-08 12:34:58] [INFO] [SYSTEM] ログシステムが正常に初期化されました
[2025-05-08 12:34:58] [INFO] [SYSTEM] ログシステムを初期化します
[2025-05-08 12:34:58] [INFO] [SYSTEM] シャットダウンフックを登録しました
[2025-05-08 12:34:58] [INFO] [SYSTEM] リソースマネージャーが正常に初期化されました
[2025-05-08 12:34:58] [INFO] [SYSTEM] リソースマネージャーを初期化しました
[2025-05-08 12:34:58] [INFO] [SYSTEM] メインフレームを初期化しました
[2025-05-08 12:34:58] [INFO] [UI] テーブルのダブルクリックイベントを設定しました
[2025-05-08 12:34:58] [INFO] [SYSTEM] エンジニア一覧画面を初期化しました
[2025-05-08 12:34:58] [INFO] [SYSTEM] 画面遷移コントローラーを初期化しました
[2025-05-08 12:34:58] [INFO] [SYSTEM] メインコントローラーを初期化しました
[2025-05-08 12:34:58] [INFO] [SYSTEM] エンジニアコントローラーを初期化しました
[2025-05-08 12:34:58] [INFO] [SYSTEM] アプリケーションを初期化しました
[2025-05-08 12:34:58] [INFO] [SYSTEM] スレッド 'AsyncTask-LoadData' を管理対象に登録しました
[2025-05-08 12:34:58] [INFO] [SYSTEM] イベントを処理しました: LOAD_DATA
[2025-05-08 12:34:58] [INFO] [SYSTEM] 非同期タスクを開始: LoadData
[2025-05-08 12:34:58] [INFO] [SYSTEM] エンジニアデータの読み込みを開始します
[2025-05-08 12:34:58] [INFO] [SYSTEM] アクセススレッドを開始しました
[2025-05-08 12:34:58] [INFO] [SYSTEM] CSVファイル読み込み開始: src\data\engineers.csv
[2025-05-08 12:34:58] [INFO] [SYSTEM] CSVファイル読み込み完了: src\data\engineers.csv, 997行
[2025-05-08 12:34:58] [INFO] [SYSTEM] アプリケーションの初期化が完了しました
[2025-05-08 12:34:58] [INFO] [SYSTEM] パネルを切り替えました: ListPanel
[2025-05-08 12:34:58] [INFO] [SYSTEM] 画面を切り替えました: LIST
[2025-05-08 12:34:58] [INFO] [SYSTEM] Loaded 997 engineers.
[2025-05-08 12:34:58] [INFO] [SYSTEM] 非同期タスクが完了: LoadData
[2025-05-08 12:34:59] [INFO] [SYSTEM] エンジニアデータを更新しました: 997件
[2025-05-08 12:34:59] [INFO] [SYSTEM] ビューを更新しました
[2025-05-08 12:34:59] [INFO] [SYSTEM] ビューを更新しました
[2025-05-08 12:35:01] [INFO] [UI] ソート実行: 列=社員ID, 順序=昇順
[2025-05-08 12:35:01] [INFO] [SYSTEM] ソート完了: 997件
[2025-05-08 12:35:13] [INFO] [SYSTEM] アプリケーション終了処理を開始します
[2025-05-08 12:35:13] [INFO] [SYSTEM] ExecutorServiceを終了しています
[2025-05-08 12:35:13] [INFO] [SYSTEM] 登録済みスレッドを終了しています
[2025-05-08 12:35:13] [INFO] [SYSTEM] アプリケーション終了処理が完了しました
[2025-05-08 12:35:13] [INFO] [SYSTEM] シャットダウンします
[2025-05-08 12:50:44] [INFO] [SYSTEM] ログシステムが正常に初期化されました
[2025-05-08 12:50:44] [INFO] [SYSTEM] ログシステムを初期化します
[2025-05-08 12:50:44] [INFO] [SYSTEM] シャットダウンフックを登録しました
[2025-05-08 12:50:44] [INFO] [SYSTEM] リソースマネージャーが正常に初期化されました
[2025-05-08 12:50:44] [INFO] [SYSTEM] リソースマネージャーを初期化しました
[2025-05-08 12:50:44] [INFO] [SYSTEM] メインフレームを初期化しました
[2025-05-08 12:50:44] [INFO] [UI] テーブルのダブルクリックイベントを設定しました
[2025-05-08 12:50:44] [INFO] [SYSTEM] エンジニア一覧画面を初期化しました
[2025-05-08 12:50:44] [INFO] [SYSTEM] 画面遷移コントローラーを初期化しました
[2025-05-08 12:50:44] [INFO] [SYSTEM] メインコントローラーを初期化しました
[2025-05-08 12:50:44] [INFO] [SYSTEM] エンジニアコントローラーを初期化しました
[2025-05-08 12:50:44] [INFO] [SYSTEM] アプリケーションを初期化しました
[2025-05-08 12:50:44] [INFO] [SYSTEM] スレッド 'AsyncTask-LoadData' を管理対象に登録しました
[2025-05-08 12:50:44] [INFO] [SYSTEM] イベントを処理しました: LOAD_DATA
[2025-05-08 12:50:44] [INFO] [SYSTEM] 非同期タスクを開始: LoadData
[2025-05-08 12:50:44] [INFO] [SYSTEM] エンジニアデータの読み込みを開始します
[2025-05-08 12:50:44] [INFO] [SYSTEM] アクセススレッドを開始しました
[2025-05-08 12:50:44] [INFO] [SYSTEM] CSVファイル読み込み開始: src\data\engineers.csv
[2025-05-08 12:50:44] [INFO] [SYSTEM] CSVファイル読み込み完了: src\data\engineers.csv, 1000行
[2025-05-08 12:50:44] [INFO] [SYSTEM] Loaded 1000 engineers.
[2025-05-08 12:50:45] [INFO] [SYSTEM] 非同期タスクが完了: LoadData
[2025-05-08 12:50:45] [INFO] [SYSTEM] アプリケーションの初期化が完了しました
[2025-05-08 12:50:45] [INFO] [SYSTEM] パネルを切り替えました: ListPanel
[2025-05-08 12:50:45] [INFO] [SYSTEM] 画面を切り替えました: LIST
[2025-05-08 12:50:45] [INFO] [SYSTEM] エンジニアデータを更新しました: 1000件
[2025-05-08 12:50:45] [INFO] [SYSTEM] ビューを更新しました
[2025-05-08 12:50:45] [INFO] [SYSTEM] ビューを更新しました
[2025-05-08 12:50:52] [INFO] [SYSTEM] アプリケーション終了処理を開始します
[2025-05-08 12:50:52] [INFO] [SYSTEM] ExecutorServiceを終了しています
[2025-05-08 12:50:52] [INFO] [SYSTEM] 登録済みスレッドを終了しています
[2025-05-08 12:50:52] [INFO] [SYSTEM] アプリケーション終了処理が完了しました
[2025-05-08 12:50:52] [INFO] [SYSTEM] シャットダウンします
[2025-05-08 12:51:10] [INFO] [SYSTEM] ログシステムが正常に初期化されました
[2025-05-08 12:51:10] [INFO] [SYSTEM] ログシステムを初期化します
[2025-05-08 12:51:10] [INFO] [SYSTEM] シャットダウンフックを登録しました
[2025-05-08 12:51:10] [INFO] [SYSTEM] リソースマネージャーが正常に初期化されました
[2025-05-08 12:51:10] [INFO] [SYSTEM] リソースマネージャーを初期化しました
[2025-05-08 12:51:10] [INFO] [SYSTEM] メインフレームを初期化しました
[2025-05-08 12:51:10] [INFO] [UI] テーブルのダブルクリックイベントを設定しました
[2025-05-08 12:51:10] [INFO] [SYSTEM] エンジニア一覧画面を初期化しました
[2025-05-08 12:51:10] [INFO] [SYSTEM] 画面遷移コントローラーを初期化しました
[2025-05-08 12:51:10] [INFO] [SYSTEM] メインコントローラーを初期化しました
[2025-05-08 12:51:10] [INFO] [SYSTEM] エンジニアコントローラーを初期化しました
[2025-05-08 12:51:10] [INFO] [SYSTEM] アプリケーションを初期化しました
[2025-05-08 12:51:10] [INFO] [SYSTEM] スレッド 'AsyncTask-LoadData' を管理対象に登録しました
[2025-05-08 12:51:10] [INFO] [SYSTEM] イベントを処理しました: LOAD_DATA
[2025-05-08 12:51:10] [INFO] [SYSTEM] 非同期タスクを開始: LoadData
[2025-05-08 12:51:10] [INFO] [SYSTEM] エンジニアデータの読み込みを開始します
[2025-05-08 12:51:10] [INFO] [SYSTEM] アクセススレッドを開始しました
[2025-05-08 12:51:10] [INFO] [SYSTEM] CSVファイル読み込み開始: src\data\engineers.csv
[2025-05-08 12:51:10] [INFO] [SYSTEM] CSVファイル読み込み完了: src\data\engineers.csv, 1001行
[2025-05-08 12:51:11] [INFO] [SYSTEM] アプリケーションの初期化が完了しました
[2025-05-08 12:51:11] [INFO] [SYSTEM] パネルを切り替えました: ListPanel
[2025-05-08 12:51:11] [INFO] [SYSTEM] 画面を切り替えました: LIST
[2025-05-08 12:51:11] [SEVERE] [SYSTEM] 登録されているエンジニアデータが上限(1000件)を超えています: 1001件
[2025-05-08 13:07:00] [INFO] [SYSTEM] ログシステムが正常に初期化されました
[2025-05-08 13:07:00] [INFO] [SYSTEM] ログシステムを初期化します
[2025-05-08 13:07:00] [INFO] [SYSTEM] シャットダウンフックを登録しました
[2025-05-08 13:07:00] [INFO] [SYSTEM] リソースマネージャーが正常に初期化されました
[2025-05-08 13:07:00] [INFO] [SYSTEM] リソースマネージャーを初期化しました
[2025-05-08 13:07:01] [INFO] [SYSTEM] メインフレームを初期化しました
[2025-05-08 13:07:01] [INFO] [UI] テーブルのダブルクリックイベントを設定しました
[2025-05-08 13:07:01] [INFO] [SYSTEM] エンジニア一覧画面を初期化しました
[2025-05-08 13:07:01] [INFO] [SYSTEM] 画面遷移コントローラーを初期化しました
[2025-05-08 13:07:01] [INFO] [SYSTEM] メインコントローラーを初期化しました
[2025-05-08 13:07:01] [INFO] [SYSTEM] エンジニアコントローラーを初期化しました
[2025-05-08 13:07:01] [INFO] [SYSTEM] アプリケーションを初期化しました
[2025-05-08 13:07:01] [INFO] [SYSTEM] スレッド 'AsyncTask-LoadData' を管理対象に登録しました
[2025-05-08 13:07:01] [INFO] [SYSTEM] イベントを処理しました: LOAD_DATA
[2025-05-08 13:07:01] [INFO] [SYSTEM] 非同期タスクを開始: LoadData
[2025-05-08 13:07:01] [INFO] [SYSTEM] エンジニアデータの読み込みを開始します
[2025-05-08 13:07:01] [INFO] [SYSTEM] アクセススレッドを開始しました
[2025-05-08 13:07:01] [INFO] [SYSTEM] CSVファイル読み込み開始: src\data\engineers.csv
[2025-05-08 13:07:01] [INFO] [SYSTEM] CSVファイル読み込み完了: src\data\engineers.csv, 1001行
[2025-05-08 13:07:01] [INFO] [SYSTEM] アプリケーションの初期化が完了しました
[2025-05-08 13:07:01] [SEVERE] [SYSTEM] 登録されているエンジニアデータが上限(1000件)を超えています: 1001件
[2025-05-08 13:07:01] [INFO] [SYSTEM] Loaded 1001 engineers.
[2025-05-08 13:07:01] [SEVERE] [SYSTEM] 登録されているエンジニアデータが上限(1000件)を超えています: 1001件
[2025-05-08 13:07:01] [INFO] [SYSTEM] 非同期タスクが完了: LoadData
[2025-05-08 13:07:01] [INFO] [SYSTEM] パネルを切り替えました: ListPanel
[2025-05-08 13:07:01] [INFO] [SYSTEM] 画面を切り替えました: LIST
[2025-05-08 13:07:02] [INFO] [SYSTEM] アプリケーションのシャットダウンを開始します
[2025-05-08 13:07:02] [INFO] [SYSTEM] 実行中の非同期タスクを終了します: 0件
[2025-05-08 13:07:02] [INFO] [SYSTEM] アプリケーション終了処理を開始します
[2025-05-08 13:07:02] [INFO] [SYSTEM] ExecutorServiceを終了しています
[2025-05-08 13:07:02] [INFO] [SYSTEM] 登録済みスレッドを終了しています
[2025-05-08 13:07:02] [INFO] [SYSTEM] アプリケーション終了処理が完了しました
[2025-05-08 13:10:45] [INFO] [SYSTEM] ログシステムが正常に初期化されました
[2025-05-08 13:10:45] [INFO] [SYSTEM] ログシステムを初期化します
[2025-05-08 13:10:45] [INFO] [SYSTEM] シャットダウンフックを登録しました
[2025-05-08 13:10:45] [INFO] [SYSTEM] リソースマネージャーが正常に初期化されました
[2025-05-08 13:10:45] [INFO] [SYSTEM] リソースマネージャーを初期化しました
[2025-05-08 13:10:45] [INFO] [SYSTEM] メインフレームを初期化しました
[2025-05-08 13:10:45] [INFO] [UI] テーブルのダブルクリックイベントを設定しました
[2025-05-08 13:10:45] [INFO] [SYSTEM] エンジニア一覧画面を初期化しました
[2025-05-08 13:10:45] [INFO] [SYSTEM] 画面遷移コントローラーを初期化しました
[2025-05-08 13:10:45] [INFO] [SYSTEM] メインコントローラーを初期化しました
[2025-05-08 13:10:45] [INFO] [SYSTEM] エンジニアコントローラーを初期化しました
[2025-05-08 13:10:45] [INFO] [SYSTEM] アプリケーションを初期化しました
[2025-05-08 13:10:45] [INFO] [SYSTEM] スレッド 'AsyncTask-LoadData' を管理対象に登録しました
[2025-05-08 13:10:45] [INFO] [SYSTEM] イベントを処理しました: LOAD_DATA
[2025-05-08 13:10:45] [INFO] [SYSTEM] 非同期タスクを開始: LoadData
[2025-05-08 13:10:45] [INFO] [SYSTEM] エンジニアデータの読み込みを開始します
[2025-05-08 13:10:45] [INFO] [SYSTEM] アクセススレッドを開始しました
[2025-05-08 13:10:45] [INFO] [SYSTEM] CSVファイル読み込み開始: src\data\engineers.csv
[2025-05-08 13:10:45] [INFO] [SYSTEM] CSVファイル読み込み完了: src\data\engineers.csv, 1001行
[2025-05-08 13:10:46] [SEVERE] [SYSTEM] 登録されているエンジニアデータが上限(1000件)を超えています: 1001件
[2025-05-08 13:10:46] [INFO] [SYSTEM] Loaded 1001 engineers.
[2025-05-08 13:10:46] [SEVERE] [SYSTEM] 登録されているエンジニアデータが上限(1000件)を超えています: 1001件
[2025-05-08 13:10:46] [INFO] [SYSTEM] 非同期タスクが完了: LoadData
[2025-05-08 13:10:46] [INFO] [SYSTEM] アプリケーションの初期化が完了しました
[2025-05-08 13:10:46] [INFO] [SYSTEM] パネルを切り替えました: ListPanel
[2025-05-08 13:10:46] [INFO] [SYSTEM] 画面を切り替えました: LIST
[2025-05-08 13:10:46] [INFO] [SYSTEM] アプリケーションのシャットダウンを開始します
[2025-05-08 13:10:46] [INFO] [SYSTEM] 実行中の非同期タスクを終了します: 0件
[2025-05-08 13:10:46] [INFO] [SYSTEM] アプリケーション終了処理を開始します
[2025-05-08 13:10:46] [INFO] [SYSTEM] ExecutorServiceを終了しています
[2025-05-08 13:10:46] [INFO] [SYSTEM] 登録済みスレッドを終了しています
[2025-05-08 13:10:46] [INFO] [SYSTEM] アプリケーション終了処理が完了しました
[2025-05-08 13:10:46] [INFO] [SYSTEM] シャットダウンします
[2025-05-08 13:11:06] [INFO] [SYSTEM] ログシステムが正常に初期化されました
[2025-05-08 13:11:06] [INFO] [SYSTEM] ログシステムを初期化します
[2025-05-08 13:11:06] [INFO] [SYSTEM] シャットダウンフックを登録しました
[2025-05-08 13:11:06] [INFO] [SYSTEM] リソースマネージャーが正常に初期化されました
[2025-05-08 13:11:06] [INFO] [SYSTEM] リソースマネージャーを初期化しました
[2025-05-08 13:11:06] [INFO] [SYSTEM] メインフレームを初期化しました
[2025-05-08 13:11:06] [INFO] [UI] テーブルのダブルクリックイベントを設定しました
[2025-05-08 13:11:06] [INFO] [SYSTEM] エンジニア一覧画面を初期化しました
[2025-05-08 13:11:06] [INFO] [SYSTEM] 画面遷移コントローラーを初期化しました
[2025-05-08 13:11:06] [INFO] [SYSTEM] メインコントローラーを初期化しました
[2025-05-08 13:11:06] [INFO] [SYSTEM] エンジニアコントローラーを初期化しました
[2025-05-08 13:11:06] [INFO] [SYSTEM] アプリケーションを初期化しました
[2025-05-08 13:11:06] [INFO] [SYSTEM] スレッド 'AsyncTask-LoadData' を管理対象に登録しました
[2025-05-08 13:11:06] [INFO] [SYSTEM] イベントを処理しました: LOAD_DATA
[2025-05-08 13:11:06] [INFO] [SYSTEM] 非同期タスクを開始: LoadData
[2025-05-08 13:11:06] [INFO] [SYSTEM] エンジニアデータの読み込みを開始します
[2025-05-08 13:11:06] [INFO] [SYSTEM] アクセススレッドを開始しました
[2025-05-08 13:11:06] [INFO] [SYSTEM] CSVファイル読み込み開始: src\data\engineers.csv
[2025-05-08 13:11:06] [INFO] [SYSTEM] CSVファイル読み込み完了: src\data\engineers.csv, 1000行
[2025-05-08 13:11:07] [INFO] [SYSTEM] アプリケーションの初期化が完了しました
[2025-05-08 13:11:07] [INFO] [SYSTEM] Loaded 1000 engineers.
[2025-05-08 13:11:07] [INFO] [SYSTEM] 非同期タスクが完了: LoadData
[2025-05-08 13:11:07] [INFO] [SYSTEM] パネルを切り替えました: ListPanel
[2025-05-08 13:11:07] [INFO] [SYSTEM] 画面を切り替えました: LIST
[2025-05-08 13:11:07] [INFO] [SYSTEM] エンジニアデータを更新しました: 1000件
[2025-05-08 13:11:07] [INFO] [SYSTEM] ビューを更新しました
[2025-05-08 13:11:07] [INFO] [SYSTEM] ビューを更新しました
[2025-05-08 13:11:10] [INFO] [UI] 新規追加ボタンが押されました
[2025-05-08 13:11:10] [INFO] [SYSTEM] イベントを処理しました: CHANGE_PANEL
[2025-05-08 13:11:10] [INFO] [SYSTEM] AbstractEngineerPanelを初期化しました
[2025-05-08 13:11:10] [INFO] [UI] AddPanelを作成しました
[2025-05-08 13:11:10] [INFO] [UI] AddPanelを初期化しました
[2025-05-08 13:11:10] [INFO] [UI] AddPanelの初期化が完了しました
[2025-05-08 13:11:10] [INFO] [SYSTEM] パネルを切り替えました: AddPanel
[2025-05-08 13:11:10] [INFO] [SYSTEM] 画面を切り替えました: ADD
[2025-05-08 13:11:11] [WARNING] [UI] フィールドエラーを表示: nameField - *は必須項目になります。または20文字以内で入力してください
[2025-05-08 13:11:11] [WARNING] [UI] フィールドエラーを表示: nameKanaField - *は必須項目になります。またはフリガナを20文字以内で入力してください
[2025-05-08 13:11:11] [WARNING] [UI] フィールドエラーを表示: idField - *は必須項目になります。または既に登録されているID以外を入力してください
[2025-05-08 13:11:11] [WARNING] [UI] フィールドエラーを表示: birthDate - *は必須項目になります。項目を選択してください
[2025-05-08 13:11:11] [WARNING] [UI] フィールドエラーを表示: joinDate - *は必須項目になります。項目を選択してください
[2025-05-08 13:11:11] [WARNING] [UI] フィールドエラーを表示: careerComboBox - *は必須項目になります。項目を選択してください
[2025-05-08 13:11:11] [WARNING] [UI] フィールドエラーを表示: languages - *は必須項目になります。1つ以上項目を選択してください
[2025-05-08 13:11:12] [INFO] [SYSTEM] イベントを処理しました: CHANGE_PANEL
[2025-05-08 13:11:12] [INFO] [UI] 一覧画面に戻ります
[2025-05-08 13:11:12] [INFO] [SYSTEM] パネルを切り替えました: ListPanel
[2025-05-08 13:11:12] [INFO] [SYSTEM] 画面を切り替えました: LIST
[2025-05-08 13:11:14] [INFO] [UI] 取込ボタンが押されました
[2025-05-08 13:11:16] [INFO] [UI] テンプレートボタンが押されました
[2025-05-08 13:11:19] [INFO] [SYSTEM] イベントを処理しました: TEMPLATE
[2025-05-08 13:11:22] [INFO] [SYSTEM] アクセススレッドを開始しました
[2025-05-08 13:11:22] [INFO] [SYSTEM] CSVファイル読み込み開始: src\data\engineers.csv
[2025-05-08 13:11:22] [INFO] [SYSTEM] CSVファイル読み込み完了: src\data\engineers.csv, 1000行
[2025-05-08 13:11:22] [INFO] [SYSTEM] イベントを処理しました: VIEW_DETAIL
[2025-05-08 13:11:22] [INFO] [UI] エンジニア詳細表示: ID=ID49804, 氏名=山田太郎
[2025-05-08 13:11:22] [INFO] [SYSTEM] AbstractEngineerPanelを初期化しました
[2025-05-08 13:11:22] [INFO] [UI] DetailPanelを作成しました
[2025-05-08 13:11:22] [INFO] [UI] DetailPanelを初期化しました
[2025-05-08 13:11:22] [INFO] [UI] DetailPanelの初期化が完了しました
[2025-05-08 13:11:22] [INFO] [SYSTEM] DetailPanelを作成しました
[2025-05-08 13:11:22] [INFO] [SYSTEM] パネルを切り替えました: DetailPanel
[2025-05-08 13:11:22] [INFO] [UI] エンジニア情報を表示: ID=ID49804, 名前=山田太郎
[2025-05-08 13:11:22] [INFO] [SYSTEM] エンジニア詳細を表示: ID=ID49804
[2025-05-08 13:11:22] [INFO] [SYSTEM] 画面を切り替えました: DETAIL
[2025-05-08 13:11:24] [INFO] [SYSTEM] イベントを処理しました: CHANGE_PANEL
[2025-05-08 13:11:24] [INFO] [UI] 一覧画面に戻ります
[2025-05-08 13:11:24] [INFO] [SYSTEM] パネルを切り替えました: ListPanel
[2025-05-08 13:11:24] [INFO] [SYSTEM] 画面を切り替えました: LIST
[2025-05-08 13:11:25] [INFO] [SYSTEM] アプリケーション終了処理を開始します
[2025-05-08 13:11:25] [INFO] [SYSTEM] ExecutorServiceを終了しています
[2025-05-08 13:11:25] [INFO] [SYSTEM] 登録済みスレッドを終了しています
[2025-05-08 13:11:25] [INFO] [SYSTEM] アプリケーション終了処理が完了しました
[2025-05-08 18:05:24] [INFO] [SYSTEM] ログシステムが正常に初期化されました
[2025-05-08 18:05:24] [INFO] [SYSTEM] ログシステムを初期化します
[2025-05-08 18:05:24] [INFO] [SYSTEM] シャットダウンフックを登録しました
[2025-05-08 18:05:24] [INFO] [SYSTEM] リソースマネージャーが正常に初期化されました
[2025-05-08 18:05:24] [INFO] [SYSTEM] リソースマネージャーを初期化しました
[2025-05-08 18:05:25] [INFO] [SYSTEM] メインフレームを初期化しました
[2025-05-08 18:05:25] [INFO] [UI] テーブルのダブルクリックイベントを設定しました
[2025-05-08 18:05:25] [INFO] [SYSTEM] エンジニア一覧画面を初期化しました
[2025-05-08 18:05:25] [INFO] [SYSTEM] 画面遷移コントローラーを初期化しました
[2025-05-08 18:05:25] [INFO] [SYSTEM] メインコントローラーを初期化しました
[2025-05-08 18:05:25] [INFO] [SYSTEM] エンジニアコントローラーを初期化しました
[2025-05-08 18:05:25] [INFO] [SYSTEM] アプリケーションを初期化しました
[2025-05-08 18:05:25] [INFO] [SYSTEM] スレッド 'AsyncTask-LoadData' を管理対象に登録しました
[2025-05-08 18:05:25] [INFO] [SYSTEM] イベントを処理しました: LOAD_DATA
[2025-05-08 18:05:25] [INFO] [SYSTEM] 非同期タスクを開始: LoadData
[2025-05-08 18:05:25] [INFO] [SYSTEM] エンジニアデータの読み込みを開始します
[2025-05-08 18:05:25] [INFO] [SYSTEM] アクセススレッドを開始しました
[2025-05-08 18:05:25] [INFO] [SYSTEM] CSVファイル読み込み開始: src\data\engineers.csv
[2025-05-08 18:05:25] [INFO] [SYSTEM] CSVファイル読み込み完了: src\data\engineers.csv, 1000行
[2025-05-08 18:05:25] [INFO] [SYSTEM] アプリケーションの初期化が完了しました
[2025-05-08 18:05:25] [INFO] [SYSTEM] パネルを切り替えました: ListPanel
[2025-05-08 18:05:25] [INFO] [SYSTEM] 画面を切り替えました: LIST
[2025-05-08 18:05:25] [INFO] [SYSTEM] Loaded 1000 engineers.
[2025-05-08 18:05:25] [INFO] [SYSTEM] 非同期タスクが完了: LoadData
[2025-05-08 18:05:25] [INFO] [SYSTEM] エンジニアデータを更新しました: 1000件
[2025-05-08 18:05:25] [INFO] [SYSTEM] ビューを更新しました
[2025-05-08 18:05:25] [INFO] [SYSTEM] ビューを更新しました
[2025-05-08 18:05:28] [INFO] [SYSTEM] アプリケーション終了処理を開始します
[2025-05-08 18:05:28] [INFO] [SYSTEM] ExecutorServiceを終了しています
[2025-05-08 18:05:28] [INFO] [SYSTEM] 登録済みスレッドを終了しています
[2025-05-08 18:05:28] [INFO] [SYSTEM] アプリケーション終了処理が完了しました
