[2025-04-15 11:50:15] [INFO] [SYSTEM] ログシステムが正常に初期化されました
[2025-04-15 11:50:15] [INFO] [SYSTEM] ログシステムを初期化します
[2025-04-15 11:50:15] [INFO] [SYSTEM] シャットダウンフックを登録しました
[2025-04-15 11:50:15] [INFO] [SYSTEM] リソースマネージャーが正常に初期化されました
[2025-04-15 11:50:15] [INFO] [SYSTEM] リソースマネージャーを初期化しました
[2025-04-15 11:50:17] [INFO] [SYSTEM] メインフレームを初期化しました
[2025-04-15 11:50:17] [INFO] [SYSTEM] エンジニア一覧パネルを初期化しました
[2025-04-15 11:50:17] [INFO] [SYSTEM] 画面遷移コントローラーを初期化しました
[2025-04-15 11:50:17] [INFO] [SYSTEM] メインコントローラーを初期化しました
[2025-04-15 11:50:17] [INFO] [SYSTEM] エンジニアコントローラーを初期化しました
[2025-04-15 11:50:17] [INFO] [SYSTEM] アプリケーションを初期化しました
[2025-04-15 11:50:17] [INFO] [SYSTEM] スレッド 'AsyncTask-LoadData' を管理対象に登録しました
[2025-04-15 11:50:17] [INFO] [SYSTEM] イベントを処理しました: LOAD_DATA
[2025-04-15 11:50:17] [INFO] [SYSTEM] 非同期タスクを開始: LoadData
[2025-04-15 11:50:17] [INFO] [SYSTEM] エンジニアデータの読み込みを開始します
[2025-04-15 11:50:17] [INFO] [SYSTEM] アクセススレッドを開始しました
[2025-04-15 11:50:17] [INFO] [SYSTEM] CSVファイル読み込み開始: src\data\engineers.csv
[2025-04-15 11:50:17] [INFO] [SYSTEM] CSVファイル読み込み完了: src\data\engineers.csv, 5行
[2025-04-15 11:50:17] [INFO] [SYSTEM] Loaded 5 engineers.
[2025-04-15 11:50:17] [INFO] [SYSTEM] 非同期タスクが完了: LoadData
[2025-04-15 11:50:18] [INFO] [SYSTEM] アプリケーションの初期化が完了しました
[2025-04-15 11:50:18] [INFO] [SYSTEM] パネルを切り替えました: ListPanel
[2025-04-15 11:50:18] [INFO] [SYSTEM] 画面を切り替えました: LIST
[2025-04-15 11:50:18] [INFO] [SYSTEM] エンジニアデータを更新しました: 5件
[2025-04-15 11:50:18] [INFO] [SYSTEM] ビューを更新しました
[2025-04-15 11:50:18] [INFO] [SYSTEM] ビューを更新しました
[2025-04-15 11:50:20] [INFO] [UI] 新規追加ボタンが押されました
[2025-04-15 11:50:20] [INFO] [SYSTEM] イベントを処理しました: CHANGE_PANEL
[2025-04-15 11:50:20] [INFO] [SYSTEM] AbstractEngineerPanelを初期化しました
[2025-04-15 11:50:20] [INFO] [UI] AddPanelを作成しました
[2025-04-15 11:50:20] [INFO] [UI] AddPanelを初期化しました
[2025-04-15 11:50:20] [INFO] [UI] AddPanelの初期化が完了しました
[2025-04-15 11:50:20] [INFO] [SYSTEM] パネルを切り替えました: AddPanel
[2025-04-15 11:50:20] [INFO] [SYSTEM] 画面を切り替えました: ADD
[2025-04-15 12:11:03] [INFO] [SYSTEM] イベントを処理しました: CHANGE_PANEL
[2025-04-15 12:11:03] [INFO] [UI] 一覧画面に戻ります
[2025-04-15 12:11:03] [INFO] [SYSTEM] パネルを切り替えました: ListPanel
[2025-04-15 12:11:03] [INFO] [SYSTEM] 画面を切り替えました: LIST
[2025-04-15 12:11:13] [INFO] [UI] 新規追加ボタンが押されました
[2025-04-15 12:11:13] [INFO] [SYSTEM] イベントを処理しました: CHANGE_PANEL
[2025-04-15 12:11:13] [INFO] [SYSTEM] パネルを切り替えました: AddPanel
[2025-04-15 12:11:13] [INFO] [SYSTEM] 画面を切り替えました: ADD
[2025-04-15 13:10:12] [INFO] [SYSTEM] アプリケーション終了処理を開始します
[2025-04-15 13:10:12] [INFO] [SYSTEM] ExecutorServiceを終了しています
[2025-04-15 13:10:12] [INFO] [SYSTEM] 登録済みスレッドを終了しています
[2025-04-15 13:10:12] [INFO] [SYSTEM] アプリケーション終了処理が完了しました
[2025-04-15 13:10:12] [INFO] [SYSTEM] シャットダウンします
[2025-04-15 16:34:54] [INFO] [SYSTEM] ログシステムが正常に初期化されました
[2025-04-15 16:34:54] [INFO] [SYSTEM] ログシステムを初期化します
[2025-04-15 16:34:54] [INFO] [SYSTEM] シャットダウンフックを登録しました
[2025-04-15 16:34:54] [INFO] [SYSTEM] リソースマネージャーが正常に初期化されました
[2025-04-15 16:34:54] [INFO] [SYSTEM] リソースマネージャーを初期化しました
[2025-04-15 16:34:55] [INFO] [SYSTEM] メインフレームを初期化しました
[2025-04-15 16:34:55] [INFO] [SYSTEM] エンジニア一覧パネルを初期化しました
[2025-04-15 16:34:55] [INFO] [SYSTEM] 画面遷移コントローラーを初期化しました
[2025-04-15 16:34:55] [INFO] [SYSTEM] メインコントローラーを初期化しました
[2025-04-15 16:34:55] [INFO] [SYSTEM] エンジニアコントローラーを初期化しました
[2025-04-15 16:34:55] [INFO] [SYSTEM] アプリケーションを初期化しました
[2025-04-15 16:34:55] [INFO] [SYSTEM] スレッド 'AsyncTask-LoadData' を管理対象に登録しました
[2025-04-15 16:34:55] [INFO] [SYSTEM] イベントを処理しました: LOAD_DATA
[2025-04-15 16:34:55] [INFO] [SYSTEM] 非同期タスクを開始: LoadData
[2025-04-15 16:34:55] [INFO] [SYSTEM] エンジニアデータの読み込みを開始します
[2025-04-15 16:34:55] [INFO] [SYSTEM] アクセススレッドを開始しました
[2025-04-15 16:34:55] [INFO] [SYSTEM] CSVファイル読み込み開始: src\data\engineers.csv
[2025-04-15 16:34:55] [INFO] [SYSTEM] CSVファイル読み込み完了: src\data\engineers.csv, 5行
[2025-04-15 16:34:55] [INFO] [SYSTEM] Loaded 5 engineers.
[2025-04-15 16:34:55] [INFO] [SYSTEM] 非同期タスクが完了: LoadData
[2025-04-15 16:34:55] [INFO] [SYSTEM] アプリケーションの初期化が完了しました
[2025-04-15 16:34:55] [INFO] [SYSTEM] パネルを切り替えました: ListPanel
[2025-04-15 16:34:55] [INFO] [SYSTEM] 画面を切り替えました: LIST
[2025-04-15 16:34:55] [INFO] [SYSTEM] エンジニアデータを更新しました: 5件
[2025-04-15 16:34:55] [INFO] [SYSTEM] ビューを更新しました
[2025-04-15 16:34:55] [INFO] [SYSTEM] ビューを更新しました
[2025-04-15 16:36:47] [INFO] [SYSTEM] アプリケーション終了処理を開始します
[2025-04-15 16:36:47] [INFO] [SYSTEM] ExecutorServiceを終了しています
[2025-04-15 16:36:47] [INFO] [SYSTEM] 登録済みスレッドを終了しています
[2025-04-15 16:36:48] [INFO] [SYSTEM] アプリケーション終了処理が完了しました
[2025-04-15 16:36:48] [INFO] [SYSTEM] シャットダウンします
[2025-04-15 17:02:01] [INFO] [SYSTEM] ログシステムが正常に初期化されました
[2025-04-15 17:02:01] [INFO] [SYSTEM] ログシステムを初期化します
[2025-04-15 17:02:01] [INFO] [SYSTEM] シャットダウンフックを登録しました
[2025-04-15 17:02:01] [INFO] [SYSTEM] リソースマネージャーが正常に初期化されました
[2025-04-15 17:02:01] [INFO] [SYSTEM] リソースマネージャーを初期化しました
[2025-04-15 17:02:01] [INFO] [SYSTEM] メインフレームを初期化しました
[2025-04-15 17:02:02] [INFO] [SYSTEM] エンジニア一覧画面を初期化しました
[2025-04-15 17:02:02] [INFO] [SYSTEM] 画面遷移コントローラーを初期化しました
[2025-04-15 17:02:02] [INFO] [SYSTEM] メインコントローラーを初期化しました
[2025-04-15 17:02:02] [INFO] [SYSTEM] エンジニアコントローラーを初期化しました
[2025-04-15 17:02:02] [INFO] [SYSTEM] アプリケーションを初期化しました
[2025-04-15 17:02:02] [INFO] [SYSTEM] スレッド 'AsyncTask-LoadData' を管理対象に登録しました
[2025-04-15 17:02:02] [INFO] [SYSTEM] イベントを処理しました: LOAD_DATA
[2025-04-15 17:02:02] [INFO] [SYSTEM] 非同期タスクを開始: LoadData
[2025-04-15 17:02:02] [INFO] [SYSTEM] エンジニアデータの読み込みを開始します
[2025-04-15 17:02:02] [INFO] [SYSTEM] アクセススレッドを開始しました
[2025-04-15 17:02:02] [INFO] [SYSTEM] CSVファイル読み込み開始: src\data\engineers.csv
[2025-04-15 17:02:02] [INFO] [SYSTEM] CSVファイル読み込み完了: src\data\engineers.csv, 5行
[2025-04-15 17:02:02] [INFO] [SYSTEM] Loaded 5 engineers.
[2025-04-15 17:02:02] [INFO] [SYSTEM] 非同期タスクが完了: LoadData
[2025-04-15 17:02:02] [INFO] [SYSTEM] アプリケーションの初期化が完了しました
[2025-04-15 17:02:02] [INFO] [SYSTEM] パネルを切り替えました: ListPanel
[2025-04-15 17:02:02] [INFO] [SYSTEM] 画面を切り替えました: LIST
[2025-04-15 17:02:02] [INFO] [SYSTEM] エンジニアデータを更新しました: 5件
[2025-04-15 17:02:02] [INFO] [SYSTEM] ビューを更新しました
[2025-04-15 17:02:02] [INFO] [SYSTEM] ビューを更新しました
[2025-04-15 17:02:04] [INFO] [UI] 新規追加ボタンが押されました
[2025-04-15 17:02:04] [INFO] [SYSTEM] イベントを処理しました: CHANGE_PANEL
[2025-04-15 17:02:04] [INFO] [SYSTEM] AbstractEngineerPanelを初期化しました
[2025-04-15 17:02:04] [INFO] [UI] AddPanelを作成しました
[2025-04-15 17:02:04] [INFO] [UI] AddPanelを初期化しました
[2025-04-15 17:02:04] [INFO] [UI] AddPanelの初期化が完了しました
[2025-04-15 17:02:04] [INFO] [SYSTEM] パネルを切り替えました: AddPanel
[2025-04-15 17:02:04] [INFO] [SYSTEM] 画面を切り替えました: ADD
[2025-04-15 17:02:15] [WARNING] [UI] フィールドエラーを表示: idField - *は必須項目になります。または既に登録されているID以外を入力してください
[2025-04-15 17:02:15] [WARNING] [UI] フィールドエラーを表示: nameKanaField - *は必須項目になります。またはフリガナを20文字以内で入力してください
[2025-04-15 17:02:15] [WARNING] [UI] フィールドエラーを表示: birthDate - *は必須項目になります。項目を選択してください
[2025-04-15 17:02:15] [WARNING] [UI] フィールドエラーを表示: joinDate - *は必須項目になります。項目を選択してください
[2025-04-15 17:02:15] [WARNING] [UI] フィールドエラーを表示: careerComboBox - *は必須項目になります。項目を選択してください
[2025-04-15 17:02:15] [WARNING] [UI] フィールドエラーを表示: languages - *は必須項目になります。1つ以上項目を選択してください
[2025-04-15 17:02:22] [WARNING] [UI] フィールドエラーを表示: nameKanaField - *は必須項目になります。またはフリガナを20文字以内で入力してください
[2025-04-15 17:02:22] [WARNING] [UI] フィールドエラーを表示: birthDate - *は必須項目になります。項目を選択してください
[2025-04-15 17:02:22] [WARNING] [UI] フィールドエラーを表示: joinDate - *は必須項目になります。項目を選択してください
[2025-04-15 17:02:22] [WARNING] [UI] フィールドエラーを表示: careerComboBox - *は必須項目になります。項目を選択してください
[2025-04-15 17:02:22] [WARNING] [UI] フィールドエラーを表示: languages - *は必須項目になります。1つ以上項目を選択してください
[2025-04-15 17:02:32] [INFO] [SYSTEM] アプリケーション終了処理を開始します
[2025-04-15 17:02:32] [INFO] [SYSTEM] ExecutorServiceを終了しています
[2025-04-15 17:02:32] [INFO] [SYSTEM] 登録済みスレッドを終了しています
[2025-04-15 17:02:32] [INFO] [SYSTEM] アプリケーション終了処理が完了しました
