[2025-04-03 14:26:07] [INFO] [SYSTEM] ログシステムが正常に初期化されました
[2025-04-03 14:26:07] [INFO] [SYSTEM] ログシステムを初期化します
[2025-04-03 14:26:07] [INFO] [SYSTEM] シャットダウンフックを登録しました
[2025-04-03 14:26:07] [INFO] [SYSTEM] リソースマネージャーが正常に初期化されました
[2025-04-03 14:26:07] [INFO] [SYSTEM] リソースマネージャーを初期化しました
[2025-04-03 14:26:07] [INFO] [SYSTEM] メインフレームを初期化しました
[2025-04-03 14:26:07] [INFO] [SYSTEM] エンジニア一覧パネルを初期化しました
[2025-04-03 14:26:07] [INFO] [SYSTEM] 画面遷移コントローラーを初期化しました
[2025-04-03 14:26:07] [INFO] [SYSTEM] メインコントローラーを初期化しました
[2025-04-03 14:26:07] [INFO] [SYSTEM] エンジニアコントローラーを初期化しました
[2025-04-03 14:26:07] [INFO] [SYSTEM] アプリケーションを初期化しました
[2025-04-03 14:26:07] [INFO] [SYSTEM] スレッド 'AsyncTask-LoadData' を管理対象に登録しました
[2025-04-03 14:26:07] [INFO] [SYSTEM] イベントを処理しました: LOAD_DATA
[2025-04-03 14:26:07] [INFO] [SYSTEM] 非同期タスクを開始: LoadData
[2025-04-03 14:26:07] [INFO] [SYSTEM] エンジニアデータの読み込みを開始します
[2025-04-03 14:26:07] [INFO] [SYSTEM] Loaded 1 engineers.
[2025-04-03 14:26:07] [INFO] [SYSTEM] 非同期タスクが完了: LoadData
[2025-04-03 14:26:07] [INFO] [SYSTEM] アプリケーションの初期化が完了しました
[2025-04-03 14:26:07] [INFO] [SYSTEM] パネルを切り替えました: ListPanel
[2025-04-03 14:26:07] [INFO] [SYSTEM] 画面を切り替えました: LIST
[2025-04-03 14:26:07] [INFO] [SYSTEM] エンジニアデータを更新しました: 1件
[2025-04-03 14:26:07] [INFO] [SYSTEM] ビューを更新しました
[2025-04-03 14:26:07] [INFO] [SYSTEM] ビューを更新しました
[2025-04-03 14:26:35] [INFO] [SYSTEM] アプリケーション終了処理を開始します
[2025-04-03 14:26:35] [INFO] [SYSTEM] ExecutorServiceを終了しています
[2025-04-03 14:26:35] [INFO] [SYSTEM] 登録済みスレッドを終了しています
[2025-04-03 14:26:35] [INFO] [SYSTEM] アプリケーション終了処理が完了しました
[2025-04-03 14:26:35] [INFO] [SYSTEM] シャットダウンします
