[2025-04-10 10:09:32] [INFO] [SYSTEM] ログシステムが正常に初期化されました
[2025-04-10 10:09:32] [INFO] [SYSTEM] ログシステムを初期化します
[2025-04-10 10:09:32] [INFO] [SYSTEM] シャットダウンフックを登録しました
[2025-04-10 10:09:32] [INFO] [SYSTEM] リソースマネージャーが正常に初期化されました
[2025-04-10 10:09:32] [INFO] [SYSTEM] リソースマネージャーを初期化しました
[2025-04-10 10:09:33] [INFO] [SYSTEM] メインフレームを初期化しました
[2025-04-10 10:09:33] [INFO] [SYSTEM] エンジニア一覧パネルを初期化しました
[2025-04-10 10:09:33] [INFO] [SYSTEM] 画面遷移コントローラーを初期化しました
[2025-04-10 10:09:33] [INFO] [SYSTEM] メインコントローラーを初期化しました
[2025-04-10 10:09:33] [INFO] [SYSTEM] エンジニアコントローラーを初期化しました
[2025-04-10 10:09:33] [INFO] [SYSTEM] アプリケーションを初期化しました
[2025-04-10 10:09:33] [INFO] [SYSTEM] スレッド 'AsyncTask-LoadData' を管理対象に登録しました
[2025-04-10 10:09:33] [INFO] [SYSTEM] イベントを処理しました: LOAD_DATA
[2025-04-10 10:09:33] [INFO] [SYSTEM] 非同期タスクを開始: LoadData
[2025-04-10 10:09:33] [INFO] [SYSTEM] エンジニアデータの読み込みを開始します
[2025-04-10 10:09:33] [INFO] [SYSTEM] アクセススレッドを開始しました
[2025-04-10 10:09:33] [INFO] [SYSTEM] CSVファイル読み込み開始: src\data\engineers.csv
[2025-04-10 10:09:33] [INFO] [SYSTEM] CSVファイル読み込み完了: src\data\engineers.csv, 3行
[2025-04-10 10:09:33] [INFO] [SYSTEM] Loaded 3 engineers.
[2025-04-10 10:09:33] [INFO] [SYSTEM] 非同期タスクが完了: LoadData
[2025-04-10 10:09:33] [INFO] [SYSTEM] アプリケーションの初期化が完了しました
[2025-04-10 10:09:33] [INFO] [SYSTEM] パネルを切り替えました: ListPanel
[2025-04-10 10:09:33] [INFO] [SYSTEM] 画面を切り替えました: LIST
[2025-04-10 10:09:33] [INFO] [SYSTEM] エンジニアデータを更新しました: 3件
[2025-04-10 10:09:33] [INFO] [SYSTEM] ビューを更新しました
[2025-04-10 10:09:33] [INFO] [SYSTEM] ビューを更新しました
[2025-04-10 10:09:35] [INFO] [UI] 新規追加ボタンが押されました
[2025-04-10 10:09:35] [INFO] [SYSTEM] イベントを処理しました: CHANGE_PANEL
[2025-04-10 10:09:35] [INFO] [SYSTEM] AbstractEngineerPanelを初期化しました
[2025-04-10 10:09:35] [INFO] [UI] AddPanelを作成しました
[2025-04-10 10:09:35] [INFO] [UI] AddPanelを初期化しました
[2025-04-10 10:09:35] [INFO] [UI] AddPanelの初期化が完了しました
[2025-04-10 10:09:35] [INFO] [SYSTEM] パネルを切り替えました: AddPanel
[2025-04-10 10:09:35] [INFO] [SYSTEM] 画面を切り替えました: ADD
[2025-04-10 10:09:40] [INFO] [SYSTEM] アプリケーション終了処理を開始します
[2025-04-10 10:09:40] [INFO] [SYSTEM] ExecutorServiceを終了しています
[2025-04-10 10:09:40] [INFO] [SYSTEM] 登録済みスレッドを終了しています
[2025-04-10 10:09:40] [INFO] [SYSTEM] アプリケーション終了処理が完了しました
[2025-04-10 10:09:40] [INFO] [SYSTEM] シャットダウンします
[2025-04-10 10:41:32] [INFO] [SYSTEM] ログシステムが正常に初期化されました
[2025-04-10 10:41:32] [INFO] [SYSTEM] ログシステムを初期化します
[2025-04-10 10:41:32] [INFO] [SYSTEM] シャットダウンフックを登録しました
[2025-04-10 10:41:32] [INFO] [SYSTEM] リソースマネージャーが正常に初期化されました
[2025-04-10 10:41:32] [INFO] [SYSTEM] リソースマネージャーを初期化しました
[2025-04-10 10:41:32] [INFO] [SYSTEM] メインフレームを初期化しました
[2025-04-10 10:41:32] [INFO] [SYSTEM] エンジニア一覧パネルを初期化しました
[2025-04-10 10:41:32] [INFO] [SYSTEM] 画面遷移コントローラーを初期化しました
[2025-04-10 10:41:32] [INFO] [SYSTEM] メインコントローラーを初期化しました
[2025-04-10 10:41:32] [INFO] [SYSTEM] エンジニアコントローラーを初期化しました
[2025-04-10 10:41:32] [INFO] [SYSTEM] アプリケーションを初期化しました
[2025-04-10 10:41:32] [INFO] [SYSTEM] スレッド 'AsyncTask-LoadData' を管理対象に登録しました
[2025-04-10 10:41:32] [INFO] [SYSTEM] イベントを処理しました: LOAD_DATA
[2025-04-10 10:41:32] [INFO] [SYSTEM] 非同期タスクを開始: LoadData
[2025-04-10 10:41:32] [INFO] [SYSTEM] エンジニアデータの読み込みを開始します
[2025-04-10 10:41:32] [INFO] [SYSTEM] アクセススレッドを開始しました
[2025-04-10 10:41:32] [INFO] [SYSTEM] CSVファイル読み込み開始: src\data\engineers.csv
[2025-04-10 10:41:32] [INFO] [SYSTEM] CSVファイル読み込み完了: src\data\engineers.csv, 3行
[2025-04-10 10:41:32] [INFO] [SYSTEM] Loaded 3 engineers.
[2025-04-10 10:41:32] [INFO] [SYSTEM] 非同期タスクが完了: LoadData
[2025-04-10 10:41:33] [INFO] [SYSTEM] アプリケーションの初期化が完了しました
[2025-04-10 10:41:33] [INFO] [SYSTEM] パネルを切り替えました: ListPanel
[2025-04-10 10:41:33] [INFO] [SYSTEM] 画面を切り替えました: LIST
[2025-04-10 10:41:33] [INFO] [SYSTEM] エンジニアデータを更新しました: 3件
[2025-04-10 10:41:33] [INFO] [SYSTEM] ビューを更新しました
[2025-04-10 10:41:33] [INFO] [SYSTEM] ビューを更新しました
[2025-04-10 10:41:36] [INFO] [UI] 新規追加ボタンが押されました
[2025-04-10 10:41:36] [INFO] [SYSTEM] イベントを処理しました: CHANGE_PANEL
[2025-04-10 10:41:36] [INFO] [SYSTEM] AbstractEngineerPanelを初期化しました
[2025-04-10 10:41:36] [INFO] [UI] AddPanelを作成しました
[2025-04-10 10:41:36] [INFO] [UI] AddPanelを初期化しました
[2025-04-10 10:41:36] [INFO] [UI] AddPanelの初期化が完了しました
[2025-04-10 10:41:36] [INFO] [SYSTEM] パネルを切り替えました: AddPanel
[2025-04-10 10:41:36] [INFO] [SYSTEM] 画面を切り替えました: ADD
[2025-04-10 10:41:41] [WARNING] [UI] エラーメッセージを表示: *は必須項目になります。または20文字以内で入力してください
[2025-04-10 10:42:23] [INFO] [SYSTEM] アプリケーション終了処理を開始します
[2025-04-10 10:42:23] [INFO] [SYSTEM] ExecutorServiceを終了しています
[2025-04-10 10:42:23] [INFO] [SYSTEM] 登録済みスレッドを終了しています
[2025-04-10 10:42:23] [INFO] [SYSTEM] アプリケーション終了処理が完了しました
[2025-04-10 10:42:23] [INFO] [SYSTEM] シャットダウンします
