[2025-05-02 11:29:05] [INFO] [SYSTEM] ログシステムが正常に初期化されました
[2025-05-02 11:29:05] [INFO] [SYSTEM] ログシステムを初期化します
[2025-05-02 11:29:05] [INFO] [SYSTEM] シャットダウンフックを登録しました
[2025-05-02 11:29:05] [INFO] [SYSTEM] リソースマネージャーが正常に初期化されました
[2025-05-02 11:29:05] [INFO] [SYSTEM] リソースマネージャーを初期化しました
[2025-05-02 11:29:05] [INFO] [SYSTEM] メインフレームを初期化しました
[2025-05-02 11:29:06] [INFO] [UI] テーブルのダブルクリックイベントを設定しました
[2025-05-02 11:29:06] [INFO] [SYSTEM] エンジニア一覧画面を初期化しました
[2025-05-02 11:29:06] [INFO] [SYSTEM] 画面遷移コントローラーを初期化しました
[2025-05-02 11:29:06] [INFO] [SYSTEM] メインコントローラーを初期化しました
[2025-05-02 11:29:06] [INFO] [SYSTEM] エンジニアコントローラーを初期化しました
[2025-05-02 11:29:16] [INFO] [SYSTEM] アプリケーションを初期化しました
[2025-05-02 11:29:16] [INFO] [SYSTEM] スレッド 'AsyncTask-LoadData' を管理対象に登録しました
[2025-05-02 11:29:16] [INFO] [SYSTEM] イベントを処理しました: LOAD_DATA
[2025-05-02 11:29:16] [INFO] [SYSTEM] 非同期タスクを開始: LoadData
[2025-05-02 11:29:16] [INFO] [SYSTEM] エンジニアデータの読み込みを開始します
[2025-05-02 11:29:16] [INFO] [SYSTEM] アクセススレッドを開始しました
[2025-05-02 11:29:16] [INFO] [SYSTEM] CSVファイル読み込み開始: src\data\engineers.csv
[2025-05-02 11:29:16] [INFO] [SYSTEM] CSVファイル読み込み完了: src\data\engineers.csv, 5行
[2025-05-02 11:29:16] [INFO] [SYSTEM] Loaded 5 engineers.
[2025-05-02 11:29:16] [INFO] [SYSTEM] 非同期タスクが完了: LoadData
[2025-05-02 11:29:16] [INFO] [SYSTEM] アプリケーションの初期化が完了しました
[2025-05-02 11:29:16] [INFO] [SYSTEM] パネルを切り替えました: ListPanel
[2025-05-02 11:29:16] [INFO] [SYSTEM] 画面を切り替えました: LIST
[2025-05-02 11:29:17] [INFO] [SYSTEM] エンジニアデータを更新しました: 5件
[2025-05-02 11:29:17] [INFO] [SYSTEM] ビューを更新しました
[2025-05-02 11:29:17] [INFO] [SYSTEM] ビューを更新しました
[2025-05-02 11:29:28] [INFO] [SYSTEM] アクセススレッドを開始しました
[2025-05-02 11:29:28] [INFO] [SYSTEM] CSVファイル読み込み開始: src\data\engineers.csv
[2025-05-02 11:29:28] [INFO] [SYSTEM] CSVファイル読み込み完了: src\data\engineers.csv, 5行
[2025-05-02 11:29:28] [WARNING] [SYSTEM] DetailPanelへの参照取得に失敗しました
[2025-05-02 11:29:28] [INFO] [SYSTEM] イベントを処理しました: VIEW_DETAIL
[2025-05-02 11:29:28] [INFO] [UI] エンジニア詳細表示: ID=ID00003, 氏名=鈴木一郎
[2025-05-02 11:29:28] [INFO] [SYSTEM] AbstractEngineerPanelを初期化しました
[2025-05-02 11:29:28] [INFO] [UI] DetailPanelを作成しました
[2025-05-02 11:29:28] [INFO] [UI] DetailPanelを初期化しました
[2025-05-02 11:29:28] [INFO] [UI] DetailPanelの初期化が完了しました
[2025-05-02 11:29:28] [INFO] [SYSTEM] DetailPanelを作成しました
[2025-05-02 11:29:28] [INFO] [SYSTEM] パネルを切り替えました: DetailPanel
[2025-05-02 11:29:28] [INFO] [SYSTEM] 画面を切り替えました: DETAIL
[2025-05-02 11:30:07] [INFO] [SYSTEM] アプリケーション終了処理を開始します
[2025-05-02 11:30:07] [INFO] [SYSTEM] ExecutorServiceを終了しています
[2025-05-02 11:30:07] [INFO] [SYSTEM] 登録済みスレッドを終了しています
[2025-05-02 11:30:07] [INFO] [SYSTEM] アプリケーション終了処理が完了しました
[2025-05-02 11:30:07] [INFO] [SYSTEM] シャットダウンします
[2025-05-02 11:44:06] [INFO] [SYSTEM] ログシステムが正常に初期化されました
[2025-05-02 11:44:06] [INFO] [SYSTEM] ログシステムを初期化します
[2025-05-02 11:44:06] [INFO] [SYSTEM] シャットダウンフックを登録しました
[2025-05-02 11:44:06] [INFO] [SYSTEM] リソースマネージャーが正常に初期化されました
[2025-05-02 11:44:06] [INFO] [SYSTEM] リソースマネージャーを初期化しました
[2025-05-02 11:44:06] [INFO] [SYSTEM] メインフレームを初期化しました
[2025-05-02 11:44:06] [INFO] [UI] テーブルのダブルクリックイベントを設定しました
[2025-05-02 11:44:06] [INFO] [SYSTEM] エンジニア一覧画面を初期化しました
[2025-05-02 11:44:06] [INFO] [SYSTEM] 画面遷移コントローラーを初期化しました
[2025-05-02 11:44:06] [INFO] [SYSTEM] メインコントローラーを初期化しました
[2025-05-02 11:44:06] [INFO] [SYSTEM] エンジニアコントローラーを初期化しました
[2025-05-02 11:44:06] [INFO] [SYSTEM] アプリケーションを初期化しました
[2025-05-02 11:44:06] [INFO] [SYSTEM] スレッド 'AsyncTask-LoadData' を管理対象に登録しました
[2025-05-02 11:44:06] [INFO] [SYSTEM] イベントを処理しました: LOAD_DATA
[2025-05-02 11:44:06] [INFO] [SYSTEM] 非同期タスクを開始: LoadData
[2025-05-02 11:44:06] [INFO] [SYSTEM] エンジニアデータの読み込みを開始します
[2025-05-02 11:44:06] [INFO] [SYSTEM] アクセススレッドを開始しました
[2025-05-02 11:44:06] [INFO] [SYSTEM] CSVファイル読み込み開始: src\data\engineers.csv
[2025-05-02 11:44:06] [INFO] [SYSTEM] CSVファイル読み込み完了: src\data\engineers.csv, 5行
[2025-05-02 11:44:06] [INFO] [SYSTEM] Loaded 5 engineers.
[2025-05-02 11:44:06] [INFO] [SYSTEM] 非同期タスクが完了: LoadData
[2025-05-02 11:44:06] [INFO] [SYSTEM] アプリケーションの初期化が完了しました
[2025-05-02 11:44:06] [INFO] [SYSTEM] パネルを切り替えました: ListPanel
[2025-05-02 11:44:06] [INFO] [SYSTEM] 画面を切り替えました: LIST
[2025-05-02 11:44:07] [INFO] [SYSTEM] エンジニアデータを更新しました: 5件
[2025-05-02 11:44:07] [INFO] [SYSTEM] ビューを更新しました
[2025-05-02 11:44:07] [INFO] [SYSTEM] ビューを更新しました
[2025-05-02 11:44:11] [INFO] [SYSTEM] アクセススレッドを開始しました
[2025-05-02 11:44:11] [INFO] [SYSTEM] CSVファイル読み込み開始: src\data\engineers.csv
[2025-05-02 11:44:11] [INFO] [SYSTEM] CSVファイル読み込み完了: src\data\engineers.csv, 5行
[2025-05-02 11:44:11] [INFO] [SYSTEM] イベントを処理しました: VIEW_DETAIL
[2025-05-02 11:44:11] [INFO] [UI] エンジニア詳細表示: ID=ID00004, 氏名=田中次郎
[2025-05-02 11:44:11] [INFO] [SYSTEM] AbstractEngineerPanelを初期化しました
[2025-05-02 11:44:11] [INFO] [UI] DetailPanelを作成しました
[2025-05-02 11:44:11] [INFO] [UI] DetailPanelを初期化しました
[2025-05-02 11:44:11] [INFO] [UI] DetailPanelの初期化が完了しました
[2025-05-02 11:44:11] [INFO] [SYSTEM] DetailPanelを作成しました
[2025-05-02 11:44:11] [INFO] [SYSTEM] パネルを切り替えました: DetailPanel
[2025-05-02 11:44:17] [INFO] [UI] エンジニア情報を表示: ID=ID00004, 名前=田中次郎
[2025-05-02 11:44:17] [INFO] [SYSTEM] エンジニア詳細を表示: ID=ID00004
[2025-05-02 11:44:17] [INFO] [SYSTEM] 画面を切り替えました: DETAIL
[2025-05-02 11:45:19] [INFO] [SYSTEM] エンジニア情報の保存を開始します: ID=ID00004
[2025-05-02 11:45:19] [INFO] [SYSTEM] 保存処理の元パネルを記録: DetailPanel
[2025-05-02 11:45:19] [INFO] [SYSTEM] スレッド 'AsyncTask-SaveEngineer' を管理対象に登録しました
[2025-05-02 11:45:19] [INFO] [SYSTEM] イベントを処理しました: SAVE_DATA
[2025-05-02 11:45:19] [INFO] [UI] エンジニア更新処理を開始: ID=ID00004
[2025-05-02 11:45:19] [INFO] [SYSTEM] 非同期タスクを開始: SaveEngineer
[2025-05-02 11:45:19] [INFO] [SYSTEM] アクセススレッドを開始しました
[2025-05-02 11:45:19] [INFO] [SYSTEM] CSVファイル読み込み開始: src\data\engineers.csv
[2025-05-02 11:45:19] [INFO] [SYSTEM] CSVファイル読み込み完了: src\data\engineers.csv, 5行
[2025-05-02 11:45:19] [INFO] [SYSTEM] アクセススレッドを開始しました
[2025-05-02 11:45:19] [INFO] [SYSTEM] CSVファイル読み込み開始: src\data\engineers.csv
[2025-05-02 11:45:19] [INFO] [SYSTEM] CSVファイル読み込み完了: src\data\engineers.csv, 5行
[2025-05-02 11:45:19] [INFO] [SYSTEM] アクセススレッドを開始しました
[2025-05-02 11:45:19] [INFO] [SYSTEM] CSVファイル書き込み開始: src\data\engineers.csv
[2025-05-02 11:45:19] [INFO] [SYSTEM] CSVファイル書き込み完了: src\data\engineers.csv, 6行
[2025-05-02 11:45:19] [INFO] [SYSTEM] エンジニア情報を更新しました: ID=ID00004, 名前=田中次郎
[2025-05-02 11:45:19] [INFO] [SYSTEM] Added engineer with ID ID00004 and name 田中次郎
[2025-05-02 11:45:19] [INFO] [SYSTEM] エンジニア情報の更新処理を実行: ID=ID00004
[2025-05-02 11:45:19] [INFO] [SYSTEM] エンジニア情報の保存に成功しました: ID=ID00004
[2025-05-02 11:45:19] [INFO] [SYSTEM] DetailPanelの完了処理を呼び出します: ID00004
[2025-05-02 11:45:19] [INFO] [SYSTEM] 非同期タスクが完了: SaveEngineer
[2025-05-02 11:45:19] [INFO] [SYSTEM] DetailPanel.handleUpdateComplete開始: ID=ID00004
[2025-05-02 11:45:19] [INFO] [SYSTEM] 処理中状態を解除しました
[2025-05-02 11:45:19] [INFO] [SYSTEM] 更新完了ダイアログを表示します: ID=ID00004
[2025-05-02 11:45:19] [INFO] [SYSTEM] スレッド 'AsyncTask-LoadData' を管理対象に登録しました
[2025-05-02 11:45:19] [INFO] [SYSTEM] イベントを処理しました: LOAD_DATA
[2025-05-02 11:45:19] [INFO] [SYSTEM] 非同期タスクを開始: LoadData
[2025-05-02 11:45:19] [INFO] [SYSTEM] エンジニアデータの読み込みを開始します
[2025-05-02 11:45:19] [INFO] [SYSTEM] イベントを処理しました: CHANGE_PANEL
[2025-05-02 11:45:19] [INFO] [SYSTEM] 一覧画面に遷移します
[2025-05-02 11:45:19] [INFO] [SYSTEM] アクセススレッドを開始しました
[2025-05-02 11:45:19] [INFO] [SYSTEM] DetailPanel.handleUpdateComplete完了: ID=ID00004
[2025-05-02 11:45:19] [INFO] [SYSTEM] CSVファイル読み込み開始: src\data\engineers.csv
[2025-05-02 11:45:19] [INFO] [SYSTEM] ビューを更新しました
[2025-05-02 11:45:19] [INFO] [SYSTEM] ビューを更新しました
[2025-05-02 11:45:19] [INFO] [SYSTEM] DetailPanelの処理状態をリセットしました
[2025-05-02 11:45:19] [INFO] [SYSTEM] CSVファイル読み込み完了: src\data\engineers.csv, 5行
[2025-05-02 11:45:19] [INFO] [SYSTEM] Loaded 5 engineers.
[2025-05-02 11:45:19] [INFO] [SYSTEM] 非同期タスクが完了: LoadData
[2025-05-02 11:45:19] [INFO] [SYSTEM] パネルを切り替えました: ListPanel
[2025-05-02 11:45:19] [INFO] [SYSTEM] 画面を切り替えました: LIST
[2025-05-02 11:45:19] [INFO] [SYSTEM] エンジニアデータを更新しました: 5件
[2025-05-02 11:45:19] [INFO] [SYSTEM] ビューを更新しました
[2025-05-02 11:45:19] [INFO] [SYSTEM] ビューを更新しました
[2025-05-02 11:45:54] [INFO] [SYSTEM] アクセススレッドを開始しました
[2025-05-02 11:45:54] [INFO] [SYSTEM] CSVファイル読み込み開始: src\data\engineers.csv
[2025-05-02 11:45:54] [INFO] [SYSTEM] CSVファイル読み込み完了: src\data\engineers.csv, 5行
[2025-05-02 11:45:54] [INFO] [SYSTEM] イベントを処理しました: VIEW_DETAIL
[2025-05-02 11:45:54] [INFO] [UI] エンジニア詳細表示: ID=ID00004, 氏名=田中次郎
[2025-05-02 11:45:54] [INFO] [SYSTEM] パネルを切り替えました: DetailPanel
[2025-05-02 11:45:54] [INFO] [UI] エンジニア情報を表示: ID=ID00004, 名前=田中次郎
[2025-05-02 11:45:54] [INFO] [SYSTEM] エンジニア詳細を表示: ID=ID00004
[2025-05-02 11:45:54] [INFO] [SYSTEM] 画面を切り替えました: DETAIL
[2025-05-02 11:46:38] [INFO] [SYSTEM] エンジニア情報の保存を開始します: ID=ID00004
[2025-05-02 11:46:38] [INFO] [SYSTEM] 保存処理の元パネルを記録: DetailPanel
[2025-05-02 11:46:38] [INFO] [SYSTEM] スレッド 'AsyncTask-SaveEngineer' を管理対象に登録しました
[2025-05-02 11:46:38] [INFO] [SYSTEM] イベントを処理しました: SAVE_DATA
[2025-05-02 11:46:38] [INFO] [UI] エンジニア更新処理を開始: ID=ID00004
[2025-05-02 11:46:38] [INFO] [SYSTEM] 非同期タスクを開始: SaveEngineer
[2025-05-02 11:46:38] [INFO] [SYSTEM] アクセススレッドを開始しました
[2025-05-02 11:46:38] [INFO] [SYSTEM] CSVファイル読み込み開始: src\data\engineers.csv
[2025-05-02 11:46:38] [INFO] [SYSTEM] CSVファイル読み込み完了: src\data\engineers.csv, 5行
[2025-05-02 11:46:38] [INFO] [SYSTEM] アクセススレッドを開始しました
[2025-05-02 11:46:38] [INFO] [SYSTEM] CSVファイル読み込み開始: src\data\engineers.csv
[2025-05-02 11:46:38] [INFO] [SYSTEM] CSVファイル読み込み完了: src\data\engineers.csv, 5行
[2025-05-02 11:46:38] [INFO] [SYSTEM] アクセススレッドを開始しました
[2025-05-02 11:46:38] [INFO] [SYSTEM] CSVファイル書き込み開始: src\data\engineers.csv
[2025-05-02 11:46:38] [INFO] [SYSTEM] CSVファイル書き込み完了: src\data\engineers.csv, 6行
[2025-05-02 11:46:38] [INFO] [SYSTEM] エンジニア情報を更新しました: ID=ID00004, 名前=田中次郎太
[2025-05-02 11:46:38] [INFO] [SYSTEM] Added engineer with ID ID00004 and name 田中次郎太
[2025-05-02 11:46:38] [INFO] [SYSTEM] エンジニア情報の更新処理を実行: ID=ID00004
[2025-05-02 11:46:38] [INFO] [SYSTEM] エンジニア情報の保存に成功しました: ID=ID00004
[2025-05-02 11:46:38] [INFO] [SYSTEM] 非同期タスクが完了: SaveEngineer
[2025-05-02 11:46:38] [INFO] [SYSTEM] DetailPanelの完了処理を呼び出します: ID00004
[2025-05-02 11:46:38] [INFO] [SYSTEM] DetailPanel.handleUpdateComplete開始: ID=ID00004
[2025-05-02 11:46:38] [INFO] [SYSTEM] 処理中状態を解除しました
[2025-05-02 11:46:38] [INFO] [SYSTEM] 更新完了ダイアログを表示します: ID=ID00004
[2025-05-02 11:46:38] [INFO] [SYSTEM] スレッド 'AsyncTask-LoadData' を管理対象に登録しました
[2025-05-02 11:46:38] [INFO] [SYSTEM] イベントを処理しました: LOAD_DATA
[2025-05-02 11:46:38] [INFO] [SYSTEM] 非同期タスクを開始: LoadData
[2025-05-02 11:46:38] [INFO] [SYSTEM] エンジニアデータの読み込みを開始します
[2025-05-02 11:46:38] [INFO] [SYSTEM] イベントを処理しました: CHANGE_PANEL
[2025-05-02 11:46:38] [INFO] [SYSTEM] アクセススレッドを開始しました
[2025-05-02 11:46:38] [INFO] [SYSTEM] 一覧画面に遷移します
[2025-05-02 11:46:38] [INFO] [SYSTEM] DetailPanel.handleUpdateComplete完了: ID=ID00004
[2025-05-02 11:46:38] [INFO] [SYSTEM] CSVファイル読み込み開始: src\data\engineers.csv
[2025-05-02 11:46:38] [INFO] [SYSTEM] ビューを更新しました
[2025-05-02 11:46:38] [INFO] [SYSTEM] ビューを更新しました
[2025-05-02 11:46:38] [INFO] [SYSTEM] DetailPanelの処理状態をリセットしました
[2025-05-02 11:46:38] [INFO] [SYSTEM] CSVファイル読み込み完了: src\data\engineers.csv, 5行
[2025-05-02 11:46:38] [INFO] [SYSTEM] Loaded 5 engineers.
[2025-05-02 11:46:38] [INFO] [SYSTEM] 非同期タスクが完了: LoadData
[2025-05-02 11:46:38] [INFO] [SYSTEM] パネルを切り替えました: ListPanel
[2025-05-02 11:46:38] [INFO] [SYSTEM] 画面を切り替えました: LIST
[2025-05-02 11:46:38] [INFO] [SYSTEM] エンジニアデータを更新しました: 5件
[2025-05-02 11:46:38] [INFO] [SYSTEM] ビューを更新しました
[2025-05-02 11:46:38] [INFO] [SYSTEM] ビューを更新しました
[2025-05-02 11:46:41] [INFO] [SYSTEM] アクセススレッドを開始しました
[2025-05-02 11:46:41] [INFO] [SYSTEM] CSVファイル読み込み開始: src\data\engineers.csv
[2025-05-02 11:46:41] [INFO] [SYSTEM] CSVファイル読み込み完了: src\data\engineers.csv, 5行
[2025-05-02 11:46:41] [INFO] [SYSTEM] イベントを処理しました: VIEW_DETAIL
[2025-05-02 11:46:41] [INFO] [UI] エンジニア詳細表示: ID=ID00004, 氏名=田中次郎太
[2025-05-02 11:46:41] [INFO] [SYSTEM] パネルを切り替えました: DetailPanel
[2025-05-02 11:46:41] [INFO] [UI] エンジニア情報を表示: ID=ID00004, 名前=田中次郎太
[2025-05-02 11:46:41] [INFO] [SYSTEM] エンジニア詳細を表示: ID=ID00004
[2025-05-02 11:46:41] [INFO] [SYSTEM] 画面を切り替えました: DETAIL
[2025-05-02 11:47:27] [INFO] [SYSTEM] アプリケーション終了処理を開始します
[2025-05-02 11:47:27] [INFO] [SYSTEM] ExecutorServiceを終了しています
[2025-05-02 11:47:27] [INFO] [SYSTEM] 登録済みスレッドを終了しています
[2025-05-02 11:47:27] [INFO] [SYSTEM] アプリケーション終了処理が完了しました
[2025-05-02 11:47:27] [INFO] [SYSTEM] シャットダウンします
